#
# A fatal error has been detected by the Java Runtime Environment:
#
#  EXCEPTION_ACCESS_VIOLATION (0xc0000005) at pc=0x000000006d58f1c7, pid=5936, tid=7608
#
# JRE version: Java(TM) SE Runtime Environment (8.0_71-b15) (build 1.8.0_71-b15)
# Java VM: Java HotSpot(TM) 64-Bit Server VM (25.71-b15 mixed mode windows-amd64 compressed oops)
# Problematic frame:
# C  [sqlite-3.8.11.2-63abe721-9cf4-4864-93e6-a8c4d6b0bb89-sqlitejdbc.dll+0xf1c7]
#
# Failed to write core dump. Minidumps are not enabled by default on client versions of Windows
#
# If you would like to submit a bug report, please visit:
#   http://bugreport.java.com/bugreport/crash.jsp
# The crash happened outside the Java Virtual Machine in native code.
# See problematic frame for where to report the bug.
#

---------------  T H R E A D  ---------------

Current thread (0x0000000014cda800):  JavaThread "RMI TCP Connection(4)-192.168.1.10" daemon [_thread_in_native, id=7608, stack(0x0000000018180000,0x0000000018280000)]

siginfo: ExceptionCode=0xc0000005, reading address 0xffffffffffffffff

Registers:
RAX=0x0000000000000000, RBX=0x000000000037db33, RCX=0x000000000037db33, RDX=0x73726573555c3a43
RSP=0x000000001827c590, RBP=0x000000001827c7a8, RSI=0x00000000145b5658, RDI=0x00000000000002d8
R8 =0x000000000037d7b0, R9 =0x0000000000000000, R10=0x000000000273433f, R11=0x00000000508d9530
R12=0x0000000000000000, R13=0x000000001472af20, R14=0x000000001827c7e0, R15=0x0000000014cda800
RIP=0x000000006d58f1c7, EFLAGS=0x0000000000010202

Top of Stack: (sp=0x000000001827c590)
0x000000001827c590:   0000000000000bad 0000000000000bad
0x000000001827c5a0:   00000000164cea60 0000000000000001
0x000000001827c5b0:   0000000014cda800 00000000508c9312
0x000000001827c5c0:   00000000174f2580 0000000000000000
0x000000001827c5d0:   0000000000000000 00000000164cea60
0x000000001827c5e0:   00000000174f8c88 00000000508caaae
0x000000001827c5f0:   0000000014cda800 0000000000000000
0x000000001827c600:   000000001472af20 000007fe00000001
0x000000001827c610:   0000000000000005 0000000014cda800
0x000000001827c620:   000000001827c701 00000000162c3cc0
0x000000001827c630:   0000000014cda800 000000000037db33
0x000000001827c640:   00000000000002d8 000000006d58f348
0x000000001827c650:   00000000eafc1750 00000000c0061838
0x000000001827c660:   0000000000000001 00000000eb6f1e20
0x000000001827c670:   000000000037f3d8 00000000145b5658
0x000000001827c680:   00000000000002d8 000000006d59948f 

Instructions: (pc=0x000000006d58f1c7)
0x000000006d58f1a7:   ff ff ff 66 0f 1f 44 00 00 57 53 48 81 ec a8 00
0x000000006d58f1b7:   00 00 31 c0 48 85 d2 48 89 cb 0f 84 b5 00 00 00
0x000000006d58f1c7:   4c 8b 52 28 4d 85 d2 0f 84 a8 00 00 00 4c 8d 44
0x000000006d58f1d7:   24 20 31 c0 b9 07 00 00 00 4c 8d 4c 24 60 4c 89 


Register to memory mapping:

RAX=0x0000000000000000 is an unknown value
RBX=0x000000000037db33 is an unknown value
RCX=0x000000000037db33 is an unknown value
RDX=0x73726573555c3a43 is an unknown value
RSP=0x000000001827c590 is pointing into the stack for thread: 0x0000000014cda800
RBP=0x000000001827c7a8 is pointing into the stack for thread: 0x0000000014cda800
RSI=0x00000000145b5658 is pointing into metadata
RDI=0x00000000000002d8 is an unknown value
R8 =0x000000000037d7b0 is an unknown value
R9 =0x0000000000000000 is an unknown value
R10=0x000000000273433f is at code_begin+1215 in an Interpreter codelet
method entry point (kind = native_synchronized)  [0x0000000002733e80, 0x0000000002734940]  2752 bytes
R11=0x00000000508d9530 is an unknown value
R12=0x0000000000000000 is an unknown value
R13={method} {0x000000001472af28} 'column_int' '(JI)I' in 'org/sqlite/core/NativeDB'
R14=0x000000001827c7e0 is pointing into the stack for thread: 0x0000000014cda800
R15=0x0000000014cda800 is a thread


Stack: [0x0000000018180000,0x0000000018280000],  sp=0x000000001827c590,  free space=1009k
Native frames: (J=compiled Java code, j=interpreted, Vv=VM code, C=native code)
C  [sqlite-3.8.11.2-63abe721-9cf4-4864-93e6-a8c4d6b0bb89-sqlitejdbc.dll+0xf1c7]
C  [sqlite-3.8.11.2-63abe721-9cf4-4864-93e6-a8c4d6b0bb89-sqlitejdbc.dll+0xf348]
C  [sqlite-3.8.11.2-63abe721-9cf4-4864-93e6-a8c4d6b0bb89-sqlitejdbc.dll+0x1948f]
C  [sqlite-3.8.11.2-63abe721-9cf4-4864-93e6-a8c4d6b0bb89-sqlitejdbc.dll+0x195ae]
C  0x000000000273436b

Java frames: (J=compiled Java code, j=interpreted, Vv=VM code)
j  org.sqlite.core.NativeDB.column_int(JI)I+0
j  org.sqlite.jdbc3.JDBC3ResultSet.getInt(I)I+16
j  org.sqlite.jdbc3.JDBC3ResultSet.getInt(Ljava/lang/String;)I+6
j  server.WordsDatabase.getHelp(Ljava/lang/String;)[Ljava/lang/String;+62
j  server.ServerWG.getHelp(Ljava/lang/String;)[Ljava/lang/String;+5
v  ~StubRoutines::call_stub
j  sun.reflect.NativeMethodAccessorImpl.invoke0(Ljava/lang/reflect/Method;Ljava/lang/Object;[Ljava/lang/Object;)Ljava/lang/Object;+0
j  sun.reflect.NativeMethodAccessorImpl.invoke(Ljava/lang/Object;[Ljava/lang/Object;)Ljava/lang/Object;+100
J 663 C1 sun.reflect.DelegatingMethodAccessorImpl.invoke(Ljava/lang/Object;[Ljava/lang/Object;)Ljava/lang/Object; (10 bytes) @ 0x00000000029934c4 [0x00000000029933c0+0x104]
J 662 C1 java.lang.reflect.Method.invoke(Ljava/lang/Object;[Ljava/lang/Object;)Ljava/lang/Object; (62 bytes) @ 0x0000000002992edc [0x0000000002992b00+0x3dc]
J 672 C1 sun.rmi.server.UnicastServerRef.dispatch(Ljava/rmi/Remote;Ljava/rmi/server/RemoteCall;)V (444 bytes) @ 0x0000000002998fd4 [0x0000000002998320+0xcb4]
J 669 C1 sun.rmi.transport.Transport$1.run()Ljava/lang/Object; (5 bytes) @ 0x000000000299ca7c [0x000000000299c8a0+0x1dc]
v  ~StubRoutines::call_stub
J 621  java.security.AccessController.doPrivileged(Ljava/security/PrivilegedExceptionAction;Ljava/security/AccessControlContext;)Ljava/lang/Object; (0 bytes) @ 0x0000000002962aa6 [0x0000000002962a40+0x66]
J 635 C1 sun.rmi.transport.Transport.serviceCall(Ljava/rmi/server/RemoteCall;)Z (380 bytes) @ 0x000000000296cba4 [0x000000000296aaa0+0x2104]
j  sun.rmi.transport.tcp.TCPTransport.handleMessages(Lsun/rmi/transport/Connection;Z)V+185
j  sun.rmi.transport.tcp.TCPTransport$ConnectionHandler.run0()V+685
j  sun.rmi.transport.tcp.TCPTransport$ConnectionHandler.lambda$run$256()Ljava/lang/Void;+1
j  sun.rmi.transport.tcp.TCPTransport$ConnectionHandler$$Lambda$1.run()Ljava/lang/Object;+4
v  ~StubRoutines::call_stub
j  java.security.AccessController.doPrivileged(Ljava/security/PrivilegedAction;Ljava/security/AccessControlContext;)Ljava/lang/Object;+0
j  sun.rmi.transport.tcp.TCPTransport$ConnectionHandler.run()V+58
j  java.util.concurrent.ThreadPoolExecutor.runWorker(Ljava/util/concurrent/ThreadPoolExecutor$Worker;)V+95
j  java.util.concurrent.ThreadPoolExecutor$Worker.run()V+5
j  java.lang.Thread.run()V+11
v  ~StubRoutines::call_stub

---------------  P R O C E S S  ---------------

Java Threads: ( => current thread )
=>0x0000000014cda800 JavaThread "RMI TCP Connection(4)-192.168.1.10" daemon [_thread_in_native, id=7608, stack(0x0000000018180000,0x0000000018280000)]
  0x00000000164d0800 JavaThread "RMI TCP Connection(5)-192.168.1.10" daemon [_thread_in_native, id=8088, stack(0x0000000018000000,0x0000000018100000)]
  0x000000000211d800 JavaThread "DestroyJavaVM" [_thread_blocked, id=5760, stack(0x0000000002350000,0x0000000002450000)]
  0x00000000164ce000 JavaThread "RMI TCP Connection(idle)" daemon [_thread_blocked, id=7324, stack(0x0000000017eb0000,0x0000000017fb0000)]
  0x00000000164cd800 JavaThread "RMI RenewClean-[192.168.1.10:62152]" daemon [_thread_blocked, id=7840, stack(0x0000000017d50000,0x0000000017e50000)]
  0x0000000016347000 JavaThread "RMI Scheduler(0)" daemon [_thread_blocked, id=6152, stack(0x0000000016b10000,0x0000000016c10000)]
  0x000000001634d000 JavaThread "RMI TCP Connection(6)-192.168.1.10" daemon [_thread_in_native, id=5232, stack(0x0000000017390000,0x0000000017490000)]
  0x00000000162b9000 JavaThread "GC Daemon" daemon [_thread_blocked, id=5648, stack(0x00000000171b0000,0x00000000172b0000)]
  0x00000000162b8800 JavaThread "RMI Reaper" [_thread_blocked, id=4440, stack(0x0000000016fb0000,0x00000000170b0000)]
  0x00000000162b1800 JavaThread "RMI TCP Accept-0" daemon [_thread_in_native, id=7112, stack(0x0000000016da0000,0x0000000016ea0000)]
  0x000000001629c000 JavaThread "RMI TCP Accept-1099" daemon [_thread_in_native, id=6880, stack(0x0000000016620000,0x0000000016720000)]
  0x0000000014cfe000 JavaThread "Service Thread" daemon [_thread_blocked, id=7712, stack(0x0000000016510000,0x0000000016610000)]
  0x0000000014cb6800 JavaThread "C1 CompilerThread1" daemon [_thread_blocked, id=4864, stack(0x0000000015ed0000,0x0000000015fd0000)]
  0x0000000014c9b000 JavaThread "C2 CompilerThread0" daemon [_thread_blocked, id=5140, stack(0x0000000015ff0000,0x00000000160f0000)]
  0x0000000014c99000 JavaThread "Attach Listener" daemon [_thread_blocked, id=6448, stack(0x0000000015bd0000,0x0000000015cd0000)]
  0x0000000014c9f800 JavaThread "Signal Dispatcher" daemon [_thread_blocked, id=6992, stack(0x0000000015d10000,0x0000000015e10000)]
  0x0000000014c3b800 JavaThread "Finalizer" daemon [_thread_blocked, id=6564, stack(0x0000000015870000,0x0000000015970000)]
  0x0000000014c34800 JavaThread "Reference Handler" daemon [_thread_blocked, id=4208, stack(0x0000000015990000,0x0000000015a90000)]

Other Threads:
  0x0000000014c2c800 VMThread [stack: 0x0000000015730000,0x0000000015830000] [id=5944]
  0x0000000014cff800 WatcherThread [stack: 0x00000000167e0000,0x00000000168e0000] [id=8108]

VM state:not at safepoint (normal execution)

VM Mutex/Monitor currently owned by a thread: None

Heap:
 PSYoungGen      total 18944K, used 12252K [0x00000000eab00000, 0x00000000ec000000, 0x0000000100000000)
  eden space 16384K, 74% used [0x00000000eab00000,0x00000000eb6f7150,0x00000000ebb00000)
  from space 2560K, 0% used [0x00000000ebb00000,0x00000000ebb00000,0x00000000ebd80000)
  to   space 2560K, 0% used [0x00000000ebd80000,0x00000000ebd80000,0x00000000ec000000)
 ParOldGen       total 44032K, used 770K [0x00000000c0000000, 0x00000000c2b00000, 0x00000000eab00000)
  object space 44032K, 1% used [0x00000000c0000000,0x00000000c00c09b8,0x00000000c2b00000)
 Metaspace       used 7655K, capacity 7810K, committed 7936K, reserved 1056768K
  class space    used 899K, capacity 965K, committed 1024K, reserved 1048576K

Card table byte_map: [0x0000000011ae0000,0x0000000011cf0000] byte_map_base: 0x00000000114e0000

Marking Bits: (ParMarkBitMap*) 0x0000000050ebf600
 Begin Bits: [0x0000000012100000, 0x0000000013100000)
 End Bits:   [0x0000000013100000, 0x0000000014100000)

Polling page: 0x0000000000320000

CodeCache: size=245760Kb used=2619Kb max_used=2624Kb free=243140Kb
 bounds [0x0000000002720000, 0x00000000029c0000, 0x0000000011720000]
 total_blobs=1027 nmethods=704 adapters=238
 compilation: enabled

Compilation events (10 events):
Event: 64.991 Thread 0x0000000014c9b000  699       4       java.io.Bits::putInt (36 bytes)
Event: 64.993 Thread 0x0000000014c9b000 nmethod 699 0x00000000029aa1d0 code [0x00000000029aa300, 0x00000000029aa3d8]
Event: 67.415 Thread 0x0000000014c9b000  700   !   4       java.net.AbstractPlainSocketImpl::releaseFD (74 bytes)
Event: 67.417 Thread 0x0000000014c9b000 nmethod 700 0x00000000029b0a10 code [0x00000000029b0b40, 0x00000000029b0d98]
Event: 70.656 Thread 0x0000000014cb6800  701       3       java.io.File::isInvalid (47 bytes)
Event: 70.657 Thread 0x0000000014cb6800 nmethod 701 0x00000000029b0350 code [0x00000000029b04e0, 0x00000000029b0908]
Event: 70.786 Thread 0x0000000014cb6800  702       3       java.lang.ref.Finalizer::register (10 bytes)
Event: 70.787 Thread 0x0000000014cb6800 nmethod 702 0x00000000029afbd0 code [0x00000000029afd60, 0x00000000029b0188]
Event: 70.787 Thread 0x0000000014cb6800  703       3       java.lang.ref.Finalizer::<init> (23 bytes)
Event: 70.787 Thread 0x0000000014cb6800 nmethod 703 0x00000000029ac510 code [0x00000000029ac6a0, 0x00000000029aca08]

GC Heap History (4 events):
Event: 0.524 GC heap before
{Heap before GC invocations=1 (full 0):
 PSYoungGen      total 18944K, used 4301K [0x00000000eab00000, 0x00000000ec000000, 0x0000000100000000)
  eden space 16384K, 26% used [0x00000000eab00000,0x00000000eaf33618,0x00000000ebb00000)
  from space 2560K, 0% used [0x00000000ebd80000,0x00000000ebd80000,0x00000000ec000000)
  to   space 2560K, 0% used [0x00000000ebb00000,0x00000000ebb00000,0x00000000ebd80000)
 ParOldGen       total 44032K, used 0K [0x00000000c0000000, 0x00000000c2b00000, 0x00000000eab00000)
  object space 44032K, 0% used [0x00000000c0000000,0x00000000c0000000,0x00000000c2b00000)
 Metaspace       used 5051K, capacity 5142K, committed 5248K, reserved 1056768K
  class space    used 588K, capacity 625K, committed 640K, reserved 1048576K
Event: 0.529 GC heap after
Heap after GC invocations=1 (full 0):
 PSYoungGen      total 18944K, used 835K [0x00000000eab00000, 0x00000000ec000000, 0x0000000100000000)
  eden space 16384K, 0% used [0x00000000eab00000,0x00000000eab00000,0x00000000ebb00000)
  from space 2560K, 32% used [0x00000000ebb00000,0x00000000ebbd0e28,0x00000000ebd80000)
  to   space 2560K, 0% used [0x00000000ebd80000,0x00000000ebd80000,0x00000000ec000000)
 ParOldGen       total 44032K, used 8K [0x00000000c0000000, 0x00000000c2b00000, 0x00000000eab00000)
  object space 44032K, 0% used [0x00000000c0000000,0x00000000c0002000,0x00000000c2b00000)
 Metaspace       used 5051K, capacity 5142K, committed 5248K, reserved 1056768K
  class space    used 588K, capacity 625K, committed 640K, reserved 1048576K
}
Event: 0.529 GC heap before
{Heap before GC invocations=2 (full 1):
 PSYoungGen      total 18944K, used 835K [0x00000000eab00000, 0x00000000ec000000, 0x0000000100000000)
  eden space 16384K, 0% used [0x00000000eab00000,0x00000000eab00000,0x00000000ebb00000)
  from space 2560K, 32% used [0x00000000ebb00000,0x00000000ebbd0e28,0x00000000ebd80000)
  to   space 2560K, 0% used [0x00000000ebd80000,0x00000000ebd80000,0x00000000ec000000)
 ParOldGen       total 44032K, used 8K [0x00000000c0000000, 0x00000000c2b00000, 0x00000000eab00000)
  object space 44032K, 0% used [0x00000000c0000000,0x00000000c0002000,0x00000000c2b00000)
 Metaspace       used 5051K, capacity 5142K, committed 5248K, reserved 1056768K
  class space    used 588K, capacity 625K, committed 640K, reserved 1048576K
Event: 0.541 GC heap after
Heap after GC invocations=2 (full 1):
 PSYoungGen      total 18944K, used 0K [0x00000000eab00000, 0x00000000ec000000, 0x0000000100000000)
  eden space 16384K, 0% used [0x00000000eab00000,0x00000000eab00000,0x00000000ebb00000)
  from space 2560K, 0% used [0x00000000ebb00000,0x00000000ebb00000,0x00000000ebd80000)
  to   space 2560K, 0% used [0x00000000ebd80000,0x00000000ebd80000,0x00000000ec000000)
 ParOldGen       total 44032K, used 770K [0x00000000c0000000, 0x00000000c2b00000, 0x00000000eab00000)
  object space 44032K, 1% used [0x00000000c0000000,0x00000000c00c09b8,0x00000000c2b00000)
 Metaspace       used 5051K, capacity 5142K, committed 5248K, reserved 1056768K
  class space    used 588K, capacity 625K, committed 640K, reserved 1048576K
}

Deoptimization events (1 events):
Event: 0.855 Thread 0x000000000211d800 Uncommon trap: reason=unstable_if action=reinterpret pc=0x00000000028b53e8 method=org.sqlite.SQLiteJDBCLoader.contentsEquals(Ljava/io/InputStream;Ljava/io/InputStream;)Z @ 39

Internal exceptions (10 events):
Event: 0.480 Thread 0x000000000211d800 Exception <a 'java/security/PrivilegedActionException'> (0x00000000eae18828) thrown at [C:\re\workspace\8-2-build-windows-amd64-cygwin\jdk8u71\5731\hotspot\src\share\vm\prims\jvm.cpp, line 1386]
Event: 0.480 Thread 0x000000000211d800 Exception <a 'java/security/PrivilegedActionException'> (0x00000000eae18c20) thrown at [C:\re\workspace\8-2-build-windows-amd64-cygwin\jdk8u71\5731\hotspot\src\share\vm\prims\jvm.cpp, line 1386]
Event: 0.480 Thread 0x000000000211d800 Exception <a 'java/security/PrivilegedActionException'> (0x00000000eae1c9b0) thrown at [C:\re\workspace\8-2-build-windows-amd64-cygwin\jdk8u71\5731\hotspot\src\share\vm\prims\jvm.cpp, line 1386]
Event: 0.480 Thread 0x000000000211d800 Exception <a 'java/security/PrivilegedActionException'> (0x00000000eae1cda8) thrown at [C:\re\workspace\8-2-build-windows-amd64-cygwin\jdk8u71\5731\hotspot\src\share\vm\prims\jvm.cpp, line 1386]
Event: 1.001 Thread 0x000000001634d000 Exception <a 'java/lang/NoSuchFieldError': method resolution failed> (0x00000000eae06ee8) thrown at [C:\re\workspace\8-2-build-windows-amd64-cygwin\jdk8u71\5731\hotspot\src\share\vm\prims\methodHandles.cpp, line 1146]
Event: 1.020 Thread 0x000000001634d000 Exception <a 'java/lang/NoSuchFieldError': method resolution failed> (0x00000000eae14288) thrown at [C:\re\workspace\8-2-build-windows-amd64-cygwin\jdk8u71\5731\hotspot\src\share\vm\prims\methodHandles.cpp, line 1146]
Event: 1.124 Thread 0x000000001634d000 Exception <a 'java/lang/NoSuchMethodError': <clinit>> (0x00000000eaea0160) thrown at [C:\re\workspace\8-2-build-windows-amd64-cygwin\jdk8u71\5731\hotspot\src\share\vm\prims\jni.cpp, line 1591]
Event: 1.128 Thread 0x000000001634d000 Exception <a 'java/lang/NoSuchMethodError': <clinit>> (0x00000000eaf42558) thrown at [C:\re\workspace\8-2-build-windows-amd64-cygwin\jdk8u71\5731\hotspot\src\share\vm\prims\jni.cpp, line 1591]
Event: 1.135 Thread 0x00000000164cd800 Exception <a 'java/lang/InterruptedException'> (0x00000000eaf61640) thrown at [C:\re\workspace\8-2-build-windows-amd64-cygwin\jdk8u71\5731\hotspot\src\share\vm\runtime\objectMonitor.cpp, line 1683]
Event: 70.788 Thread 0x000000001634d000 Exception <a 'java/lang/NoSuchMethodError': <clinit>> (0x00000000eaf5b260) thrown at [C:\re\workspace\8-2-build-windows-amd64-cygwin\jdk8u71\5731\hotspot\src\share\vm\prims\jni.cpp, line 1591]

Events (10 events):
Event: 27.215 loading class server/Game
Event: 27.215 loading class server/Game done
Event: 67.280 loading class java/util/TreeMap$KeySet
Event: 67.281 loading class java/util/TreeMap$KeySet done
Event: 67.281 loading class java/util/TreeMap$KeyIterator
Event: 67.281 loading class java/util/TreeMap$PrivateEntryIterator
Event: 67.281 loading class java/util/TreeMap$PrivateEntryIterator done
Event: 67.281 loading class java/util/TreeMap$KeyIterator done
Event: 70.767 Executing VM operation: RevokeBias
Event: 70.767 Executing VM operation: RevokeBias done


Dynamic libraries:
0x000000013ff40000 - 0x000000013ff77000 	C:\Program Files\Java\jre1.8.0_71\bin\javaw.exe
0x0000000077050000 - 0x00000000771f9000 	C:\Windows\SYSTEM32\ntdll.dll
0x0000000076e30000 - 0x0000000076f4f000 	C:\Windows\system32\kernel32.dll
0x000007fefcfc0000 - 0x000007fefd02c000 	C:\Windows\system32\KERNELBASE.dll
0x000007fefe8a0000 - 0x000007fefe97b000 	C:\Windows\system32\ADVAPI32.dll
0x000007fefecf0000 - 0x000007fefed8f000 	C:\Windows\system32\msvcrt.dll
0x000007fefd2d0000 - 0x000007fefd2ef000 	C:\Windows\SYSTEM32\sechost.dll
0x000007fefe080000 - 0x000007fefe1ad000 	C:\Windows\system32\RPCRT4.dll
0x0000000076f50000 - 0x000000007704a000 	C:\Windows\system32\USER32.dll
0x000007fefe830000 - 0x000007fefe897000 	C:\Windows\system32\GDI32.dll
0x000007fefece0000 - 0x000007fefecee000 	C:\Windows\system32\LPK.dll
0x000007fefd1b0000 - 0x000007fefd27a000 	C:\Windows\system32\USP10.dll
0x000007fefbf40000 - 0x000007fefc134000 	C:\Windows\WinSxS\amd64_microsoft.windows.common-controls_6595b64144ccf1df_6.0.7601.18837_none_fa3b1e3d17594757\COMCTL32.dll
0x000007feff200000 - 0x000007feff271000 	C:\Windows\system32\SHLWAPI.dll
0x000007fefecb0000 - 0x000007fefecde000 	C:\Windows\system32\IMM32.DLL
0x000007fefe720000 - 0x000007fefe829000 	C:\Windows\system32\MSCTF.dll
0x0000000079370000 - 0x0000000079442000 	C:\Program Files\Java\jre1.8.0_71\bin\msvcr100.dll
0x00000000506b0000 - 0x0000000050f3f000 	C:\Program Files\Java\jre1.8.0_71\bin\server\jvm.dll
0x000007feee8f0000 - 0x000007feee8f9000 	C:\Windows\system32\WSOCK32.dll
0x000007fefd280000 - 0x000007fefd2cd000 	C:\Windows\system32\WS2_32.dll
0x000007fefe340000 - 0x000007fefe348000 	C:\Windows\system32\NSI.dll
0x000007fef9f00000 - 0x000007fef9f3b000 	C:\Windows\system32\WINMM.dll
0x000007fefb7f0000 - 0x000007fefb7fc000 	C:\Windows\system32\VERSION.dll
0x0000000077220000 - 0x0000000077227000 	C:\Windows\system32\PSAPI.DLL
0x0000000063a90000 - 0x0000000063a9f000 	C:\Program Files\Java\jre1.8.0_71\bin\verify.dll
0x0000000063a60000 - 0x0000000063a89000 	C:\Program Files\Java\jre1.8.0_71\bin\java.dll
0x0000000063730000 - 0x0000000063746000 	C:\Program Files\Java\jre1.8.0_71\bin\zip.dll
0x000007fefd2f0000 - 0x000007fefe079000 	C:\Windows\system32\SHELL32.dll
0x000007fefe470000 - 0x000007fefe673000 	C:\Windows\system32\ole32.dll
0x000007fefce00000 - 0x000007fefce0f000 	C:\Windows\system32\profapi.dll
0x000007fefc5f0000 - 0x000007fefc608000 	C:\Windows\system32\CRYPTSP.dll
0x000007fefc2f0000 - 0x000007fefc337000 	C:\Windows\system32\rsaenh.dll
0x000007fefce30000 - 0x000007fefce4e000 	C:\Windows\system32\USERENV.dll
0x000007fefcc90000 - 0x000007fefcc9f000 	C:\Windows\system32\CRYPTBASE.dll
0x0000000063710000 - 0x000000006372a000 	C:\Program Files\Java\jre1.8.0_71\bin\net.dll
0x000007fefc590000 - 0x000007fefc5e5000 	C:\Windows\system32\mswsock.dll
0x000007fefc580000 - 0x000007fefc587000 	C:\Windows\System32\wship6.dll
0x000007fef8bb0000 - 0x000007fef8bd7000 	C:\Windows\system32\IPHLPAPI.DLL
0x000007fef8b50000 - 0x000007fef8b5b000 	C:\Windows\system32\WINNSI.DLL
0x000007fef89a0000 - 0x000007fef89b8000 	C:\Windows\system32\dhcpcsvc.DLL
0x000007fef8a10000 - 0x000007fef8a21000 	C:\Windows\system32\dhcpcsvc6.DLL
0x00000000636f0000 - 0x0000000063701000 	C:\Program Files\Java\jre1.8.0_71\bin\nio.dll
0x000007fefc410000 - 0x000007fefc46b000 	C:\Windows\system32\DNSAPI.dll
0x000007fefa720000 - 0x000007fefa735000 	C:\Windows\system32\napinsp.dll
0x000007fefa700000 - 0x000007fefa719000 	C:\Windows\system32\pnrpnsp.dll
0x000007fefa870000 - 0x000007fefa87b000 	C:\Windows\System32\winrnr.dll
0x000007fefb7c0000 - 0x000007fefb7c7000 	C:\Windows\System32\wshtcpip.dll
0x000007fef7650000 - 0x000007fef7658000 	C:\Windows\system32\rasadhlp.dll
0x000007fef8ae0000 - 0x000007fef8b33000 	C:\Windows\System32\fwpuclnt.dll
0x000000006d580000 - 0x000000006d63d000 	C:\Users\fyrweorm\AppData\Local\Temp\sqlite-3.8.11.2-63abe721-9cf4-4864-93e6-a8c4d6b0bb89-sqlitejdbc.dll
0x000007fef2370000 - 0x000007fef2495000 	C:\Windows\system32\dbghelp.dll

VM Arguments:
jvm_args: -Dfile.encoding=Cp1252 
java_command: server.Main
java_class_path (initial): C:\Users\fyrweorm\Desktop\Programmation\eclipse\WorkProjects\Exercice_RMI_Guess_Word_Multiplayer_RMI\bin;C:\Users\fyrweorm\Desktop\Programmation\eclipse\WorkProjects\000 - Files\sqlite-jdbc-3.8.11.2.jar
Launcher Type: SUN_STANDARD

Environment Variables:
PATH=C:/Program Files/Java/jre1.8.0_71/bin/server;C:/Program Files/Java/jre1.8.0_71/bin;C:/Program Files/Java/jre1.8.0_71/lib/amd64;C:\ProgramData\Oracle\Java\javapath;C:\Program Files (x86)\NVIDIA Corporation\PhysX\Common;C:\Windows\system32;C:\Windows;C:\Windows\System32\Wbem;C:\Windows\System32\WindowsPowerShell\v1.0\;C:\Program Files (x86)\Brackets\command;C:\Program Files (x86)\Skype\Phone\;C:\Users\fyrweorm\Desktop\Programmation\eclipse;
USERNAME=fyrweorm
OS=Windows_NT
PROCESSOR_IDENTIFIER=Intel64 Family 6 Model 23 Stepping 6, GenuineIntel



---------------  S Y S T E M  ---------------

OS: Windows 7 , 64 bit Build 7601 (6.1.7601.19110)

CPU:total 2 (2 cores per cpu, 1 threads per core) family 6 model 23 stepping 6, cmov, cx8, fxsr, mmx, sse, sse2, sse3, ssse3, sse4.1, tsc

Memory: 4k page, physical 4192464k(1264372k free), swap 8383092k(2976200k free)

vm_info: Java HotSpot(TM) 64-Bit Server VM (25.71-b15) for windows-amd64 JRE (1.8.0_71-b15), built on Dec 22 2015 18:15:55 by "java_re" with MS VC++ 10.0 (VS2010)

time: Fri Feb 05 21:49:26 2016
elapsed time: 71 seconds (0d 0h 1m 11s)

