#
# A fatal error has been detected by the Java Runtime Environment:
#
#  EXCEPTION_ACCESS_VIOLATION (0xc0000005) at pc=0x000000006d58f3d8, pid=1880, tid=4180
#
# JRE version: Java(TM) SE Runtime Environment (8.0_71-b15) (build 1.8.0_71-b15)
# Java VM: Java HotSpot(TM) 64-Bit Server VM (25.71-b15 mixed mode windows-amd64 compressed oops)
# Problematic frame:
# C  [sqlite-3.8.11.2-8bc5d19f-48a2-4071-abcf-58972770150d-sqlitejdbc.dll+0xf3d8]
#
# Failed to write core dump. Minidumps are not enabled by default on client versions of Windows
#
# If you would like to submit a bug report, please visit:
#   http://bugreport.java.com/bugreport/crash.jsp
# The crash happened outside the Java Virtual Machine in native code.
# See problematic frame for where to report the bug.
#

---------------  T H R E A D  ---------------

Current thread (0x0000000056332800):  JavaThread "RMI TCP Connection(43)-192.168.1.10" daemon [_thread_in_native, id=4180, stack(0x0000000056bf0000,0x0000000056cf0000)]

siginfo: ExceptionCode=0xc0000005, reading address 0x0000000000000051

Registers:
RAX=0x0000000000000000, RBX=0x00000000003e3928, RCX=0x0000000000000000, RDX=0x0000000000000000
RSP=0x0000000056ced2d8, RBP=0x0000000056ced3e8, RSI=0x0000000000000000, RDI=0x000000000000001c
R8 =0x0000000000000000, R9 =0x0000000000000000, R10=0x00000000023a433f, R11=0x000000005e3e9530
R12=0x0000000000000000, R13=0x00000000543aaf78, R14=0x0000000056ced420, R15=0x0000000056332800
RIP=0x000000006d58f3d8, EFLAGS=0x0000000000010297

Top of Stack: (sp=0x0000000056ced2d8)
0x0000000056ced2d8:   000000006d58f40b 0000000056ced398
0x0000000056ced2e8:   0000000056ced3e8 0000000056ced3e8
0x0000000056ced2f8:   0000000056332800 00000000003e3928
0x0000000056ced308:   000000006d5995c1 000000005496c058
0x0000000056ced318:   0000000056332800 0000000000000108
0x0000000056ced328:   000000005e275e50 000000005632eac0
0x0000000056ced338:   00000000543aaf78 0000000000000108
0x0000000056ced348:   00000000023a436b 0000000056ced350
0x0000000056ced358:   0000000054446cc8 000000000000001c
0x0000000056ced368:   00000000023a4113 0000000056332800
0x0000000056ced378:   00000000543aaf78 0000000000000000
0x0000000056ced388:   0000000056ced3a0 00000000023a40cd
0x0000000056ced398:   0000000000000003 00000000eb28c840
0x0000000056ced3a8:   0000000056ced398 00000000543aaf78
0x0000000056ced3b8:   0000000056ced420 000000005443b3f8
0x0000000056ced3c8:   0000000000000000 00000000543aaf78 

Instructions: (pc=0x000000006d58f3d8)
0x000000006d58f3b8:   00 c6 41 51 00 e8 ce ff ff ff b8 07 00 00 00 48
0x000000006d58f3c8:   83 c4 28 c3 0f 1f 40 00 81 fa 0a 0c 00 00 74 0c
0x000000006d58f3d8:   80 79 51 00 75 06 8b 41 48 21 d0 c3 eb ca 66 2e
0x000000006d58f3e8:   0f 1f 84 00 00 00 00 00 53 48 83 ec 20 48 85 c9 


Register to memory mapping:

RAX=0x0000000000000000 is an unknown value
RBX=0x00000000003e3928 is an unknown value
RCX=0x0000000000000000 is an unknown value
RDX=0x0000000000000000 is an unknown value
RSP=0x0000000056ced2d8 is pointing into the stack for thread: 0x0000000056332800
RBP=0x0000000056ced3e8 is pointing into the stack for thread: 0x0000000056332800
RSI=0x0000000000000000 is an unknown value
RDI=0x000000000000001c is an unknown value
R8 =0x0000000000000000 is an unknown value
R9 =0x0000000000000000 is an unknown value
R10=0x00000000023a433f is at code_begin+1215 in an Interpreter codelet
method entry point (kind = native_synchronized)  [0x00000000023a3e80, 0x00000000023a4940]  2752 bytes
R11=0x000000005e3e9530 is an unknown value
R12=0x0000000000000000 is an unknown value
R13={method} {0x00000000543aaf80} 'column_int' '(JI)I' in 'org/sqlite/core/NativeDB'
R14=0x0000000056ced420 is pointing into the stack for thread: 0x0000000056332800
R15=0x0000000056332800 is a thread


Stack: [0x0000000056bf0000,0x0000000056cf0000],  sp=0x0000000056ced2d8,  free space=1012k
Native frames: (J=compiled Java code, j=interpreted, Vv=VM code, C=native code)
C  [sqlite-3.8.11.2-8bc5d19f-48a2-4071-abcf-58972770150d-sqlitejdbc.dll+0xf3d8]
C  [sqlite-3.8.11.2-8bc5d19f-48a2-4071-abcf-58972770150d-sqlitejdbc.dll+0xf40b]
C  [sqlite-3.8.11.2-8bc5d19f-48a2-4071-abcf-58972770150d-sqlitejdbc.dll+0x195c1]
C  0x00000000023a436b

Java frames: (J=compiled Java code, j=interpreted, Vv=VM code)
j  org.sqlite.core.NativeDB.column_int(JI)I+0
j  org.sqlite.jdbc3.JDBC3ResultSet.getInt(I)I+16
j  org.sqlite.jdbc3.JDBC3ResultSet.getInt(Ljava/lang/String;)I+6
j  server.WordsDatabase.getHelp(Ljava/lang/String;)[Ljava/lang/String;+133
j  server.ServerWG.getHelp(Ljava/lang/String;)[Ljava/lang/String;+5
j  sun.reflect.GeneratedMethodAccessor2.invoke(Ljava/lang/Object;[Ljava/lang/Object;)Ljava/lang/Object;+40
J 608 C1 sun.reflect.DelegatingMethodAccessorImpl.invoke(Ljava/lang/Object;[Ljava/lang/Object;)Ljava/lang/Object; (10 bytes) @ 0x00000000025e38c4 [0x00000000025e37c0+0x104]
J 607 C1 java.lang.reflect.Method.invoke(Ljava/lang/Object;[Ljava/lang/Object;)Ljava/lang/Object; (62 bytes) @ 0x00000000025e32dc [0x00000000025e2f00+0x3dc]
J 612 C1 sun.rmi.server.UnicastServerRef.dispatch(Ljava/rmi/Remote;Ljava/rmi/server/RemoteCall;)V (444 bytes) @ 0x00000000025e4c54 [0x00000000025e3fa0+0xcb4]
J 609 C1 sun.rmi.transport.Transport$1.run()Ljava/lang/Object; (5 bytes) @ 0x00000000025e86fc [0x00000000025e8520+0x1dc]
v  ~StubRoutines::call_stub
J 489  java.security.AccessController.doPrivileged(Ljava/security/PrivilegedExceptionAction;Ljava/security/AccessControlContext;)Ljava/lang/Object; (0 bytes) @ 0x000000000258b226 [0x000000000258b1c0+0x66]
J 578 C1 sun.rmi.transport.Transport.serviceCall(Ljava/rmi/server/RemoteCall;)Z (380 bytes) @ 0x00000000025bdbe4 [0x00000000025bbae0+0x2104]
j  sun.rmi.transport.tcp.TCPTransport.handleMessages(Lsun/rmi/transport/Connection;Z)V+185
j  sun.rmi.transport.tcp.TCPTransport$ConnectionHandler.run0()V+685
j  sun.rmi.transport.tcp.TCPTransport$ConnectionHandler.lambda$run$256()Ljava/lang/Void;+1
j  sun.rmi.transport.tcp.TCPTransport$ConnectionHandler$$Lambda$1.run()Ljava/lang/Object;+4
v  ~StubRoutines::call_stub
J 482  java.security.AccessController.doPrivileged(Ljava/security/PrivilegedAction;Ljava/security/AccessControlContext;)Ljava/lang/Object; (0 bytes) @ 0x0000000002589ae6 [0x0000000002589a80+0x66]
j  sun.rmi.transport.tcp.TCPTransport$ConnectionHandler.run()V+58
j  java.util.concurrent.ThreadPoolExecutor.runWorker(Ljava/util/concurrent/ThreadPoolExecutor$Worker;)V+95
j  java.util.concurrent.ThreadPoolExecutor$Worker.run()V+5
j  java.lang.Thread.run()V+11
v  ~StubRoutines::call_stub

---------------  P R O C E S S  ---------------

Java Threads: ( => current thread )
  0x0000000056330000 JavaThread "RMI TCP Connection(45)-192.168.1.10" daemon [_thread_in_native, id=5972, stack(0x0000000058400000,0x0000000058500000)]
  0x000000005632f800 JavaThread "RMI TCP Connection(44)-192.168.1.10" daemon [_thread_in_native, id=5784, stack(0x0000000057ef0000,0x0000000057ff0000)]
=>0x0000000056332800 JavaThread "RMI TCP Connection(43)-192.168.1.10" daemon [_thread_in_native, id=4180, stack(0x0000000056bf0000,0x0000000056cf0000)]
  0x0000000056331000 JavaThread "RMI TCP Connection(42)-192.168.1.10" daemon [_thread_in_native, id=3564, stack(0x0000000057d90000,0x0000000057e90000)]
  0x0000000056331800 JavaThread "RMI TCP Connection(32)-192.168.1.10" daemon [_thread_blocked, id=2636, stack(0x0000000058210000,0x0000000058310000)]
  0x0000000001d2d800 JavaThread "DestroyJavaVM" [_thread_blocked, id=3020, stack(0x0000000001fc0000,0x00000000020c0000)]
  0x0000000056320000 JavaThread "RMI RenewClean-[192.168.1.10:51263]" daemon [_thread_blocked, id=6080, stack(0x0000000057c70000,0x0000000057d70000)]
  0x0000000056327000 JavaThread "RMI Scheduler(0)" daemon [_thread_blocked, id=2664, stack(0x00000000572d0000,0x00000000573d0000)]
  0x0000000056132000 JavaThread "GC Daemon" daemon [_thread_blocked, id=2136, stack(0x00000000570b0000,0x00000000571b0000)]
  0x0000000056128800 JavaThread "RMI Reaper" [_thread_blocked, id=5256, stack(0x0000000056ed0000,0x0000000056fd0000)]
  0x0000000056125800 JavaThread "RMI TCP Accept-0" daemon [_thread_in_native, id=6072, stack(0x0000000056d70000,0x0000000056e70000)]
  0x0000000056111000 JavaThread "RMI TCP Accept-1099" daemon [_thread_in_native, id=1368, stack(0x0000000056ab0000,0x0000000056bb0000)]
  0x0000000054975800 JavaThread "Service Thread" daemon [_thread_blocked, id=5652, stack(0x0000000055cc0000,0x0000000055dc0000)]
  0x0000000054972800 JavaThread "C1 CompilerThread1" daemon [_thread_blocked, id=4884, stack(0x0000000055e70000,0x0000000055f70000)]
  0x0000000054919000 JavaThread "C2 CompilerThread0" daemon [_thread_blocked, id=3088, stack(0x0000000055bb0000,0x0000000055cb0000)]
  0x0000000054917000 JavaThread "Attach Listener" daemon [_thread_blocked, id=3948, stack(0x0000000055a30000,0x0000000055b30000)]
  0x000000005491b800 JavaThread "Signal Dispatcher" daemon [_thread_blocked, id=6104, stack(0x0000000055780000,0x0000000055880000)]
  0x00000000548b6000 JavaThread "Finalizer" daemon [_thread_blocked, id=5344, stack(0x0000000055890000,0x0000000055990000)]
  0x00000000548b4800 JavaThread "Reference Handler" daemon [_thread_blocked, id=3468, stack(0x0000000055630000,0x0000000055730000)]

Other Threads:
  0x00000000548ac800 VMThread [stack: 0x0000000055460000,0x0000000055560000] [id=5488]
  0x0000000055f72000 WatcherThread [stack: 0x0000000056460000,0x0000000056560000] [id=2524]

VM state:not at safepoint (normal execution)

VM Mutex/Monitor currently owned by a thread: None

Heap:
 PSYoungGen      total 18944K, used 7825K [0x00000000eab00000, 0x00000000ec000000, 0x0000000100000000)
  eden space 16384K, 47% used [0x00000000eab00000,0x00000000eb2a4510,0x00000000ebb00000)
  from space 2560K, 0% used [0x00000000ebd80000,0x00000000ebd80000,0x00000000ec000000)
  to   space 2560K, 0% used [0x00000000ebb00000,0x00000000ebb00000,0x00000000ebd80000)
 ParOldGen       total 44032K, used 1256K [0x00000000c0000000, 0x00000000c2b00000, 0x00000000eab00000)
  object space 44032K, 2% used [0x00000000c0000000,0x00000000c013a160,0x00000000c2b00000)
 Metaspace       used 7837K, capacity 8040K, committed 8192K, reserved 1056768K
  class space    used 908K, capacity 968K, committed 1024K, reserved 1048576K

Card table byte_map: [0x0000000011750000,0x0000000011960000] byte_map_base: 0x0000000011150000

Marking Bits: (ParMarkBitMap*) 0x000000005e9cf600
 Begin Bits: [0x0000000011d80000, 0x0000000012d80000)
 End Bits:   [0x0000000012d80000, 0x0000000013d80000)

Polling page: 0x0000000000140000

CodeCache: size=245760Kb used=2942Kb max_used=2959Kb free=242817Kb
 bounds [0x0000000002390000, 0x0000000002680000, 0x0000000011390000]
 total_blobs=1178 nmethods=855 adapters=238
 compilation: enabled

Compilation events (10 events):
Event: 2087.906 Thread 0x0000000054972800  891       3       sun.rmi.server.MarshalOutputStream::annotateClass (9 bytes)
Event: 2087.906 Thread 0x0000000054972800 nmethod 891 0x0000000002670110 code [0x00000000026702a0, 0x0000000002670698]
Event: 2087.907 Thread 0x0000000054972800  892       3       java.rmi.server.RMIClassLoader::getClassAnnotation (8 bytes)
Event: 2087.907 Thread 0x0000000054972800 nmethod 892 0x000000000266fd10 code [0x000000000266fe80, 0x0000000002670048]
Event: 2089.060 Thread 0x0000000054919000  893       4       sun.rmi.transport.tcp.TCPConnection::getOutputStream (30 bytes)
Event: 2089.063 Thread 0x0000000054919000 nmethod 893 0x000000000266ca50 code [0x000000000266cba0, 0x000000000266cd88]
Event: 2093.268 Thread 0x0000000054972800  894       1       java.util.concurrent.CopyOnWriteArrayList::getArray (5 bytes)
Event: 2093.268 Thread 0x0000000054972800 nmethod 894 0x000000000266c6d0 code [0x000000000266c820, 0x000000000266c930]
Event: 2093.269 Thread 0x0000000054972800  895       1       java.util.Collections$EmptyIterator::hasNext (2 bytes)
Event: 2093.269 Thread 0x0000000054972800 nmethod 895 0x0000000002664650 code [0x00000000026647a0, 0x00000000026648b0]

GC Heap History (6 events):
Event: 413.639 GC heap before
{Heap before GC invocations=1 (full 0):
 PSYoungGen      total 18944K, used 16384K [0x00000000eab00000, 0x00000000ec000000, 0x0000000100000000)
  eden space 16384K, 100% used [0x00000000eab00000,0x00000000ebb00000,0x00000000ebb00000)
  from space 2560K, 0% used [0x00000000ebd80000,0x00000000ebd80000,0x00000000ec000000)
  to   space 2560K, 0% used [0x00000000ebb00000,0x00000000ebb00000,0x00000000ebd80000)
 ParOldGen       total 44032K, used 0K [0x00000000c0000000, 0x00000000c2b00000, 0x00000000eab00000)
  object space 44032K, 0% used [0x00000000c0000000,0x00000000c0000000,0x00000000c2b00000)
 Metaspace       used 7716K, capacity 7928K, committed 8192K, reserved 1056768K
  class space    used 909K, capacity 974K, committed 1024K, reserved 1048576K
Event: 413.645 GC heap after
Heap after GC invocations=1 (full 0):
 PSYoungGen      total 18944K, used 1782K [0x00000000eab00000, 0x00000000ec000000, 0x0000000100000000)
  eden space 16384K, 0% used [0x00000000eab00000,0x00000000eab00000,0x00000000ebb00000)
  from space 2560K, 69% used [0x00000000ebb00000,0x00000000ebcbdb08,0x00000000ebd80000)
  to   space 2560K, 0% used [0x00000000ebd80000,0x00000000ebd80000,0x00000000ec000000)
 ParOldGen       total 44032K, used 16K [0x00000000c0000000, 0x00000000c2b00000, 0x00000000eab00000)
  object space 44032K, 0% used [0x00000000c0000000,0x00000000c0004000,0x00000000c2b00000)
 Metaspace       used 7716K, capacity 7928K, committed 8192K, reserved 1056768K
  class space    used 909K, capacity 974K, committed 1024K, reserved 1048576K
}
Event: 1171.491 GC heap before
{Heap before GC invocations=2 (full 0):
 PSYoungGen      total 18944K, used 7991K [0x00000000eab00000, 0x00000000ec000000, 0x0000000100000000)
  eden space 16384K, 37% used [0x00000000eab00000,0x00000000eb1101a8,0x00000000ebb00000)
  from space 2560K, 69% used [0x00000000ebb00000,0x00000000ebcbdb08,0x00000000ebd80000)
  to   space 2560K, 0% used [0x00000000ebd80000,0x00000000ebd80000,0x00000000ec000000)
 ParOldGen       total 44032K, used 16K [0x00000000c0000000, 0x00000000c2b00000, 0x00000000eab00000)
  object space 44032K, 0% used [0x00000000c0000000,0x00000000c0004000,0x00000000c2b00000)
 Metaspace       used 7794K, capacity 7992K, committed 8192K, reserved 1056768K
  class space    used 911K, capacity 974K, committed 1024K, reserved 1048576K
Event: 1171.497 GC heap after
Heap after GC invocations=2 (full 0):
 PSYoungGen      total 18944K, used 1456K [0x00000000eab00000, 0x00000000ec000000, 0x0000000100000000)
  eden space 16384K, 0% used [0x00000000eab00000,0x00000000eab00000,0x00000000ebb00000)
  from space 2560K, 56% used [0x00000000ebd80000,0x00000000ebeec010,0x00000000ec000000)
  to   space 2560K, 0% used [0x00000000ebb00000,0x00000000ebb00000,0x00000000ebd80000)
 ParOldGen       total 44032K, used 24K [0x00000000c0000000, 0x00000000c2b00000, 0x00000000eab00000)
  object space 44032K, 0% used [0x00000000c0000000,0x00000000c0006000,0x00000000c2b00000)
 Metaspace       used 7794K, capacity 7992K, committed 8192K, reserved 1056768K
  class space    used 911K, capacity 974K, committed 1024K, reserved 1048576K
}
Event: 1171.497 GC heap before
{Heap before GC invocations=3 (full 1):
 PSYoungGen      total 18944K, used 1456K [0x00000000eab00000, 0x00000000ec000000, 0x0000000100000000)
  eden space 16384K, 0% used [0x00000000eab00000,0x00000000eab00000,0x00000000ebb00000)
  from space 2560K, 56% used [0x00000000ebd80000,0x00000000ebeec010,0x00000000ec000000)
  to   space 2560K, 0% used [0x00000000ebb00000,0x00000000ebb00000,0x00000000ebd80000)
 ParOldGen       total 44032K, used 24K [0x00000000c0000000, 0x00000000c2b00000, 0x00000000eab00000)
  object space 44032K, 0% used [0x00000000c0000000,0x00000000c0006000,0x00000000c2b00000)
 Metaspace       used 7794K, capacity 7992K, committed 8192K, reserved 1056768K
  class space    used 911K, capacity 974K, committed 1024K, reserved 1048576K
Event: 1171.557 GC heap after
Heap after GC invocations=3 (full 1):
 PSYoungGen      total 18944K, used 0K [0x00000000eab00000, 0x00000000ec000000, 0x0000000100000000)
  eden space 16384K, 0% used [0x00000000eab00000,0x00000000eab00000,0x00000000ebb00000)
  from space 2560K, 0% used [0x00000000ebd80000,0x00000000ebd80000,0x00000000ec000000)
  to   space 2560K, 0% used [0x00000000ebb00000,0x00000000ebb00000,0x00000000ebd80000)
 ParOldGen       total 44032K, used 1256K [0x00000000c0000000, 0x00000000c2b00000, 0x00000000eab00000)
  object space 44032K, 2% used [0x00000000c0000000,0x00000000c013a160,0x00000000c2b00000)
 Metaspace       used 7773K, capacity 7958K, committed 8192K, reserved 1056768K
  class space    used 906K, capacity 965K, committed 1024K, reserved 1048576K
}

Deoptimization events (1 events):
Event: 0.890 Thread 0x0000000001d2d800 Uncommon trap: reason=unstable_if action=reinterpret pc=0x0000000002514968 method=org.sqlite.SQLiteJDBCLoader.contentsEquals(Ljava/io/InputStream;Ljava/io/InputStream;)Z @ 39

Internal exceptions (10 events):
Event: 432.378 Thread 0x0000000056331800 Exception <a 'sun/net/ConnectionResetException': > (0x00000000eabbbf90) thrown at [C:\re\workspace\8-2-build-windows-amd64-cygwin\jdk8u71\5731\hotspot\src\share\vm\prims\jni.cpp, line 735]
Event: 432.378 Thread 0x0000000056331800 Exception <a 'sun/net/ConnectionResetException': > (0x00000000eabbc1c0) thrown at [C:\re\workspace\8-2-build-windows-amd64-cygwin\jdk8u71\5731\hotspot\src\share\vm\prims\jni.cpp, line 735]
Event: 821.913 Thread 0x000000005632f800 Exception <a 'java/lang/reflect/InvocationTargetException'> (0x00000000eaef6cd8) thrown at [C:\re\workspace\8-2-build-windows-amd64-cygwin\jdk8u71\5731\hotspot\src\share\vm\runtime\reflection.cpp, line 1092]
Event: 821.940 Thread 0x0000000056331800 Exception <a 'sun/net/ConnectionResetException': > (0x00000000eadd4c60) thrown at [C:\re\workspace\8-2-build-windows-amd64-cygwin\jdk8u71\5731\hotspot\src\share\vm\prims\jni.cpp, line 735]
Event: 821.941 Thread 0x0000000056331800 Exception <a 'sun/net/ConnectionResetException': > (0x00000000eadd4e90) thrown at [C:\re\workspace\8-2-build-windows-amd64-cygwin\jdk8u71\5731\hotspot\src\share\vm\prims\jni.cpp, line 735]
Event: 821.941 Thread 0x000000005632f800 Exception <a 'sun/net/ConnectionResetException': > (0x00000000eaef89f8) thrown at [C:\re\workspace\8-2-build-windows-amd64-cygwin\jdk8u71\5731\hotspot\src\share\vm\prims\jni.cpp, line 735]
Event: 821.941 Thread 0x000000005632f800 Exception <a 'sun/net/ConnectionResetException': > (0x00000000eaef8c28) thrown at [C:\re\workspace\8-2-build-windows-amd64-cygwin\jdk8u71\5731\hotspot\src\share\vm\prims\jni.cpp, line 735]
Event: 1222.020 Thread 0x0000000056330000 Exception <a 'java/lang/reflect/InvocationTargetException'> (0x00000000eac38a20) thrown at [C:\re\workspace\8-2-build-windows-amd64-cygwin\jdk8u71\5731\hotspot\src\share\vm\runtime\reflection.cpp, line 1092]
Event: 1222.048 Thread 0x0000000056330000 Exception <a 'sun/net/ConnectionResetException': > (0x00000000eac3add8) thrown at [C:\re\workspace\8-2-build-windows-amd64-cygwin\jdk8u71\5731\hotspot\src\share\vm\prims\jni.cpp, line 735]
Event: 1222.048 Thread 0x0000000056330000 Exception <a 'sun/net/ConnectionResetException': > (0x00000000eac3b008) thrown at [C:\re\workspace\8-2-build-windows-amd64-cygwin\jdk8u71\5731\hotspot\src\share\vm\prims\jni.cpp, line 735]

Events (10 events):
Event: 2087.888 Thread 0x000000005632f800 Thread added: 0x000000005632f800
Event: 2087.890 Executing VM operation: RevokeBias
Event: 2087.890 Executing VM operation: RevokeBias done
Event: 2087.970 Thread 0x0000000056330000 Thread added: 0x0000000056330000
Event: 2087.970 Executing VM operation: RevokeBias
Event: 2087.970 Executing VM operation: RevokeBias done
Event: 2093.244 Executing VM operation: RevokeBias
Event: 2093.244 Executing VM operation: RevokeBias done
Event: 2093.268 Thread 0x0000000054972800 flushing nmethod 0x0000000002500390
Event: 2093.268 Thread 0x0000000054972800 flushing nmethod 0x00000000025029d0


Dynamic libraries:
0x000000013f7a0000 - 0x000000013f7d7000 	C:\Program Files\Java\jre1.8.0_71\bin\javaw.exe
0x0000000077a50000 - 0x0000000077bfa000 	C:\Windows\SYSTEM32\ntdll.dll
0x0000000077930000 - 0x0000000077a4f000 	C:\Windows\system32\kernel32.dll
0x000007fefd9f0000 - 0x000007fefda5b000 	C:\Windows\system32\KERNELBASE.dll
0x000007fefe090000 - 0x000007fefe16b000 	C:\Windows\system32\ADVAPI32.dll
0x000007fefdcd0000 - 0x000007fefdd6f000 	C:\Windows\system32\msvcrt.dll
0x000007fefe070000 - 0x000007fefe08f000 	C:\Windows\SYSTEM32\sechost.dll
0x000007feff330000 - 0x000007feff45d000 	C:\Windows\system32\RPCRT4.dll
0x0000000077830000 - 0x000000007792a000 	C:\Windows\system32\USER32.dll
0x000007fefdc10000 - 0x000007fefdc77000 	C:\Windows\system32\GDI32.dll
0x000007feff480000 - 0x000007feff48e000 	C:\Windows\system32\LPK.dll
0x000007feff260000 - 0x000007feff32a000 	C:\Windows\system32\USP10.dll
0x000007fefc050000 - 0x000007fefc244000 	C:\Windows\WinSxS\amd64_microsoft.windows.common-controls_6595b64144ccf1df_6.0.7601.18837_none_fa3b1e3d17594757\COMCTL32.dll
0x000007fefdb90000 - 0x000007fefdc01000 	C:\Windows\system32\SHLWAPI.dll
0x000007feff190000 - 0x000007feff1be000 	C:\Windows\system32\IMM32.DLL
0x000007fefdf60000 - 0x000007fefe069000 	C:\Windows\system32\MSCTF.dll
0x00000000796c0000 - 0x0000000079792000 	C:\Program Files\Java\jre1.8.0_71\bin\msvcr100.dll
0x000000005e1c0000 - 0x000000005ea4f000 	C:\Program Files\Java\jre1.8.0_71\bin\server\jvm.dll
0x000007fef1080000 - 0x000007fef1089000 	C:\Windows\system32\WSOCK32.dll
0x000007fefdc80000 - 0x000007fefdccd000 	C:\Windows\system32\WS2_32.dll
0x000007feff9f0000 - 0x000007feff9f8000 	C:\Windows\system32\NSI.dll
0x000007fefa3b0000 - 0x000007fefa3eb000 	C:\Windows\system32\WINMM.dll
0x000007fefc6f0000 - 0x000007fefc6fc000 	C:\Windows\system32\VERSION.dll
0x0000000077c10000 - 0x0000000077c17000 	C:\Windows\system32\PSAPI.DLL
0x000000005e1b0000 - 0x000000005e1bf000 	C:\Program Files\Java\jre1.8.0_71\bin\verify.dll
0x000000005e180000 - 0x000000005e1a9000 	C:\Program Files\Java\jre1.8.0_71\bin\java.dll
0x000000005e160000 - 0x000000005e176000 	C:\Program Files\Java\jre1.8.0_71\bin\zip.dll
0x000007fefe400000 - 0x000007feff18a000 	C:\Windows\system32\SHELL32.dll
0x000007feff490000 - 0x000007feff693000 	C:\Windows\system32\ole32.dll
0x000007fefd7d0000 - 0x000007fefd7df000 	C:\Windows\system32\profapi.dll
0x000007fefcfd0000 - 0x000007fefcfe8000 	C:\Windows\system32\CRYPTSP.dll
0x000007fefccb0000 - 0x000007fefccf7000 	C:\Windows\system32\rsaenh.dll
0x000007fefd970000 - 0x000007fefd98e000 	C:\Windows\system32\USERENV.dll
0x000007fefd630000 - 0x000007fefd63f000 	C:\Windows\system32\CRYPTBASE.dll
0x000000005e120000 - 0x000000005e13a000 	C:\Program Files\Java\jre1.8.0_71\bin\net.dll
0x000007fefcf70000 - 0x000007fefcfc5000 	C:\Windows\system32\mswsock.dll
0x000007fefcf60000 - 0x000007fefcf67000 	C:\Windows\System32\wship6.dll
0x000007fef9eb0000 - 0x000007fef9ed7000 	C:\Windows\system32\IPHLPAPI.DLL
0x000007fef9ea0000 - 0x000007fef9eab000 	C:\Windows\system32\WINNSI.DLL
0x000007fef9c90000 - 0x000007fef9ca8000 	C:\Windows\system32\dhcpcsvc.DLL
0x000007fef9c70000 - 0x000007fef9c81000 	C:\Windows\system32\dhcpcsvc6.DLL
0x000000005e140000 - 0x000000005e151000 	C:\Program Files\Java\jre1.8.0_71\bin\nio.dll
0x000007fefcdd0000 - 0x000007fefce2b000 	C:\Windows\system32\DNSAPI.dll
0x000007fef6c80000 - 0x000007fef6c95000 	C:\Windows\system32\napinsp.dll
0x000007fef6c60000 - 0x000007fef6c79000 	C:\Windows\system32\pnrpnsp.dll
0x000007fef6c50000 - 0x000007fef6c5b000 	C:\Windows\System32\winrnr.dll
0x000007fefc970000 - 0x000007fefc977000 	C:\Windows\System32\wshtcpip.dll
0x000007fef8670000 - 0x000007fef8678000 	C:\Windows\system32\rasadhlp.dll
0x000007fef9d10000 - 0x000007fef9d63000 	C:\Windows\System32\fwpuclnt.dll
0x000000006d580000 - 0x000000006d63d000 	C:\Users\fyrweorm\AppData\Local\Temp\sqlite-3.8.11.2-8bc5d19f-48a2-4071-abcf-58972770150d-sqlitejdbc.dll
0x000007fefaab0000 - 0x000007fefabd5000 	C:\Windows\system32\dbghelp.dll

VM Arguments:
jvm_args: -Dfile.encoding=Cp1252 
java_command: server.Main
java_class_path (initial): C:\Users\fyrweorm\Desktop\Programmation\eclipse\WorkProjects\Exercice_RMI_Guess_Word_Multiplayer_RMI\bin;C:\Users\fyrweorm\Desktop\Programmation\eclipse\WorkProjects\000 - Files\sqlite-jdbc-3.8.11.2.jar
Launcher Type: SUN_STANDARD

Environment Variables:
PATH=C:/Program Files/Java/jre1.8.0_71/bin/server;C:/Program Files/Java/jre1.8.0_71/bin;C:/Program Files/Java/jre1.8.0_71/lib/amd64;C:\ProgramData\Oracle\Java\javapath;C:\Program Files (x86)\NVIDIA Corporation\PhysX\Common;C:\Windows\system32;C:\Windows;C:\Windows\System32\Wbem;C:\Windows\System32\WindowsPowerShell\v1.0\;C:\Program Files (x86)\Brackets\command;C:\Program Files (x86)\Skype\Phone\;C:\Users\fyrweorm\Desktop\Programmation\eclipse;
USERNAME=fyrweorm
OS=Windows_NT
PROCESSOR_IDENTIFIER=Intel64 Family 6 Model 23 Stepping 6, GenuineIntel



---------------  S Y S T E M  ---------------

OS: Windows 7 , 64 bit Build 7601 (6.1.7601.19135)

CPU:total 2 (2 cores per cpu, 1 threads per core) family 6 model 23 stepping 6, cmov, cx8, fxsr, mmx, sse, sse2, sse3, ssse3, sse4.1, tsc

Memory: 4k page, physical 4192464k(896836k free), swap 8383092k(3822372k free)

vm_info: Java HotSpot(TM) 64-Bit Server VM (25.71-b15) for windows-amd64 JRE (1.8.0_71-b15), built on Dec 22 2015 18:15:55 by "java_re" with MS VC++ 10.0 (VS2010)

time: Wed Feb 10 18:52:54 2016
elapsed time: 2093 seconds (0d 0h 34m 53s)

