#
# A fatal error has been detected by the Java Runtime Environment:
#
#  EXCEPTION_ACCESS_VIOLATION (0xc0000005) at pc=0x000000006d58f1c7, pid=6632, tid=4828
#
# JRE version: Java(TM) SE Runtime Environment (8.0_71-b15) (build 1.8.0_71-b15)
# Java VM: Java HotSpot(TM) 64-Bit Server VM (25.71-b15 mixed mode windows-amd64 compressed oops)
# Problematic frame:
# C  [sqlite-3.8.11.2-dec3990f-f5f3-4cc6-9a20-b492c72e16e2-sqlitejdbc.dll+0xf1c7]
#
# Failed to write core dump. Minidumps are not enabled by default on client versions of Windows
#
# If you would like to submit a bug report, please visit:
#   http://bugreport.java.com/bugreport/crash.jsp
# The crash happened outside the Java Virtual Machine in native code.
# See problematic frame for where to report the bug.
#

---------------  T H R E A D  ---------------

Current thread (0x0000000057302000):  JavaThread "RMI TCP Connection(5)-192.168.1.10" daemon [_thread_in_native, id=4828, stack(0x0000000058020000,0x0000000058120000)]

siginfo: ExceptionCode=0xc0000005, reading address 0xffffffffffffffff

Registers:
RAX=0x0000000000000000, RBX=0x000000000040db33, RCX=0x000000000040db33, RDX=0x73726573555c3a43
RSP=0x000000005811c620, RBP=0x000000005811c838, RSI=0x0000000054645350, RDI=0x00000000000002d8
R8 =0x000000000040d7b0, R9 =0x0000000000000000, R10=0x000000000263433f, R11=0x000000005e3e9530
R12=0x0000000000000000, R13=0x00000000547baf78, R14=0x000000005811c870, R15=0x0000000057302000
RIP=0x000000006d58f1c7, EFLAGS=0x0000000000010202

Top of Stack: (sp=0x000000005811c620)
0x000000005811c620:   0000000000000bad 0000000000000bad
0x000000005811c630:   000000005730a9a0 0000000000000001
0x000000005811c640:   0000000057302000 000000005e3d9312
0x000000005811c650:   00000000572f3100 0000000000000000
0x000000005811c660:   0000000000000000 000000005730a9a0
0x000000005811c670:   0000000057305ce8 000000005e3daaae
0x000000005811c680:   0000000057302000 0000000000000000
0x000000005811c690:   00000000547baf78 000007fe00000001
0x000000005811c6a0:   0000000000000005 0000000057302000
0x000000005811c6b0:   0000000002627401 000000005615b0c0
0x000000005811c6c0:   0000000057302000 000000000040db33
0x000000005811c6d0:   00000000000002d8 000000006d58f348
0x000000005811c6e0:   00000000ebdf16e0 00000000c005f878
0x000000005811c6f0:   0000000000000001 00000000eb26c978
0x000000005811c700:   000000000040f3d8 0000000054645350
0x000000005811c710:   00000000000002d8 000000006d59948f 

Instructions: (pc=0x000000006d58f1c7)
0x000000006d58f1a7:   ff ff ff 66 0f 1f 44 00 00 57 53 48 81 ec a8 00
0x000000006d58f1b7:   00 00 31 c0 48 85 d2 48 89 cb 0f 84 b5 00 00 00
0x000000006d58f1c7:   4c 8b 52 28 4d 85 d2 0f 84 a8 00 00 00 4c 8d 44
0x000000006d58f1d7:   24 20 31 c0 b9 07 00 00 00 4c 8d 4c 24 60 4c 89 


Register to memory mapping:

RAX=0x0000000000000000 is an unknown value
RBX=0x000000000040db33 is an unknown value
RCX=0x000000000040db33 is an unknown value
RDX=0x73726573555c3a43 is an unknown value
RSP=0x000000005811c620 is pointing into the stack for thread: 0x0000000057302000
RBP=0x000000005811c838 is pointing into the stack for thread: 0x0000000057302000
RSI=0x0000000054645350 is pointing into metadata
RDI=0x00000000000002d8 is an unknown value
R8 =0x000000000040d7b0 is an unknown value
R9 =0x0000000000000000 is an unknown value
R10=0x000000000263433f is at code_begin+1215 in an Interpreter codelet
method entry point (kind = native_synchronized)  [0x0000000002633e80, 0x0000000002634940]  2752 bytes
R11=0x000000005e3e9530 is an unknown value
R12=0x0000000000000000 is an unknown value
R13={method} {0x00000000547baf80} 'column_int' '(JI)I' in 'org/sqlite/core/NativeDB'
R14=0x000000005811c870 is pointing into the stack for thread: 0x0000000057302000
R15=0x0000000057302000 is a thread


Stack: [0x0000000058020000,0x0000000058120000],  sp=0x000000005811c620,  free space=1009k
Native frames: (J=compiled Java code, j=interpreted, Vv=VM code, C=native code)
C  [sqlite-3.8.11.2-dec3990f-f5f3-4cc6-9a20-b492c72e16e2-sqlitejdbc.dll+0xf1c7]
C  [sqlite-3.8.11.2-dec3990f-f5f3-4cc6-9a20-b492c72e16e2-sqlitejdbc.dll+0xf348]
C  [sqlite-3.8.11.2-dec3990f-f5f3-4cc6-9a20-b492c72e16e2-sqlitejdbc.dll+0x1948f]
C  [sqlite-3.8.11.2-dec3990f-f5f3-4cc6-9a20-b492c72e16e2-sqlitejdbc.dll+0x195ae]
C  0x000000000263436b

Java frames: (J=compiled Java code, j=interpreted, Vv=VM code)
j  org.sqlite.core.NativeDB.column_int(JI)I+0
j  org.sqlite.jdbc3.JDBC3ResultSet.getInt(I)I+16
j  org.sqlite.jdbc3.JDBC3ResultSet.getInt(Ljava/lang/String;)I+6
j  server.WordsDatabase.getHelp(Ljava/lang/String;)[Ljava/lang/String;+61
j  server.ServerWG.getHelp(Ljava/lang/String;)[Ljava/lang/String;+5
v  ~StubRoutines::call_stub
j  sun.reflect.NativeMethodAccessorImpl.invoke0(Ljava/lang/reflect/Method;Ljava/lang/Object;[Ljava/lang/Object;)Ljava/lang/Object;+0
j  sun.reflect.NativeMethodAccessorImpl.invoke(Ljava/lang/Object;[Ljava/lang/Object;)Ljava/lang/Object;+100
J 630 C1 sun.reflect.DelegatingMethodAccessorImpl.invoke(Ljava/lang/Object;[Ljava/lang/Object;)Ljava/lang/Object; (10 bytes) @ 0x0000000002879fc4 [0x0000000002879ec0+0x104]
J 590 C1 java.lang.reflect.Method.invoke(Ljava/lang/Object;[Ljava/lang/Object;)Ljava/lang/Object; (62 bytes) @ 0x000000000284585c [0x0000000002845480+0x3dc]
J 634 C1 sun.rmi.server.UnicastServerRef.dispatch(Ljava/rmi/Remote;Ljava/rmi/server/RemoteCall;)V (444 bytes) @ 0x000000000287dca4 [0x000000000287d020+0xc84]
J 593 C1 sun.rmi.transport.Transport$1.run()Ljava/lang/Object; (5 bytes) @ 0x0000000002850bbc [0x00000000028509e0+0x1dc]
v  ~StubRoutines::call_stub
J 503  java.security.AccessController.doPrivileged(Ljava/security/PrivilegedExceptionAction;Ljava/security/AccessControlContext;)Ljava/lang/Object; (0 bytes) @ 0x000000000281b926 [0x000000000281b8c0+0x66]
J 592 C1 sun.rmi.transport.Transport.serviceCall(Ljava/rmi/server/RemoteCall;)Z (380 bytes) @ 0x000000000284889c [0x0000000002846820+0x207c]
j  sun.rmi.transport.tcp.TCPTransport.handleMessages(Lsun/rmi/transport/Connection;Z)V+185
j  sun.rmi.transport.tcp.TCPTransport$ConnectionHandler.run0()V+685
j  sun.rmi.transport.tcp.TCPTransport$ConnectionHandler.lambda$run$256()Ljava/lang/Void;+1
j  sun.rmi.transport.tcp.TCPTransport$ConnectionHandler$$Lambda$1.run()Ljava/lang/Object;+4
v  ~StubRoutines::call_stub
j  java.security.AccessController.doPrivileged(Ljava/security/PrivilegedAction;Ljava/security/AccessControlContext;)Ljava/lang/Object;+0
j  sun.rmi.transport.tcp.TCPTransport$ConnectionHandler.run()V+58
j  java.util.concurrent.ThreadPoolExecutor.runWorker(Ljava/util/concurrent/ThreadPoolExecutor$Worker;)V+95
j  java.util.concurrent.ThreadPoolExecutor$Worker.run()V+5
j  java.lang.Thread.run()V+11
v  ~StubRoutines::call_stub

---------------  P R O C E S S  ---------------

Java Threads: ( => current thread )
  0x000000005730e000 JavaThread "RMI TCP Connection(8)-192.168.1.10" daemon [_thread_in_native, id=6588, stack(0x00000000571a0000,0x00000000572a0000)]
=>0x0000000057302000 JavaThread "RMI TCP Connection(5)-192.168.1.10" daemon [_thread_in_native, id=4828, stack(0x0000000058020000,0x0000000058120000)]
  0x000000000204d800 JavaThread "DestroyJavaVM" [_thread_blocked, id=6224, stack(0x0000000002250000,0x0000000002350000)]
  0x0000000057312000 JavaThread "RMI RenewClean-[192.168.1.10:51725]" daemon [_thread_blocked, id=7160, stack(0x0000000057c40000,0x0000000057d40000)]
  0x000000005623b800 JavaThread "RMI Scheduler(0)" daemon [_thread_blocked, id=7112, stack(0x0000000056e80000,0x0000000056f80000)]
  0x000000005614d000 JavaThread "GC Daemon" daemon [_thread_blocked, id=5208, stack(0x0000000056fa0000,0x00000000570a0000)]
  0x000000005613c800 JavaThread "RMI Reaper" [_thread_blocked, id=6796, stack(0x0000000056860000,0x0000000056960000)]
  0x0000000056142000 JavaThread "RMI TCP Accept-0" daemon [_thread_in_native, id=4272, stack(0x0000000056cf0000,0x0000000056df0000)]
  0x0000000056175000 JavaThread "RMI TCP Accept-1099" daemon [_thread_in_native, id=2040, stack(0x0000000056b00000,0x0000000056c00000)]
  0x0000000055fe8800 JavaThread "Service Thread" daemon [_thread_blocked, id=6528, stack(0x0000000055d60000,0x0000000055e60000)]
  0x0000000054d32000 JavaThread "C1 CompilerThread1" daemon [_thread_blocked, id=4052, stack(0x0000000055ee0000,0x0000000055fe0000)]
  0x0000000054d29000 JavaThread "C2 CompilerThread0" daemon [_thread_blocked, id=6784, stack(0x00000000555a0000,0x00000000556a0000)]
  0x0000000054d27000 JavaThread "Attach Listener" daemon [_thread_blocked, id=6156, stack(0x0000000055c00000,0x0000000055d00000)]
  0x0000000054d2d800 JavaThread "Signal Dispatcher" daemon [_thread_blocked, id=5864, stack(0x0000000055a30000,0x0000000055b30000)]
  0x0000000054ccb800 JavaThread "Finalizer" daemon [_thread_blocked, id=6384, stack(0x0000000055890000,0x0000000055990000)]
  0x0000000054cc4800 JavaThread "Reference Handler" daemon [_thread_blocked, id=7100, stack(0x00000000556a0000,0x00000000557a0000)]

Other Threads:
  0x0000000054cbc800 VMThread [stack: 0x0000000002150000,0x0000000002250000] [id=6140]
  0x0000000055ff6000 WatcherThread [stack: 0x0000000056570000,0x0000000056670000] [id=3980]

VM state:not at safepoint (normal execution)

VM Mutex/Monitor currently owned by a thread: None

Heap:
 PSYoungGen      total 18944K, used 8911K [0x00000000eab00000, 0x00000000ec000000, 0x0000000100000000)
  eden space 16384K, 47% used [0x00000000eab00000,0x00000000eb292330,0x00000000ebb00000)
  from space 2560K, 45% used [0x00000000ebd80000,0x00000000ebea1af8,0x00000000ec000000)
  to   space 2560K, 0% used [0x00000000ebb00000,0x00000000ebb00000,0x00000000ebd80000)
 ParOldGen       total 44032K, used 554K [0x00000000c0000000, 0x00000000c2b00000, 0x00000000eab00000)
  object space 44032K, 1% used [0x00000000c0000000,0x00000000c008aa20,0x00000000c2b00000)
 Metaspace       used 7647K, capacity 7874K, committed 7936K, reserved 1056768K
  class space    used 901K, capacity 965K, committed 1024K, reserved 1048576K

Card table byte_map: [0x00000000119e0000,0x0000000011bf0000] byte_map_base: 0x00000000113e0000

Marking Bits: (ParMarkBitMap*) 0x000000005e9cf600
 Begin Bits: [0x0000000012190000, 0x0000000013190000)
 End Bits:   [0x0000000013190000, 0x0000000014190000)

Polling page: 0x0000000000120000

CodeCache: size=245760Kb used=2558Kb max_used=2565Kb free=243201Kb
 bounds [0x0000000002620000, 0x00000000028b0000, 0x0000000011620000]
 total_blobs=1024 nmethods=701 adapters=238
 compilation: enabled

Compilation events (10 events):
Event: 146.232 Thread 0x0000000054d29000  696       4       java.io.ObjectOutputStream$HandleTable::<init> (45 bytes)
Event: 146.237 Thread 0x0000000054d29000 nmethod 696 0x000000000289eed0 code [0x000000000289f020, 0x000000000289f3f8]
Event: 146.292 Thread 0x0000000054d29000  697       4       sun.rmi.transport.Transport$$Lambda$2/581383937::run (8 bytes)
Event: 146.293 Thread 0x0000000054d29000 nmethod 697 0x0000000002896b50 code [0x0000000002896c80, 0x0000000002896d18]
Event: 166.190 Thread 0x0000000054d29000  698       4       sun.nio.cs.SingleByte$Encoder::encode (32 bytes)
Event: 166.192 Thread 0x0000000054d29000 nmethod 698 0x000000000289add0 code [0x000000000289af20, 0x000000000289b018]
Event: 166.194 Thread 0x0000000054d32000  699       3       java.lang.ref.Finalizer::register (10 bytes)
Event: 166.195 Thread 0x0000000054d32000 nmethod 699 0x000000000289e750 code [0x000000000289e8e0, 0x000000000289ed08]
Event: 166.195 Thread 0x0000000054d32000  700       3       java.io.File::isInvalid (47 bytes)
Event: 166.196 Thread 0x0000000054d32000 nmethod 700 0x000000000289e090 code [0x000000000289e220, 0x000000000289e648]

GC Heap History (6 events):
Event: 0.378 GC heap before
{Heap before GC invocations=1 (full 0):
 PSYoungGen      total 18944K, used 3610K [0x00000000eab00000, 0x00000000ec000000, 0x0000000100000000)
  eden space 16384K, 22% used [0x00000000eab00000,0x00000000eae86928,0x00000000ebb00000)
  from space 2560K, 0% used [0x00000000ebd80000,0x00000000ebd80000,0x00000000ec000000)
  to   space 2560K, 0% used [0x00000000ebb00000,0x00000000ebb00000,0x00000000ebd80000)
 ParOldGen       total 44032K, used 0K [0x00000000c0000000, 0x00000000c2b00000, 0x00000000eab00000)
  object space 44032K, 0% used [0x00000000c0000000,0x00000000c0000000,0x00000000c2b00000)
 Metaspace       used 4478K, capacity 4732K, committed 4992K, reserved 1056768K
  class space    used 523K, capacity 556K, committed 640K, reserved 1048576K
Event: 0.380 GC heap after
Heap after GC invocations=1 (full 0):
 PSYoungGen      total 18944K, used 608K [0x00000000eab00000, 0x00000000ec000000, 0x0000000100000000)
  eden space 16384K, 0% used [0x00000000eab00000,0x00000000eab00000,0x00000000ebb00000)
  from space 2560K, 23% used [0x00000000ebb00000,0x00000000ebb98020,0x00000000ebd80000)
  to   space 2560K, 0% used [0x00000000ebd80000,0x00000000ebd80000,0x00000000ec000000)
 ParOldGen       total 44032K, used 8K [0x00000000c0000000, 0x00000000c2b00000, 0x00000000eab00000)
  object space 44032K, 0% used [0x00000000c0000000,0x00000000c0002000,0x00000000c2b00000)
 Metaspace       used 4478K, capacity 4732K, committed 4992K, reserved 1056768K
  class space    used 523K, capacity 556K, committed 640K, reserved 1048576K
}
Event: 0.380 GC heap before
{Heap before GC invocations=2 (full 1):
 PSYoungGen      total 18944K, used 608K [0x00000000eab00000, 0x00000000ec000000, 0x0000000100000000)
  eden space 16384K, 0% used [0x00000000eab00000,0x00000000eab00000,0x00000000ebb00000)
  from space 2560K, 23% used [0x00000000ebb00000,0x00000000ebb98020,0x00000000ebd80000)
  to   space 2560K, 0% used [0x00000000ebd80000,0x00000000ebd80000,0x00000000ec000000)
 ParOldGen       total 44032K, used 8K [0x00000000c0000000, 0x00000000c2b00000, 0x00000000eab00000)
  object space 44032K, 0% used [0x00000000c0000000,0x00000000c0002000,0x00000000c2b00000)
 Metaspace       used 4478K, capacity 4732K, committed 4992K, reserved 1056768K
  class space    used 523K, capacity 556K, committed 640K, reserved 1048576K
Event: 0.393 GC heap after
Heap after GC invocations=2 (full 1):
 PSYoungGen      total 18944K, used 0K [0x00000000eab00000, 0x00000000ec000000, 0x0000000100000000)
  eden space 16384K, 0% used [0x00000000eab00000,0x00000000eab00000,0x00000000ebb00000)
  from space 2560K, 0% used [0x00000000ebb00000,0x00000000ebb00000,0x00000000ebd80000)
  to   space 2560K, 0% used [0x00000000ebd80000,0x00000000ebd80000,0x00000000ec000000)
 ParOldGen       total 44032K, used 546K [0x00000000c0000000, 0x00000000c2b00000, 0x00000000eab00000)
  object space 44032K, 1% used [0x00000000c0000000,0x00000000c0088a20,0x00000000c2b00000)
 Metaspace       used 4478K, capacity 4732K, committed 4992K, reserved 1056768K
  class space    used 523K, capacity 556K, committed 640K, reserved 1048576K
}
Event: 125.577 GC heap before
{Heap before GC invocations=3 (full 1):
 PSYoungGen      total 18944K, used 16384K [0x00000000eab00000, 0x00000000ec000000, 0x0000000100000000)
  eden space 16384K, 100% used [0x00000000eab00000,0x00000000ebb00000,0x00000000ebb00000)
  from space 2560K, 0% used [0x00000000ebb00000,0x00000000ebb00000,0x00000000ebd80000)
  to   space 2560K, 0% used [0x00000000ebd80000,0x00000000ebd80000,0x00000000ec000000)
 ParOldGen       total 44032K, used 546K [0x00000000c0000000, 0x00000000c2b00000, 0x00000000eab00000)
  object space 44032K, 1% used [0x00000000c0000000,0x00000000c0088a20,0x00000000c2b00000)
 Metaspace       used 7611K, capacity 7746K, committed 7936K, reserved 1056768K
  class space    used 897K, capacity 965K, committed 1024K, reserved 1048576K
Event: 125.581 GC heap after
Heap after GC invocations=3 (full 1):
 PSYoungGen      total 18944K, used 1158K [0x00000000eab00000, 0x00000000ec000000, 0x0000000100000000)
  eden space 16384K, 0% used [0x00000000eab00000,0x00000000eab00000,0x00000000ebb00000)
  from space 2560K, 45% used [0x00000000ebd80000,0x00000000ebea1af8,0x00000000ec000000)
  to   space 2560K, 0% used [0x00000000ebb00000,0x00000000ebb00000,0x00000000ebd80000)
 ParOldGen       total 44032K, used 554K [0x00000000c0000000, 0x00000000c2b00000, 0x00000000eab00000)
  object space 44032K, 1% used [0x00000000c0000000,0x00000000c008aa20,0x00000000c2b00000)
 Metaspace       used 7611K, capacity 7746K, committed 7936K, reserved 1056768K
  class space    used 897K, capacity 965K, committed 1024K, reserved 1048576K
}

Deoptimization events (6 events):
Event: 0.720 Thread 0x000000000204d800 Uncommon trap: reason=unstable_if action=reinterpret pc=0x00000000027b6f68 method=org.sqlite.SQLiteJDBCLoader.contentsEquals(Ljava/io/InputStream;Ljava/io/InputStream;)Z @ 39
Event: 166.064 Thread 0x000000005730e000 Uncommon trap: reason=class_check action=maybe_recompile pc=0x000000000288c634 method=java.io.BufferedOutputStream.flushBuffer()V @ 20
Event: 166.065 Thread 0x000000005730e000 Uncommon trap: reason=class_check action=maybe_recompile pc=0x000000000288c634 method=java.io.BufferedOutputStream.flushBuffer()V @ 20
Event: 166.065 Thread 0x000000005730e000 Uncommon trap: reason=class_check action=maybe_recompile pc=0x000000000288c56c method=java.io.BufferedOutputStream.flush()V @ 8
Event: 166.185 Thread 0x000000005730e000 Uncommon trap: reason=class_check action=maybe_recompile pc=0x000000000288c634 method=java.io.BufferedOutputStream.flushBuffer()V @ 20
Event: 166.186 Thread 0x000000005730e000 Uncommon trap: reason=class_check action=maybe_recompile pc=0x000000000288c634 method=java.io.BufferedOutputStream.flushBuffer()V @ 20

Internal exceptions (10 events):
Event: 0.414 Thread 0x000000000204d800 Exception <a 'java/security/PrivilegedActionException'> (0x00000000eab318a8) thrown at [C:\re\workspace\8-2-build-windows-amd64-cygwin\jdk8u71\5731\hotspot\src\share\vm\prims\jvm.cpp, line 1386]
Event: 0.414 Thread 0x000000000204d800 Exception <a 'java/security/PrivilegedActionException'> (0x00000000eab31ca0) thrown at [C:\re\workspace\8-2-build-windows-amd64-cygwin\jdk8u71\5731\hotspot\src\share\vm\prims\jvm.cpp, line 1386]
Event: 0.414 Thread 0x000000000204d800 Exception <a 'java/security/PrivilegedActionException'> (0x00000000eab35a30) thrown at [C:\re\workspace\8-2-build-windows-amd64-cygwin\jdk8u71\5731\hotspot\src\share\vm\prims\jvm.cpp, line 1386]
Event: 0.414 Thread 0x000000000204d800 Exception <a 'java/security/PrivilegedActionException'> (0x00000000eab35e28) thrown at [C:\re\workspace\8-2-build-windows-amd64-cygwin\jdk8u71\5731\hotspot\src\share\vm\prims\jvm.cpp, line 1386]
Event: 0.891 Thread 0x000000005623d000 Exception <a 'java/lang/NoSuchFieldError': method resolution failed> (0x00000000eaeaed30) thrown at [C:\re\workspace\8-2-build-windows-amd64-cygwin\jdk8u71\5731\hotspot\src\share\vm\prims\methodHandles.cpp, line 1146]
Event: 0.894 Thread 0x000000005623d000 Exception <a 'java/lang/NoSuchFieldError': method resolution failed> (0x00000000eaebc0d0) thrown at [C:\re\workspace\8-2-build-windows-amd64-cygwin\jdk8u71\5731\hotspot\src\share\vm\prims\methodHandles.cpp, line 1146]
Event: 0.967 Thread 0x000000005623d000 Exception <a 'java/lang/NoSuchMethodError': <clinit>> (0x00000000eaf47de8) thrown at [C:\re\workspace\8-2-build-windows-amd64-cygwin\jdk8u71\5731\hotspot\src\share\vm\prims\jni.cpp, line 1591]
Event: 0.972 Thread 0x000000005623d000 Exception <a 'java/lang/NoSuchMethodError': <clinit>> (0x00000000eb03c710) thrown at [C:\re\workspace\8-2-build-windows-amd64-cygwin\jdk8u71\5731\hotspot\src\share\vm\prims\jni.cpp, line 1591]
Event: 0.976 Thread 0x0000000057312000 Exception <a 'java/lang/InterruptedException'> (0x00000000eb03fc98) thrown at [C:\re\workspace\8-2-build-windows-amd64-cygwin\jdk8u71\5731\hotspot\src\share\vm\runtime\objectMonitor.cpp, line 1683]
Event: 166.347 Thread 0x000000005730e000 Exception <a 'java/lang/NoSuchMethodError': <clinit>> (0x00000000eb282928) thrown at [C:\re\workspace\8-2-build-windows-amd64-cygwin\jdk8u71\5731\hotspot\src\share\vm\prims\jni.cpp, line 1591]

Events (10 events):
Event: 166.065 Thread 0x000000005730e000 DEOPT PACKING pc=0x000000000288c56c sp=0x000000005729c5f0
Event: 166.065 Thread 0x000000005730e000 DEOPT UNPACKING pc=0x000000000266556a sp=0x000000005729c5d8 mode 2
Event: 166.185 Thread 0x000000005730e000 Uncommon trap: trap_request=0xffffffde fr.pc=0x000000000288c634
Event: 166.185 Thread 0x000000005730e000 DEOPT PACKING pc=0x000000000288c634 sp=0x000000005729c3c0
Event: 166.185 Thread 0x000000005730e000 DEOPT UNPACKING pc=0x000000000266556a sp=0x000000005729c338 mode 2
Event: 166.186 Thread 0x000000005730e000 Uncommon trap: trap_request=0xffffffde fr.pc=0x000000000288c634
Event: 166.186 Thread 0x000000005730e000 DEOPT PACKING pc=0x000000000288c634 sp=0x000000005729c420
Event: 166.186 Thread 0x000000005730e000 DEOPT UNPACKING pc=0x000000000266556a sp=0x000000005729c398 mode 2
Event: 166.302 Executing VM operation: RevokeBias
Event: 166.302 Executing VM operation: RevokeBias done


Dynamic libraries:
0x000000013fbc0000 - 0x000000013fbf7000 	C:\Program Files\Java\jre1.8.0_71\bin\javaw.exe
0x0000000077a50000 - 0x0000000077bfa000 	C:\Windows\SYSTEM32\ntdll.dll
0x0000000077930000 - 0x0000000077a4f000 	C:\Windows\system32\kernel32.dll
0x000007fefd9f0000 - 0x000007fefda5b000 	C:\Windows\system32\KERNELBASE.dll
0x000007fefe090000 - 0x000007fefe16b000 	C:\Windows\system32\ADVAPI32.dll
0x000007fefdcd0000 - 0x000007fefdd6f000 	C:\Windows\system32\msvcrt.dll
0x000007fefe070000 - 0x000007fefe08f000 	C:\Windows\SYSTEM32\sechost.dll
0x000007feff330000 - 0x000007feff45d000 	C:\Windows\system32\RPCRT4.dll
0x0000000077830000 - 0x000000007792a000 	C:\Windows\system32\USER32.dll
0x000007fefdc10000 - 0x000007fefdc77000 	C:\Windows\system32\GDI32.dll
0x000007feff480000 - 0x000007feff48e000 	C:\Windows\system32\LPK.dll
0x000007feff260000 - 0x000007feff32a000 	C:\Windows\system32\USP10.dll
0x000007fefc050000 - 0x000007fefc244000 	C:\Windows\WinSxS\amd64_microsoft.windows.common-controls_6595b64144ccf1df_6.0.7601.18837_none_fa3b1e3d17594757\COMCTL32.dll
0x000007fefdb90000 - 0x000007fefdc01000 	C:\Windows\system32\SHLWAPI.dll
0x000007feff190000 - 0x000007feff1be000 	C:\Windows\system32\IMM32.DLL
0x000007fefdf60000 - 0x000007fefe069000 	C:\Windows\system32\MSCTF.dll
0x0000000078ce0000 - 0x0000000078db2000 	C:\Program Files\Java\jre1.8.0_71\bin\msvcr100.dll
0x000000005e1c0000 - 0x000000005ea4f000 	C:\Program Files\Java\jre1.8.0_71\bin\server\jvm.dll
0x000007fef1080000 - 0x000007fef1089000 	C:\Windows\system32\WSOCK32.dll
0x000007fefdc80000 - 0x000007fefdccd000 	C:\Windows\system32\WS2_32.dll
0x000007feff9f0000 - 0x000007feff9f8000 	C:\Windows\system32\NSI.dll
0x000007fefa3b0000 - 0x000007fefa3eb000 	C:\Windows\system32\WINMM.dll
0x000007fefc6f0000 - 0x000007fefc6fc000 	C:\Windows\system32\VERSION.dll
0x0000000077c10000 - 0x0000000077c17000 	C:\Windows\system32\PSAPI.DLL
0x000000005e1b0000 - 0x000000005e1bf000 	C:\Program Files\Java\jre1.8.0_71\bin\verify.dll
0x000000005e180000 - 0x000000005e1a9000 	C:\Program Files\Java\jre1.8.0_71\bin\java.dll
0x000000005e160000 - 0x000000005e176000 	C:\Program Files\Java\jre1.8.0_71\bin\zip.dll
0x000007fefe400000 - 0x000007feff18a000 	C:\Windows\system32\SHELL32.dll
0x000007feff490000 - 0x000007feff693000 	C:\Windows\system32\ole32.dll
0x000007fefd7d0000 - 0x000007fefd7df000 	C:\Windows\system32\profapi.dll
0x000007fefcfd0000 - 0x000007fefcfe8000 	C:\Windows\system32\CRYPTSP.dll
0x000007fefccb0000 - 0x000007fefccf7000 	C:\Windows\system32\rsaenh.dll
0x000007fefd970000 - 0x000007fefd98e000 	C:\Windows\system32\USERENV.dll
0x000007fefd630000 - 0x000007fefd63f000 	C:\Windows\system32\CRYPTBASE.dll
0x000000005e120000 - 0x000000005e13a000 	C:\Program Files\Java\jre1.8.0_71\bin\net.dll
0x000007fefcf70000 - 0x000007fefcfc5000 	C:\Windows\system32\mswsock.dll
0x000007fefcf60000 - 0x000007fefcf67000 	C:\Windows\System32\wship6.dll
0x000007fef9eb0000 - 0x000007fef9ed7000 	C:\Windows\system32\IPHLPAPI.DLL
0x000007fef9ea0000 - 0x000007fef9eab000 	C:\Windows\system32\WINNSI.DLL
0x000007fef9c90000 - 0x000007fef9ca8000 	C:\Windows\system32\dhcpcsvc.DLL
0x000007fef9c70000 - 0x000007fef9c81000 	C:\Windows\system32\dhcpcsvc6.DLL
0x000000005e140000 - 0x000000005e151000 	C:\Program Files\Java\jre1.8.0_71\bin\nio.dll
0x000007fefcdd0000 - 0x000007fefce2b000 	C:\Windows\system32\DNSAPI.dll
0x000007fef6c80000 - 0x000007fef6c95000 	C:\Windows\system32\napinsp.dll
0x000007fef6c60000 - 0x000007fef6c79000 	C:\Windows\system32\pnrpnsp.dll
0x000007fef6c50000 - 0x000007fef6c5b000 	C:\Windows\System32\winrnr.dll
0x000007fefc970000 - 0x000007fefc977000 	C:\Windows\System32\wshtcpip.dll
0x000007fef8670000 - 0x000007fef8678000 	C:\Windows\system32\rasadhlp.dll
0x000007fef9d10000 - 0x000007fef9d63000 	C:\Windows\System32\fwpuclnt.dll
0x000000006d580000 - 0x000000006d63d000 	C:\Users\fyrweorm\AppData\Local\Temp\sqlite-3.8.11.2-dec3990f-f5f3-4cc6-9a20-b492c72e16e2-sqlitejdbc.dll
0x000007fefaab0000 - 0x000007fefabd5000 	C:\Windows\system32\dbghelp.dll

VM Arguments:
jvm_args: -Dfile.encoding=Cp1252 
java_command: server.Main
java_class_path (initial): C:\Users\fyrweorm\Desktop\Programmation\eclipse\WorkProjects\Exercice_RMI_Guess_Word_Multiplayer_RMI\bin;C:\Users\fyrweorm\Desktop\Programmation\eclipse\WorkProjects\000 - Files\sqlite-jdbc-3.8.11.2.jar
Launcher Type: SUN_STANDARD

Environment Variables:
PATH=C:/Program Files/Java/jre1.8.0_71/bin/server;C:/Program Files/Java/jre1.8.0_71/bin;C:/Program Files/Java/jre1.8.0_71/lib/amd64;C:\ProgramData\Oracle\Java\javapath;C:\Program Files (x86)\NVIDIA Corporation\PhysX\Common;C:\Windows\system32;C:\Windows;C:\Windows\System32\Wbem;C:\Windows\System32\WindowsPowerShell\v1.0\;C:\Program Files (x86)\Brackets\command;C:\Program Files (x86)\Skype\Phone\;C:\Users\fyrweorm\Desktop\Programmation\eclipse;
USERNAME=fyrweorm
OS=Windows_NT
PROCESSOR_IDENTIFIER=Intel64 Family 6 Model 23 Stepping 6, GenuineIntel



---------------  S Y S T E M  ---------------

OS: Windows 7 , 64 bit Build 7601 (6.1.7601.19135)

CPU:total 2 (2 cores per cpu, 1 threads per core) family 6 model 23 stepping 6, cmov, cx8, fxsr, mmx, sse, sse2, sse3, ssse3, sse4.1, tsc

Memory: 4k page, physical 4192464k(940188k free), swap 8383092k(3436748k free)

vm_info: Java HotSpot(TM) 64-Bit Server VM (25.71-b15) for windows-amd64 JRE (1.8.0_71-b15), built on Dec 22 2015 18:15:55 by "java_re" with MS VC++ 10.0 (VS2010)

time: Wed Feb 10 22:43:05 2016
elapsed time: 166 seconds (0d 0h 2m 46s)

