#
# A fatal error has been detected by the Java Runtime Environment:
#
#  EXCEPTION_INVALID_HANDLE (0xc0000008) at pc=0x0000000077b1a1d8, pid=6872, tid=928
#
# JRE version: Java(TM) SE Runtime Environment (8.0_71-b15) (build 1.8.0_71-b15)
# Java VM: Java HotSpot(TM) 64-Bit Server VM (25.71-b15 mixed mode windows-amd64 compressed oops)
# Problematic frame:
# C  [ntdll.dll+0xca1d8]
#
# Failed to write core dump. Minidumps are not enabled by default on client versions of Windows
#
# If you would like to submit a bug report, please visit:
#   http://bugreport.java.com/bugreport/crash.jsp
# The crash happened outside the Java Virtual Machine in native code.
# See problematic frame for where to report the bug.
#

---------------  T H R E A D  ---------------

Current thread (0x00000000572ff000):  JavaThread "RMI TCP Connection(4)-192.168.1.10" daemon [_thread_in_native, id=928, stack(0x0000000056f20000,0x0000000057020000)]

siginfo: ExceptionCode=0xc0000008

Registers:
RAX=0x00000000c0000008, RBX=0x00000000c0000008, RCX=0x000000005701bfe0, RDX=0x0000000000000000
RSP=0x000000005701bf20, RBP=0x0000000000000000, RSI=0x000000006d5bc3d0, RDI=0x0000000077b84490
R8 =0x000000005701c4b8, R9 =0x0000000000000000, R10=0x0000000000000000, R11=0x0000000000000246
R12=0x0000000000000000, R13=0x00000000546aaf78, R14=0x000007fffff8c000, R15=0x0000000000000000
RIP=0x0000000077b1a1d8, EFLAGS=0x0000000000000202

Top of Stack: (sp=0x000000005701bf20)
0x000000005701bf20:   000000005701bf40 000000005701bfe0
0x000000005701bf30:   0000000000000001 0000000000000000
0x000000005701bf40:   00000001c0000008 0000000000000000
0x000000005701bf50:   0000000077b1a1d8 0000000000000000
0x000000005701bf60:   0000000000000000 00000000002f3a49
0x000000005701bf70:   00000000002d11a8 00000000006af470
0x000000005701bf80:   00000000002f3a46 0000000000000000
0x000000005701bf90:   000000000100f3d8 0000000000000008
0x000000005701bfa0:   000000005701c3d4 000000006d5a029f
0x000000005701bfb0:   000000005701c310 00000000fffffffc
0x000000005701bfc0:   00000000fffffffe 00000000002d2dc8
0x000000005701bfd0:   0000000000000000 00000000006a0000
0x000000005701bfe0:   0000000000000000 00000000002d2b38
0x000000005701bff0:   00000000006af3d8 000000006d5d23ea
0x000000005701c000:   00000000002d0fa8 000000005701c310
0x000000005701c010:   00001fa00010000f 0053002b002b0033 

Instructions: (pc=0x0000000077b1a1d8)
0x0000000077b1a1b8:   90 90 90 90 90 90 90 90 ff f3 48 81 ec 90 05 00
0x0000000077b1a1c8:   00 8b d9 48 8d 8c 24 c0 00 00 00 e8 68 27 f8 ff
0x0000000077b1a1d8:   48 8b 84 24 b8 01 00 00 33 d2 48 89 54 24 28 89
0x0000000077b1a1e8:   54 24 38 89 5c 24 20 48 89 44 24 30 c7 44 24 24 


Register to memory mapping:

RAX=0x00000000c0000008 is pointing into object: 0x00000000c0000000
[Ljava.lang.Object; 
 - klass: 'java/lang/Object'[]
 - length: 0
RBX=0x00000000c0000008 is pointing into object: 0x00000000c0000000
[Ljava.lang.Object; 
 - klass: 'java/lang/Object'[]
 - length: 0
RCX=0x000000005701bfe0 is pointing into the stack for thread: 0x00000000572ff000
RDX=0x0000000000000000 is an unknown value
RSP=0x000000005701bf20 is pointing into the stack for thread: 0x00000000572ff000
RBP=0x0000000000000000 is an unknown value
RSI=0x000000006d5bc3d0 is an unknown value
RDI=0x0000000077b84490 is an unknown value
R8 =0x000000005701c4b8 is pointing into the stack for thread: 0x00000000572ff000
R9 =0x0000000000000000 is an unknown value
R10=0x0000000000000000 is an unknown value
R11=0x0000000000000246 is an unknown value
R12=0x0000000000000000 is an unknown value
R13={method} {0x00000000546aaf80} 'column_int' '(JI)I' in 'org/sqlite/core/NativeDB'
R14=0x000007fffff8c000 is an unknown value
R15=0x0000000000000000 is an unknown value


Stack: [0x0000000056f20000,0x0000000057020000],  sp=0x000000005701bf20,  free space=1007k
Native frames: (J=compiled Java code, j=interpreted, Vv=VM code, C=native code)

Java frames: (J=compiled Java code, j=interpreted, Vv=VM code)
j  org.sqlite.core.NativeDB.column_int(JI)I+0
j  org.sqlite.jdbc3.JDBC3ResultSet.getInt(I)I+16
j  org.sqlite.jdbc3.JDBC3ResultSet.getInt(Ljava/lang/String;)I+6
j  server.WordsDatabase.getHelp(Ljava/lang/String;)[Ljava/lang/String;+61
j  server.ServerWG.getHelp(Ljava/lang/String;)[Ljava/lang/String;+5
v  ~StubRoutines::call_stub
j  sun.reflect.NativeMethodAccessorImpl.invoke0(Ljava/lang/reflect/Method;Ljava/lang/Object;[Ljava/lang/Object;)Ljava/lang/Object;+0
j  sun.reflect.NativeMethodAccessorImpl.invoke(Ljava/lang/Object;[Ljava/lang/Object;)Ljava/lang/Object;+100
J 656 C1 sun.reflect.DelegatingMethodAccessorImpl.invoke(Ljava/lang/Object;[Ljava/lang/Object;)Ljava/lang/Object; (10 bytes) @ 0x0000000002900c04 [0x0000000002900b00+0x104]
J 625 C1 java.lang.reflect.Method.invoke(Ljava/lang/Object;[Ljava/lang/Object;)Ljava/lang/Object; (62 bytes) @ 0x00000000028d5e9c [0x00000000028d5ac0+0x3dc]
J 666 C1 sun.rmi.server.UnicastServerRef.dispatch(Ljava/rmi/Remote;Ljava/rmi/server/RemoteCall;)V (444 bytes) @ 0x0000000002907214 [0x0000000002906560+0xcb4]
J 663 C1 sun.rmi.transport.Transport$1.run()Ljava/lang/Object; (5 bytes) @ 0x000000000290acbc [0x000000000290aae0+0x1dc]
v  ~StubRoutines::call_stub
J 546  java.security.AccessController.doPrivileged(Ljava/security/PrivilegedExceptionAction;Ljava/security/AccessControlContext;)Ljava/lang/Object; (0 bytes) @ 0x00000000028ad126 [0x00000000028ad0c0+0x66]
J 629 C1 sun.rmi.transport.Transport.serviceCall(Ljava/rmi/server/RemoteCall;)Z (380 bytes) @ 0x00000000028d9f24 [0x00000000028d7e20+0x2104]
j  sun.rmi.transport.tcp.TCPTransport.handleMessages(Lsun/rmi/transport/Connection;Z)V+185
j  sun.rmi.transport.tcp.TCPTransport$ConnectionHandler.run0()V+685
j  sun.rmi.transport.tcp.TCPTransport$ConnectionHandler.lambda$run$256()Ljava/lang/Void;+1
j  sun.rmi.transport.tcp.TCPTransport$ConnectionHandler$$Lambda$1.run()Ljava/lang/Object;+4
v  ~StubRoutines::call_stub
j  java.security.AccessController.doPrivileged(Ljava/security/PrivilegedAction;Ljava/security/AccessControlContext;)Ljava/lang/Object;+0
j  sun.rmi.transport.tcp.TCPTransport$ConnectionHandler.run()V+58
j  java.util.concurrent.ThreadPoolExecutor.runWorker(Ljava/util/concurrent/ThreadPoolExecutor$Worker;)V+95
j  java.util.concurrent.ThreadPoolExecutor$Worker.run()V+5
j  java.lang.Thread.run()V+11
v  ~StubRoutines::call_stub

---------------  P R O C E S S  ---------------

Java Threads: ( => current thread )
=>0x00000000572ff000 JavaThread "RMI TCP Connection(4)-192.168.1.10" daemon [_thread_in_native, id=928, stack(0x0000000056f20000,0x0000000057020000)]
  0x000000005639e000 JavaThread "RMI TCP Connection(idle)" daemon [_thread_blocked, id=2456, stack(0x0000000057c00000,0x0000000057d00000)]
  0x0000000001fcd800 JavaThread "DestroyJavaVM" [_thread_blocked, id=5716, stack(0x00000000022c0000,0x00000000023c0000)]
  0x000000005627a000 JavaThread "RMI TCP Connection(6)-192.168.1.10" daemon [_thread_in_native, id=6836, stack(0x0000000057ec0000,0x0000000057fc0000)]
  0x0000000056279000 JavaThread "RMI RenewClean-[192.168.1.10:55893]" daemon [_thread_blocked, id=6624, stack(0x0000000057d80000,0x0000000057e80000)]
  0x00000000561c9000 JavaThread "RMI Scheduler(0)" daemon [_thread_blocked, id=6896, stack(0x0000000057af0000,0x0000000057bf0000)]
  0x00000000561ca800 JavaThread "RMI TCP Connection(5)-192.168.1.10" daemon [_thread_in_native, id=7128, stack(0x0000000057160000,0x0000000057260000)]
  0x000000005612c800 JavaThread "GC Daemon" daemon [_thread_blocked, id=6780, stack(0x0000000057050000,0x0000000057150000)]
  0x000000005612c000 JavaThread "RMI Reaper" [_thread_blocked, id=6932, stack(0x0000000056e10000,0x0000000056f10000)]
  0x000000005612e000 JavaThread "RMI TCP Accept-0" daemon [_thread_in_native, id=5504, stack(0x0000000056ce0000,0x0000000056de0000)]
  0x0000000056104800 JavaThread "RMI TCP Accept-1099" daemon [_thread_in_native, id=6528, stack(0x0000000056a30000,0x0000000056b30000)]
  0x0000000055faa000 JavaThread "Service Thread" daemon [_thread_blocked, id=6584, stack(0x00000000563c0000,0x00000000564c0000)]
  0x0000000054c21000 JavaThread "C1 CompilerThread1" daemon [_thread_blocked, id=5344, stack(0x0000000055ea0000,0x0000000055fa0000)]
  0x0000000054c1b000 JavaThread "C2 CompilerThread0" daemon [_thread_blocked, id=5448, stack(0x0000000055540000,0x0000000055640000)]
  0x0000000054c19000 JavaThread "Attach Listener" daemon [_thread_blocked, id=1236, stack(0x0000000055d50000,0x0000000055e50000)]
  0x0000000054c1f800 JavaThread "Signal Dispatcher" daemon [_thread_blocked, id=6064, stack(0x0000000055bc0000,0x0000000055cc0000)]
  0x0000000054bbb800 JavaThread "Finalizer" daemon [_thread_blocked, id=5568, stack(0x0000000055a80000,0x0000000055b80000)]
  0x0000000054bb4800 JavaThread "Reference Handler" daemon [_thread_blocked, id=6444, stack(0x00000000558b0000,0x00000000559b0000)]

Other Threads:
  0x0000000054bac800 VMThread [stack: 0x00000000556e0000,0x00000000557e0000] [id=6472]
  0x0000000055fc0000 WatcherThread [stack: 0x00000000564c0000,0x00000000565c0000] [id=4124]

VM state:not at safepoint (normal execution)

VM Mutex/Monitor currently owned by a thread: None

Heap:
 PSYoungGen      total 18944K, used 9643K [0x00000000eab00000, 0x00000000ec000000, 0x0000000100000000)
  eden space 16384K, 58% used [0x00000000eab00000,0x00000000eb46ae60,0x00000000ebb00000)
  from space 2560K, 0% used [0x00000000ebb00000,0x00000000ebb00000,0x00000000ebd80000)
  to   space 2560K, 0% used [0x00000000ebd80000,0x00000000ebd80000,0x00000000ec000000)
 ParOldGen       total 44032K, used 546K [0x00000000c0000000, 0x00000000c2b00000, 0x00000000eab00000)
  object space 44032K, 1% used [0x00000000c0000000,0x00000000c0088a10,0x00000000c2b00000)
 Metaspace       used 7657K, capacity 7810K, committed 7936K, reserved 1056768K
  class space    used 900K, capacity 965K, committed 1024K, reserved 1048576K

Card table byte_map: [0x0000000011a50000,0x0000000011c60000] byte_map_base: 0x0000000011450000

Marking Bits: (ParMarkBitMap*) 0x000000005e9cf600
 Begin Bits: [0x0000000012080000, 0x0000000013080000)
 End Bits:   [0x0000000013080000, 0x0000000014080000)

Polling page: 0x0000000000120000

CodeCache: size=245760Kb used=2612Kb max_used=2618Kb free=243147Kb
 bounds [0x0000000002690000, 0x0000000002930000, 0x0000000011690000]
 total_blobs=1021 nmethods=698 adapters=238
 compilation: enabled

Compilation events (10 events):
Event: 47.999 Thread 0x0000000054c21000  693       3       java.io.File::isInvalid (47 bytes)
Event: 48.000 Thread 0x0000000054c21000 nmethod 693 0x000000000291a5d0 code [0x000000000291a760, 0x000000000291ab88]
Event: 48.000 Thread 0x0000000054c1b000  694       4       sun.nio.cs.SingleByte$Encoder::encode (32 bytes)
Event: 48.002 Thread 0x0000000054c1b000 nmethod 694 0x000000000291a250 code [0x000000000291a3a0, 0x000000000291a498]
Event: 48.136 Thread 0x0000000054c21000  695       3       java.lang.ref.Finalizer::register (10 bytes)
Event: 48.137 Thread 0x0000000054c21000 nmethod 695 0x0000000002919ad0 code [0x0000000002919c60, 0x000000000291a088]
Event: 48.137 Thread 0x0000000054c21000  696       3       java.lang.ref.Finalizer::<init> (23 bytes)
Event: 48.137 Thread 0x0000000054c21000 nmethod 696 0x000000000291c190 code [0x000000000291c320, 0x000000000291c688]
Event: 48.137 Thread 0x0000000054c21000  697   !   3       java.lang.ref.Finalizer::add (41 bytes)
Event: 48.137 Thread 0x0000000054c21000 nmethod 697 0x000000000291bb90 code [0x000000000291bd00, 0x000000000291c090]

GC Heap History (4 events):
Event: 0.401 GC heap before
{Heap before GC invocations=1 (full 0):
 PSYoungGen      total 18944K, used 3610K [0x00000000eab00000, 0x00000000ec000000, 0x0000000100000000)
  eden space 16384K, 22% used [0x00000000eab00000,0x00000000eae86a38,0x00000000ebb00000)
  from space 2560K, 0% used [0x00000000ebd80000,0x00000000ebd80000,0x00000000ec000000)
  to   space 2560K, 0% used [0x00000000ebb00000,0x00000000ebb00000,0x00000000ebd80000)
 ParOldGen       total 44032K, used 0K [0x00000000c0000000, 0x00000000c2b00000, 0x00000000eab00000)
  object space 44032K, 0% used [0x00000000c0000000,0x00000000c0000000,0x00000000c2b00000)
 Metaspace       used 4477K, capacity 4732K, committed 4992K, reserved 1056768K
  class space    used 523K, capacity 556K, committed 640K, reserved 1048576K
Event: 0.403 GC heap after
Heap after GC invocations=1 (full 0):
 PSYoungGen      total 18944K, used 608K [0x00000000eab00000, 0x00000000ec000000, 0x0000000100000000)
  eden space 16384K, 0% used [0x00000000eab00000,0x00000000eab00000,0x00000000ebb00000)
  from space 2560K, 23% used [0x00000000ebb00000,0x00000000ebb98020,0x00000000ebd80000)
  to   space 2560K, 0% used [0x00000000ebd80000,0x00000000ebd80000,0x00000000ec000000)
 ParOldGen       total 44032K, used 8K [0x00000000c0000000, 0x00000000c2b00000, 0x00000000eab00000)
  object space 44032K, 0% used [0x00000000c0000000,0x00000000c0002000,0x00000000c2b00000)
 Metaspace       used 4477K, capacity 4732K, committed 4992K, reserved 1056768K
  class space    used 523K, capacity 556K, committed 640K, reserved 1048576K
}
Event: 0.403 GC heap before
{Heap before GC invocations=2 (full 1):
 PSYoungGen      total 18944K, used 608K [0x00000000eab00000, 0x00000000ec000000, 0x0000000100000000)
  eden space 16384K, 0% used [0x00000000eab00000,0x00000000eab00000,0x00000000ebb00000)
  from space 2560K, 23% used [0x00000000ebb00000,0x00000000ebb98020,0x00000000ebd80000)
  to   space 2560K, 0% used [0x00000000ebd80000,0x00000000ebd80000,0x00000000ec000000)
 ParOldGen       total 44032K, used 8K [0x00000000c0000000, 0x00000000c2b00000, 0x00000000eab00000)
  object space 44032K, 0% used [0x00000000c0000000,0x00000000c0002000,0x00000000c2b00000)
 Metaspace       used 4477K, capacity 4732K, committed 4992K, reserved 1056768K
  class space    used 523K, capacity 556K, committed 640K, reserved 1048576K
Event: 0.415 GC heap after
Heap after GC invocations=2 (full 1):
 PSYoungGen      total 18944K, used 0K [0x00000000eab00000, 0x00000000ec000000, 0x0000000100000000)
  eden space 16384K, 0% used [0x00000000eab00000,0x00000000eab00000,0x00000000ebb00000)
  from space 2560K, 0% used [0x00000000ebb00000,0x00000000ebb00000,0x00000000ebd80000)
  to   space 2560K, 0% used [0x00000000ebd80000,0x00000000ebd80000,0x00000000ec000000)
 ParOldGen       total 44032K, used 546K [0x00000000c0000000, 0x00000000c2b00000, 0x00000000eab00000)
  object space 44032K, 1% used [0x00000000c0000000,0x00000000c0088a10,0x00000000c2b00000)
 Metaspace       used 4477K, capacity 4732K, committed 4992K, reserved 1056768K
  class space    used 523K, capacity 556K, committed 640K, reserved 1048576K
}

Deoptimization events (1 events):
Event: 0.744 Thread 0x0000000001fcd800 Uncommon trap: reason=unstable_if action=reinterpret pc=0x0000000002824f68 method=org.sqlite.SQLiteJDBCLoader.contentsEquals(Ljava/io/InputStream;Ljava/io/InputStream;)Z @ 39

Internal exceptions (10 events):
Event: 0.440 Thread 0x0000000001fcd800 Exception <a 'java/security/PrivilegedActionException'> (0x00000000eab316b0) thrown at [C:\re\workspace\8-2-build-windows-amd64-cygwin\jdk8u71\5731\hotspot\src\share\vm\prims\jvm.cpp, line 1386]
Event: 0.440 Thread 0x0000000001fcd800 Exception <a 'java/security/PrivilegedActionException'> (0x00000000eab31aa8) thrown at [C:\re\workspace\8-2-build-windows-amd64-cygwin\jdk8u71\5731\hotspot\src\share\vm\prims\jvm.cpp, line 1386]
Event: 0.441 Thread 0x0000000001fcd800 Exception <a 'java/security/PrivilegedActionException'> (0x00000000eab35838) thrown at [C:\re\workspace\8-2-build-windows-amd64-cygwin\jdk8u71\5731\hotspot\src\share\vm\prims\jvm.cpp, line 1386]
Event: 0.441 Thread 0x0000000001fcd800 Exception <a 'java/security/PrivilegedActionException'> (0x00000000eab35c30) thrown at [C:\re\workspace\8-2-build-windows-amd64-cygwin\jdk8u71\5731\hotspot\src\share\vm\prims\jvm.cpp, line 1386]
Event: 0.861 Thread 0x00000000561ca800 Exception <a 'java/lang/NoSuchFieldError': method resolution failed> (0x00000000eaeaed18) thrown at [C:\re\workspace\8-2-build-windows-amd64-cygwin\jdk8u71\5731\hotspot\src\share\vm\prims\methodHandles.cpp, line 1146]
Event: 0.879 Thread 0x00000000561ca800 Exception <a 'java/lang/NoSuchFieldError': method resolution failed> (0x00000000eaebc0b8) thrown at [C:\re\workspace\8-2-build-windows-amd64-cygwin\jdk8u71\5731\hotspot\src\share\vm\prims\methodHandles.cpp, line 1146]
Event: 0.955 Thread 0x00000000561ca800 Exception <a 'java/lang/NoSuchMethodError': <clinit>> (0x00000000eaf47f90) thrown at [C:\re\workspace\8-2-build-windows-amd64-cygwin\jdk8u71\5731\hotspot\src\share\vm\prims\jni.cpp, line 1591]
Event: 0.964 Thread 0x00000000561ca800 Exception <a 'java/lang/NoSuchMethodError': <clinit>> (0x00000000eb03c890) thrown at [C:\re\workspace\8-2-build-windows-amd64-cygwin\jdk8u71\5731\hotspot\src\share\vm\prims\jni.cpp, line 1591]
Event: 0.969 Thread 0x0000000056279000 Exception <a 'java/lang/InterruptedException'> (0x00000000eb05b978) thrown at [C:\re\workspace\8-2-build-windows-amd64-cygwin\jdk8u71\5731\hotspot\src\share\vm\runtime\objectMonitor.cpp, line 1683]
Event: 48.138 Thread 0x000000005627a000 Exception <a 'java/lang/NoSuchMethodError': <clinit>> (0x00000000eb452288) thrown at [C:\re\workspace\8-2-build-windows-amd64-cygwin\jdk8u71\5731\hotspot\src\share\vm\prims\jni.cpp, line 1591]

Events (10 events):
Event: 27.142 loading class server/Game
Event: 27.142 loading class server/Game done
Event: 45.574 loading class java/util/TreeMap$KeySet
Event: 45.574 loading class java/util/TreeMap$KeySet done
Event: 45.574 loading class java/util/TreeMap$KeyIterator
Event: 45.574 loading class java/util/TreeMap$PrivateEntryIterator
Event: 45.575 loading class java/util/TreeMap$PrivateEntryIterator done
Event: 45.575 loading class java/util/TreeMap$KeyIterator done
Event: 48.112 Executing VM operation: RevokeBias
Event: 48.112 Executing VM operation: RevokeBias done


Dynamic libraries:
0x000000013f940000 - 0x000000013f977000 	C:\Program Files\Java\jre1.8.0_71\bin\javaw.exe
0x0000000077a50000 - 0x0000000077bfa000 	C:\Windows\SYSTEM32\ntdll.dll
0x0000000077930000 - 0x0000000077a4f000 	C:\Windows\system32\kernel32.dll
0x000007fefd9f0000 - 0x000007fefda5b000 	C:\Windows\system32\KERNELBASE.dll
0x000007fefe090000 - 0x000007fefe16b000 	C:\Windows\system32\ADVAPI32.dll
0x000007fefdcd0000 - 0x000007fefdd6f000 	C:\Windows\system32\msvcrt.dll
0x000007fefe070000 - 0x000007fefe08f000 	C:\Windows\SYSTEM32\sechost.dll
0x000007feff330000 - 0x000007feff45d000 	C:\Windows\system32\RPCRT4.dll
0x0000000077830000 - 0x000000007792a000 	C:\Windows\system32\USER32.dll
0x000007fefdc10000 - 0x000007fefdc77000 	C:\Windows\system32\GDI32.dll
0x000007feff480000 - 0x000007feff48e000 	C:\Windows\system32\LPK.dll
0x000007feff260000 - 0x000007feff32a000 	C:\Windows\system32\USP10.dll
0x000007fefc050000 - 0x000007fefc244000 	C:\Windows\WinSxS\amd64_microsoft.windows.common-controls_6595b64144ccf1df_6.0.7601.18837_none_fa3b1e3d17594757\COMCTL32.dll
0x000007fefdb90000 - 0x000007fefdc01000 	C:\Windows\system32\SHLWAPI.dll
0x000007feff190000 - 0x000007feff1be000 	C:\Windows\system32\IMM32.DLL
0x000007fefdf60000 - 0x000007fefe069000 	C:\Windows\system32\MSCTF.dll
0x0000000078b20000 - 0x0000000078bf2000 	C:\Program Files\Java\jre1.8.0_71\bin\msvcr100.dll
0x000000005e1c0000 - 0x000000005ea4f000 	C:\Program Files\Java\jre1.8.0_71\bin\server\jvm.dll
0x000007fef1080000 - 0x000007fef1089000 	C:\Windows\system32\WSOCK32.dll
0x000007fefdc80000 - 0x000007fefdccd000 	C:\Windows\system32\WS2_32.dll
0x000007feff9f0000 - 0x000007feff9f8000 	C:\Windows\system32\NSI.dll
0x000007fefa3b0000 - 0x000007fefa3eb000 	C:\Windows\system32\WINMM.dll
0x000007fefc6f0000 - 0x000007fefc6fc000 	C:\Windows\system32\VERSION.dll
0x0000000077c10000 - 0x0000000077c17000 	C:\Windows\system32\PSAPI.DLL
0x000000005e1b0000 - 0x000000005e1bf000 	C:\Program Files\Java\jre1.8.0_71\bin\verify.dll
0x000000005e180000 - 0x000000005e1a9000 	C:\Program Files\Java\jre1.8.0_71\bin\java.dll
0x000000005e160000 - 0x000000005e176000 	C:\Program Files\Java\jre1.8.0_71\bin\zip.dll
0x000007fefe400000 - 0x000007feff18a000 	C:\Windows\system32\SHELL32.dll
0x000007feff490000 - 0x000007feff693000 	C:\Windows\system32\ole32.dll
0x000007fefd7d0000 - 0x000007fefd7df000 	C:\Windows\system32\profapi.dll
0x000007fefcfd0000 - 0x000007fefcfe8000 	C:\Windows\system32\CRYPTSP.dll
0x000007fefccb0000 - 0x000007fefccf7000 	C:\Windows\system32\rsaenh.dll
0x000007fefd970000 - 0x000007fefd98e000 	C:\Windows\system32\USERENV.dll
0x000007fefd630000 - 0x000007fefd63f000 	C:\Windows\system32\CRYPTBASE.dll
0x000000005e120000 - 0x000000005e13a000 	C:\Program Files\Java\jre1.8.0_71\bin\net.dll
0x000007fefcf70000 - 0x000007fefcfc5000 	C:\Windows\system32\mswsock.dll
0x000007fefcf60000 - 0x000007fefcf67000 	C:\Windows\System32\wship6.dll
0x000007fef9eb0000 - 0x000007fef9ed7000 	C:\Windows\system32\IPHLPAPI.DLL
0x000007fef9ea0000 - 0x000007fef9eab000 	C:\Windows\system32\WINNSI.DLL
0x000007fef9c90000 - 0x000007fef9ca8000 	C:\Windows\system32\dhcpcsvc.DLL
0x000007fef9c70000 - 0x000007fef9c81000 	C:\Windows\system32\dhcpcsvc6.DLL
0x000000005e140000 - 0x000000005e151000 	C:\Program Files\Java\jre1.8.0_71\bin\nio.dll
0x000007fefcdd0000 - 0x000007fefce2b000 	C:\Windows\system32\DNSAPI.dll
0x000007fef6c80000 - 0x000007fef6c95000 	C:\Windows\system32\napinsp.dll
0x000007fef6c60000 - 0x000007fef6c79000 	C:\Windows\system32\pnrpnsp.dll
0x000007fef6c50000 - 0x000007fef6c5b000 	C:\Windows\System32\winrnr.dll
0x000007fefc970000 - 0x000007fefc977000 	C:\Windows\System32\wshtcpip.dll
0x000007fef8670000 - 0x000007fef8678000 	C:\Windows\system32\rasadhlp.dll
0x000007fef9d10000 - 0x000007fef9d63000 	C:\Windows\System32\fwpuclnt.dll
0x000000006d580000 - 0x000000006d63d000 	C:\Users\fyrweorm\AppData\Local\Temp\sqlite-3.8.11.2-454cd424-dbbe-4bb3-9c95-f855e523f72f-sqlitejdbc.dll
0x000007fefaab0000 - 0x000007fefabd5000 	C:\Windows\system32\dbghelp.dll

VM Arguments:
jvm_args: -Dfile.encoding=Cp1252 
java_command: server.Main
java_class_path (initial): C:\Users\fyrweorm\Desktop\Programmation\eclipse\WorkProjects\Exercice_RMI_Guess_Word_Multiplayer_RMI\bin;C:\Users\fyrweorm\Desktop\Programmation\eclipse\WorkProjects\000 - Files\sqlite-jdbc-3.8.11.2.jar
Launcher Type: SUN_STANDARD

Environment Variables:
PATH=C:/Program Files/Java/jre1.8.0_71/bin/server;C:/Program Files/Java/jre1.8.0_71/bin;C:/Program Files/Java/jre1.8.0_71/lib/amd64;C:\ProgramData\Oracle\Java\javapath;C:\Program Files (x86)\NVIDIA Corporation\PhysX\Common;C:\Windows\system32;C:\Windows;C:\Windows\System32\Wbem;C:\Windows\System32\WindowsPowerShell\v1.0\;C:\Program Files (x86)\Brackets\command;C:\Program Files (x86)\Skype\Phone\;C:\Users\fyrweorm\Desktop\Programmation\eclipse;
USERNAME=fyrweorm
OS=Windows_NT
PROCESSOR_IDENTIFIER=Intel64 Family 6 Model 23 Stepping 6, GenuineIntel



---------------  S Y S T E M  ---------------

OS: Windows 7 , 64 bit Build 7601 (6.1.7601.19135)

CPU:total 2 (2 cores per cpu, 1 threads per core) family 6 model 23 stepping 6, cmov, cx8, fxsr, mmx, sse, sse2, sse3, ssse3, sse4.1, tsc

Memory: 4k page, physical 4192464k(919664k free), swap 8383092k(3317904k free)

vm_info: Java HotSpot(TM) 64-Bit Server VM (25.71-b15) for windows-amd64 JRE (1.8.0_71-b15), built on Dec 22 2015 18:15:55 by "java_re" with MS VC++ 10.0 (VS2010)

time: Wed Feb 10 22:58:03 2016
elapsed time: 48 seconds (0d 0h 0m 48s)

