#
# A fatal error has been detected by the Java Runtime Environment:
#
#  EXCEPTION_ACCESS_VIOLATION (0xc0000005) at pc=0x000000006d58f1c7, pid=5932, tid=5440
#
# JRE version: Java(TM) SE Runtime Environment (8.0_71-b15) (build 1.8.0_71-b15)
# Java VM: Java HotSpot(TM) 64-Bit Server VM (25.71-b15 mixed mode windows-amd64 compressed oops)
# Problematic frame:
# C  [sqlite-3.8.11.2-3ef43d55-bebe-467f-af3f-f0ea9c9be389-sqlitejdbc.dll+0xf1c7]
#
# Failed to write core dump. Minidumps are not enabled by default on client versions of Windows
#
# If you would like to submit a bug report, please visit:
#   http://bugreport.java.com/bugreport/crash.jsp
# The crash happened outside the Java Virtual Machine in native code.
# See problematic frame for where to report the bug.
#

---------------  T H R E A D  ---------------

Current thread (0x0000000057189800):  JavaThread "RMI TCP Connection(4)-192.168.1.10" daemon [_thread_in_native, id=5440, stack(0x0000000057e80000,0x0000000057f80000)]

siginfo: ExceptionCode=0xc0000005, reading address 0xffffffffffffffff

Registers:
RAX=0x0000000000000000, RBX=0x00000000005edb33, RCX=0x00000000005edb33, RDX=0x73726573555c3a43
RSP=0x0000000057f7c690, RBP=0x0000000057f7c8a8, RSI=0x0000000054435220, RDI=0x00000000000002d8
R8 =0x00000000005ed7b0, R9 =0x0000000000000000, R10=0x000000000252433f, R11=0x000000005e3e9530
R12=0x0000000000000000, R13=0x00000000545aaf78, R14=0x0000000057f7c8e0, R15=0x0000000057189800
RIP=0x000000006d58f1c7, EFLAGS=0x0000000000010202

Top of Stack: (sp=0x0000000057f7c690)
0x0000000057f7c690:   0000000000000bad 0000000000000bad
0x0000000057f7c6a0:   0000000057188940 0000000000000001
0x0000000057f7c6b0:   0000000057189800 000000005e3d9312
0x0000000057f7c6c0:   00000000562648e0 0000000000000000
0x0000000057f7c6d0:   0000000000000000 0000000057188940
0x0000000057f7c6e0:   0000000056268808 000000005e3daaae
0x0000000057f7c6f0:   0000000057189800 0000000000000000
0x0000000057f7c700:   00000000545aaf78 000007fe00000001
0x0000000057f7c710:   0000000000000005 0000000057189800
0x0000000057f7c720:   0000000057f7c801 0000000054b31b30
0x0000000057f7c730:   0000000057189800 00000000005edb33
0x0000000057f7c740:   00000000000002d8 000000006d58f348
0x0000000057f7c750:   00000000eb0bbef8 00000000c005b338
0x0000000057f7c760:   0000000000000001 00000000eb29a040
0x0000000057f7c770:   00000000005ef3d8 0000000054435220
0x0000000057f7c780:   00000000000002d8 000000006d59948f 

Instructions: (pc=0x000000006d58f1c7)
0x000000006d58f1a7:   ff ff ff 66 0f 1f 44 00 00 57 53 48 81 ec a8 00
0x000000006d58f1b7:   00 00 31 c0 48 85 d2 48 89 cb 0f 84 b5 00 00 00
0x000000006d58f1c7:   4c 8b 52 28 4d 85 d2 0f 84 a8 00 00 00 4c 8d 44
0x000000006d58f1d7:   24 20 31 c0 b9 07 00 00 00 4c 8d 4c 24 60 4c 89 


Register to memory mapping:

RAX=0x0000000000000000 is an unknown value
RBX=0x00000000005edb33 is an unknown value
RCX=0x00000000005edb33 is an unknown value
RDX=0x73726573555c3a43 is an unknown value
RSP=0x0000000057f7c690 is pointing into the stack for thread: 0x0000000057189800
RBP=0x0000000057f7c8a8 is pointing into the stack for thread: 0x0000000057189800
RSI=0x0000000054435220 is pointing into metadata
RDI=0x00000000000002d8 is an unknown value
R8 =0x00000000005ed7b0 is an unknown value
R9 =0x0000000000000000 is an unknown value
R10=0x000000000252433f is at code_begin+1215 in an Interpreter codelet
method entry point (kind = native_synchronized)  [0x0000000002523e80, 0x0000000002524940]  2752 bytes
R11=0x000000005e3e9530 is an unknown value
R12=0x0000000000000000 is an unknown value
R13={method} {0x00000000545aaf80} 'column_int' '(JI)I' in 'org/sqlite/core/NativeDB'
R14=0x0000000057f7c8e0 is pointing into the stack for thread: 0x0000000057189800
R15=0x0000000057189800 is a thread


Stack: [0x0000000057e80000,0x0000000057f80000],  sp=0x0000000057f7c690,  free space=1009k
Native frames: (J=compiled Java code, j=interpreted, Vv=VM code, C=native code)
C  [sqlite-3.8.11.2-3ef43d55-bebe-467f-af3f-f0ea9c9be389-sqlitejdbc.dll+0xf1c7]
C  [sqlite-3.8.11.2-3ef43d55-bebe-467f-af3f-f0ea9c9be389-sqlitejdbc.dll+0xf348]
C  [sqlite-3.8.11.2-3ef43d55-bebe-467f-af3f-f0ea9c9be389-sqlitejdbc.dll+0x1948f]
C  [sqlite-3.8.11.2-3ef43d55-bebe-467f-af3f-f0ea9c9be389-sqlitejdbc.dll+0x195ae]
C  0x000000000252436b

Java frames: (J=compiled Java code, j=interpreted, Vv=VM code)
j  org.sqlite.core.NativeDB.column_int(JI)I+0
j  org.sqlite.jdbc3.JDBC3ResultSet.getInt(I)I+16
j  org.sqlite.jdbc3.JDBC3ResultSet.getInt(Ljava/lang/String;)I+6
j  server.WordsDatabase.getHelp(Ljava/lang/String;)[Ljava/lang/String;+61
j  server.ServerWG.getHelp(Ljava/lang/String;)[Ljava/lang/String;+5
v  ~StubRoutines::call_stub
j  sun.reflect.NativeMethodAccessorImpl.invoke0(Ljava/lang/reflect/Method;Ljava/lang/Object;[Ljava/lang/Object;)Ljava/lang/Object;+0
j  sun.reflect.NativeMethodAccessorImpl.invoke(Ljava/lang/Object;[Ljava/lang/Object;)Ljava/lang/Object;+100
j  sun.reflect.DelegatingMethodAccessorImpl.invoke(Ljava/lang/Object;[Ljava/lang/Object;)Ljava/lang/Object;+6
j  java.lang.reflect.Method.invoke(Ljava/lang/Object;[Ljava/lang/Object;)Ljava/lang/Object;+56
j  sun.rmi.server.UnicastServerRef.dispatch(Ljava/rmi/Remote;Ljava/rmi/server/RemoteCall;)V+242
j  sun.rmi.transport.Transport$1.run()Ljava/lang/Void;+23
j  sun.rmi.transport.Transport$1.run()Ljava/lang/Object;+1
v  ~StubRoutines::call_stub
J 613  java.security.AccessController.doPrivileged(Ljava/security/PrivilegedExceptionAction;Ljava/security/AccessControlContext;)Ljava/lang/Object; (0 bytes) @ 0x000000000274d566 [0x000000000274d500+0x66]
J 627 C1 sun.rmi.transport.Transport.serviceCall(Ljava/rmi/server/RemoteCall;)Z (380 bytes) @ 0x000000000275679c [0x0000000002754720+0x207c]
j  sun.rmi.transport.tcp.TCPTransport.handleMessages(Lsun/rmi/transport/Connection;Z)V+185
j  sun.rmi.transport.tcp.TCPTransport$ConnectionHandler.run0()V+685
j  sun.rmi.transport.tcp.TCPTransport$ConnectionHandler.lambda$run$256()Ljava/lang/Void;+1
j  sun.rmi.transport.tcp.TCPTransport$ConnectionHandler$$Lambda$1.run()Ljava/lang/Object;+4
v  ~StubRoutines::call_stub
j  java.security.AccessController.doPrivileged(Ljava/security/PrivilegedAction;Ljava/security/AccessControlContext;)Ljava/lang/Object;+0
j  sun.rmi.transport.tcp.TCPTransport$ConnectionHandler.run()V+58
j  java.util.concurrent.ThreadPoolExecutor.runWorker(Ljava/util/concurrent/ThreadPoolExecutor$Worker;)V+95
j  java.util.concurrent.ThreadPoolExecutor$Worker.run()V+5
j  java.lang.Thread.run()V+11
v  ~StubRoutines::call_stub

---------------  P R O C E S S  ---------------

Java Threads: ( => current thread )
=>0x0000000057189800 JavaThread "RMI TCP Connection(4)-192.168.1.10" daemon [_thread_in_native, id=5440, stack(0x0000000057e80000,0x0000000057f80000)]
  0x000000005715d000 JavaThread "RMI TCP Connection(3)-192.168.1.10" daemon [_thread_in_native, id=3752, stack(0x0000000057cb0000,0x0000000057db0000)]
  0x0000000001fed800 JavaThread "DestroyJavaVM" [_thread_blocked, id=5664, stack(0x0000000001ff0000,0x00000000020f0000)]
  0x0000000057221000 JavaThread "RMI TCP Connection(6)-192.168.1.10" daemon [_thread_in_native, id=4844, stack(0x0000000057ba0000,0x0000000057ca0000)]
  0x0000000057220800 JavaThread "RMI RenewClean-[192.168.1.10:61998]" daemon [_thread_blocked, id=2984, stack(0x0000000057a30000,0x0000000057b30000)]
  0x000000005622c000 JavaThread "RMI Scheduler(0)" daemon [_thread_blocked, id=3424, stack(0x0000000056590000,0x0000000056690000)]
  0x000000005622d000 JavaThread "RMI TCP Connection(5)-192.168.1.10" daemon [_thread_in_native, id=4268, stack(0x0000000056950000,0x0000000056a50000)]
  0x00000000561c0000 JavaThread "GC Daemon" daemon [_thread_blocked, id=3380, stack(0x0000000057040000,0x0000000057140000)]
  0x00000000561b5000 JavaThread "RMI Reaper" [_thread_blocked, id=1328, stack(0x0000000056e30000,0x0000000056f30000)]
  0x00000000561b2800 JavaThread "RMI TCP Accept-0" daemon [_thread_in_native, id=4188, stack(0x0000000056ca0000,0x0000000056da0000)]
  0x000000005619c800 JavaThread "RMI TCP Accept-1099" daemon [_thread_in_native, id=4884, stack(0x0000000056a60000,0x0000000056b60000)]
  0x0000000056008800 JavaThread "Service Thread" daemon [_thread_blocked, id=5376, stack(0x0000000055c80000,0x0000000055d80000)]
  0x0000000054b2f800 JavaThread "C1 CompilerThread1" daemon [_thread_blocked, id=5380, stack(0x0000000055ef0000,0x0000000055ff0000)]
  0x0000000054b19000 JavaThread "C2 CompilerThread0" daemon [_thread_blocked, id=2988, stack(0x0000000055d80000,0x0000000055e80000)]
  0x0000000054b17000 JavaThread "Attach Listener" daemon [_thread_blocked, id=3080, stack(0x0000000055b30000,0x0000000055c30000)]
  0x0000000054b1b800 JavaThread "Signal Dispatcher" daemon [_thread_blocked, id=5428, stack(0x0000000055520000,0x0000000055620000)]
  0x0000000054ab6000 JavaThread "Finalizer" daemon [_thread_blocked, id=3552, stack(0x0000000055a20000,0x0000000055b20000)]
  0x0000000054ab4800 JavaThread "Reference Handler" daemon [_thread_blocked, id=3828, stack(0x0000000055870000,0x0000000055970000)]

Other Threads:
  0x0000000054aac800 VMThread [stack: 0x0000000055620000,0x0000000055720000] [id=5828]
  0x0000000056014000 WatcherThread [stack: 0x0000000056490000,0x0000000056590000] [id=5200]

VM state:not at safepoint (normal execution)

VM Mutex/Monitor currently owned by a thread: None

Heap:
 PSYoungGen      total 18944K, used 7898K [0x00000000eab00000, 0x00000000ec000000, 0x0000000100000000)
  eden space 16384K, 48% used [0x00000000eab00000,0x00000000eb2b69b0,0x00000000ebb00000)
  from space 2560K, 0% used [0x00000000ebb00000,0x00000000ebb00000,0x00000000ebd80000)
  to   space 2560K, 0% used [0x00000000ebd80000,0x00000000ebd80000,0x00000000ec000000)
 ParOldGen       total 44032K, used 546K [0x00000000c0000000, 0x00000000c2b00000, 0x00000000eab00000)
  object space 44032K, 1% used [0x00000000c0000000,0x00000000c0088a20,0x00000000c2b00000)
 Metaspace       used 7624K, capacity 7810K, committed 7936K, reserved 1056768K
  class space    used 900K, capacity 965K, committed 1024K, reserved 1048576K

Card table byte_map: [0x00000000118d0000,0x0000000011ae0000] byte_map_base: 0x00000000112d0000

Marking Bits: (ParMarkBitMap*) 0x000000005e9cf600
 Begin Bits: [0x0000000011f80000, 0x0000000012f80000)
 End Bits:   [0x0000000012f80000, 0x0000000013f80000)

Polling page: 0x0000000000120000

CodeCache: size=245760Kb used=2450Kb max_used=2450Kb free=243309Kb
 bounds [0x0000000002510000, 0x0000000002780000, 0x0000000011510000]
 total_blobs=975 nmethods=652 adapters=238
 compilation: enabled

Compilation events (10 events):
Event: 26.475 Thread 0x0000000054b2f800  645       3       java.io.ObjectInputStream::checkResolve (48 bytes)
Event: 26.475 Thread 0x0000000054b2f800 nmethod 645 0x000000000276c8d0 code [0x000000000276ca60, 0x000000000276cf50]
Event: 26.475 Thread 0x0000000054b2f800  644       3       java.io.ObjectInputStream::readString (117 bytes)
Event: 26.477 Thread 0x0000000054b2f800 nmethod 644 0x000000000276e290 code [0x000000000276e580, 0x000000000276f718]
Event: 26.744 Thread 0x0000000054b2f800  646   !   3       java.io.ObjectInputStream$BlockDataInputStream::readBlockHeader (249 bytes)
Event: 26.747 Thread 0x0000000054b2f800 nmethod 646 0x00000000027703d0 code [0x00000000027707c0, 0x00000000027727b8]
Event: 27.044 Thread 0x0000000054b2f800  647   !   3       java.io.ObjectInputStream$ValidationList::doCallbacks (58 bytes)
Event: 27.045 Thread 0x0000000054b2f800 nmethod 647 0x000000000276bf10 code [0x000000000276c0c0, 0x000000000276c558]
Event: 27.678 Thread 0x0000000054b2f800  648       3       java.io.File::isInvalid (47 bytes)
Event: 27.679 Thread 0x0000000054b2f800 nmethod 648 0x000000000276b850 code [0x000000000276b9e0, 0x000000000276be08]

GC Heap History (4 events):
Event: 0.445 GC heap before
{Heap before GC invocations=1 (full 0):
 PSYoungGen      total 18944K, used 3286K [0x00000000eab00000, 0x00000000ec000000, 0x0000000100000000)
  eden space 16384K, 20% used [0x00000000eab00000,0x00000000eae359b8,0x00000000ebb00000)
  from space 2560K, 0% used [0x00000000ebd80000,0x00000000ebd80000,0x00000000ec000000)
  to   space 2560K, 0% used [0x00000000ebb00000,0x00000000ebb00000,0x00000000ebd80000)
 ParOldGen       total 44032K, used 0K [0x00000000c0000000, 0x00000000c2b00000, 0x00000000eab00000)
  object space 44032K, 0% used [0x00000000c0000000,0x00000000c0000000,0x00000000c2b00000)
 Metaspace       used 4476K, capacity 4732K, committed 4992K, reserved 1056768K
  class space    used 523K, capacity 556K, committed 640K, reserved 1048576K
Event: 0.448 GC heap after
Heap after GC invocations=1 (full 0):
 PSYoungGen      total 18944K, used 608K [0x00000000eab00000, 0x00000000ec000000, 0x0000000100000000)
  eden space 16384K, 0% used [0x00000000eab00000,0x00000000eab00000,0x00000000ebb00000)
  from space 2560K, 23% used [0x00000000ebb00000,0x00000000ebb98020,0x00000000ebd80000)
  to   space 2560K, 0% used [0x00000000ebd80000,0x00000000ebd80000,0x00000000ec000000)
 ParOldGen       total 44032K, used 8K [0x00000000c0000000, 0x00000000c2b00000, 0x00000000eab00000)
  object space 44032K, 0% used [0x00000000c0000000,0x00000000c0002000,0x00000000c2b00000)
 Metaspace       used 4476K, capacity 4732K, committed 4992K, reserved 1056768K
  class space    used 523K, capacity 556K, committed 640K, reserved 1048576K
}
Event: 0.448 GC heap before
{Heap before GC invocations=2 (full 1):
 PSYoungGen      total 18944K, used 608K [0x00000000eab00000, 0x00000000ec000000, 0x0000000100000000)
  eden space 16384K, 0% used [0x00000000eab00000,0x00000000eab00000,0x00000000ebb00000)
  from space 2560K, 23% used [0x00000000ebb00000,0x00000000ebb98020,0x00000000ebd80000)
  to   space 2560K, 0% used [0x00000000ebd80000,0x00000000ebd80000,0x00000000ec000000)
 ParOldGen       total 44032K, used 8K [0x00000000c0000000, 0x00000000c2b00000, 0x00000000eab00000)
  object space 44032K, 0% used [0x00000000c0000000,0x00000000c0002000,0x00000000c2b00000)
 Metaspace       used 4476K, capacity 4732K, committed 4992K, reserved 1056768K
  class space    used 523K, capacity 556K, committed 640K, reserved 1048576K
Event: 0.459 GC heap after
Heap after GC invocations=2 (full 1):
 PSYoungGen      total 18944K, used 0K [0x00000000eab00000, 0x00000000ec000000, 0x0000000100000000)
  eden space 16384K, 0% used [0x00000000eab00000,0x00000000eab00000,0x00000000ebb00000)
  from space 2560K, 0% used [0x00000000ebb00000,0x00000000ebb00000,0x00000000ebd80000)
  to   space 2560K, 0% used [0x00000000ebd80000,0x00000000ebd80000,0x00000000ec000000)
 ParOldGen       total 44032K, used 546K [0x00000000c0000000, 0x00000000c2b00000, 0x00000000eab00000)
  object space 44032K, 1% used [0x00000000c0000000,0x00000000c0088a20,0x00000000c2b00000)
 Metaspace       used 4476K, capacity 4732K, committed 4992K, reserved 1056768K
  class space    used 523K, capacity 556K, committed 640K, reserved 1048576K
}

Deoptimization events (1 events):
Event: 0.786 Thread 0x0000000001fed800 Uncommon trap: reason=unstable_if action=reinterpret pc=0x00000000026a1f28 method=org.sqlite.SQLiteJDBCLoader.contentsEquals(Ljava/io/InputStream;Ljava/io/InputStream;)Z @ 39

Internal exceptions (10 events):
Event: 0.065 Thread 0x0000000001fed800 Exception <a 'java/lang/NoSuchMethodError': Method sun.misc.Unsafe.prefetchRead(Ljava/lang/Object;J)V name or signature does not match> (0x00000000eab0d8e8) thrown at [C:\re\workspace\8-2-build-windows-amd64-cygwin\jdk8u71\5731\hotspot\src\share\vm\prims\jDµvËC¯Þ?
Event: 0.479 Thread 0x0000000001fed800 Exception <a 'java/security/PrivilegedActionException'> (0x00000000eab315c8) thrown at [C:\re\workspace\8-2-build-windows-amd64-cygwin\jdk8u71\5731\hotspot\src\share\vm\prims\jvm.cpp, line 1386]
Event: 0.479 Thread 0x0000000001fed800 Exception <a 'java/security/PrivilegedActionException'> (0x00000000eab319c0) thrown at [C:\re\workspace\8-2-build-windows-amd64-cygwin\jdk8u71\5731\hotspot\src\share\vm\prims\jvm.cpp, line 1386]
Event: 0.481 Thread 0x0000000001fed800 Exception <a 'java/security/PrivilegedActionException'> (0x00000000eab357e0) thrown at [C:\re\workspace\8-2-build-windows-amd64-cygwin\jdk8u71\5731\hotspot\src\share\vm\prims\jvm.cpp, line 1386]
Event: 0.481 Thread 0x0000000001fed800 Exception <a 'java/security/PrivilegedActionException'> (0x00000000eab35bd8) thrown at [C:\re\workspace\8-2-build-windows-amd64-cygwin\jdk8u71\5731\hotspot\src\share\vm\prims\jvm.cpp, line 1386]
Event: 0.899 Thread 0x000000005622d000 Exception <a 'java/lang/NoSuchFieldError': method resolution failed> (0x00000000eaeaec78) thrown at [C:\re\workspace\8-2-build-windows-amd64-cygwin\jdk8u71\5731\hotspot\src\share\vm\prims\methodHandles.cpp, line 1146]
Event: 0.909 Thread 0x000000005622d000 Exception <a 'java/lang/NoSuchFieldError': method resolution failed> (0x00000000eaebc2f0) thrown at [C:\re\workspace\8-2-build-windows-amd64-cygwin\jdk8u71\5731\hotspot\src\share\vm\prims\methodHandles.cpp, line 1146]
Event: 0.985 Thread 0x000000005622d000 Exception <a 'java/lang/NoSuchMethodError': <clinit>> (0x00000000eaf47ef0) thrown at [C:\re\workspace\8-2-build-windows-amd64-cygwin\jdk8u71\5731\hotspot\src\share\vm\prims\jni.cpp, line 1591]
Event: 0.989 Thread 0x000000005622d000 Exception <a 'java/lang/NoSuchMethodError': <clinit>> (0x00000000eb03c870) thrown at [C:\re\workspace\8-2-build-windows-amd64-cygwin\jdk8u71\5731\hotspot\src\share\vm\prims\jni.cpp, line 1591]
Event: 0.993 Thread 0x0000000057220800 Exception <a 'java/lang/InterruptedException'> (0x00000000eb03ffe0) thrown at [C:\re\workspace\8-2-build-windows-amd64-cygwin\jdk8u71\5731\hotspot\src\share\vm\runtime\objectMonitor.cpp, line 1683]

Events (10 events):
Event: 16.610 loading class server/Game
Event: 16.610 loading class server/Game done
Event: 24.611 loading class java/util/TreeMap$KeySet
Event: 24.611 loading class java/util/TreeMap$KeySet done
Event: 24.611 loading class java/util/TreeMap$KeyIterator
Event: 24.611 loading class java/util/TreeMap$PrivateEntryIterator
Event: 24.611 loading class java/util/TreeMap$PrivateEntryIterator done
Event: 24.611 loading class java/util/TreeMap$KeyIterator done
Event: 27.772 Executing VM operation: RevokeBias
Event: 27.772 Executing VM operation: RevokeBias done


Dynamic libraries:
0x000000013f770000 - 0x000000013f7a7000 	C:\Program Files\Java\jre1.8.0_71\bin\javaw.exe
0x0000000077a50000 - 0x0000000077bfa000 	C:\Windows\SYSTEM32\ntdll.dll
0x0000000077930000 - 0x0000000077a4f000 	C:\Windows\system32\kernel32.dll
0x000007fefd9f0000 - 0x000007fefda5b000 	C:\Windows\system32\KERNELBASE.dll
0x000007fefe090000 - 0x000007fefe16b000 	C:\Windows\system32\ADVAPI32.dll
0x000007fefdcd0000 - 0x000007fefdd6f000 	C:\Windows\system32\msvcrt.dll
0x000007fefe070000 - 0x000007fefe08f000 	C:\Windows\SYSTEM32\sechost.dll
0x000007feff330000 - 0x000007feff45d000 	C:\Windows\system32\RPCRT4.dll
0x0000000077830000 - 0x000000007792a000 	C:\Windows\system32\USER32.dll
0x000007fefdc10000 - 0x000007fefdc77000 	C:\Windows\system32\GDI32.dll
0x000007feff480000 - 0x000007feff48e000 	C:\Windows\system32\LPK.dll
0x000007feff260000 - 0x000007feff32a000 	C:\Windows\system32\USP10.dll
0x000007fefc050000 - 0x000007fefc244000 	C:\Windows\WinSxS\amd64_microsoft.windows.common-controls_6595b64144ccf1df_6.0.7601.18837_none_fa3b1e3d17594757\COMCTL32.dll
0x000007fefdb90000 - 0x000007fefdc01000 	C:\Windows\system32\SHLWAPI.dll
0x000007feff190000 - 0x000007feff1be000 	C:\Windows\system32\IMM32.DLL
0x000007fefdf60000 - 0x000007fefe069000 	C:\Windows\system32\MSCTF.dll
0x0000000079720000 - 0x00000000797f2000 	C:\Program Files\Java\jre1.8.0_71\bin\msvcr100.dll
0x000000005e1c0000 - 0x000000005ea4f000 	C:\Program Files\Java\jre1.8.0_71\bin\server\jvm.dll
0x000007fef1080000 - 0x000007fef1089000 	C:\Windows\system32\WSOCK32.dll
0x000007fefdc80000 - 0x000007fefdccd000 	C:\Windows\system32\WS2_32.dll
0x000007feff9f0000 - 0x000007feff9f8000 	C:\Windows\system32\NSI.dll
0x000007fefa3b0000 - 0x000007fefa3eb000 	C:\Windows\system32\WINMM.dll
0x000007fefc6f0000 - 0x000007fefc6fc000 	C:\Windows\system32\VERSION.dll
0x0000000077c10000 - 0x0000000077c17000 	C:\Windows\system32\PSAPI.DLL
0x000000005e1b0000 - 0x000000005e1bf000 	C:\Program Files\Java\jre1.8.0_71\bin\verify.dll
0x000000005e180000 - 0x000000005e1a9000 	C:\Program Files\Java\jre1.8.0_71\bin\java.dll
0x000000005e160000 - 0x000000005e176000 	C:\Program Files\Java\jre1.8.0_71\bin\zip.dll
0x000007fefe400000 - 0x000007feff18a000 	C:\Windows\system32\SHELL32.dll
0x000007feff490000 - 0x000007feff693000 	C:\Windows\system32\ole32.dll
0x000007fefd7d0000 - 0x000007fefd7df000 	C:\Windows\system32\profapi.dll
0x000007fefcfd0000 - 0x000007fefcfe8000 	C:\Windows\system32\CRYPTSP.dll
0x000007fefccb0000 - 0x000007fefccf7000 	C:\Windows\system32\rsaenh.dll
0x000007fefd970000 - 0x000007fefd98e000 	C:\Windows\system32\USERENV.dll
0x000007fefd630000 - 0x000007fefd63f000 	C:\Windows\system32\CRYPTBASE.dll
0x000000005e120000 - 0x000000005e13a000 	C:\Program Files\Java\jre1.8.0_71\bin\net.dll
0x000007fefcf70000 - 0x000007fefcfc5000 	C:\Windows\system32\mswsock.dll
0x000007fefcf60000 - 0x000007fefcf67000 	C:\Windows\System32\wship6.dll
0x000007fef9eb0000 - 0x000007fef9ed7000 	C:\Windows\system32\IPHLPAPI.DLL
0x000007fef9ea0000 - 0x000007fef9eab000 	C:\Windows\system32\WINNSI.DLL
0x000007fef9c90000 - 0x000007fef9ca8000 	C:\Windows\system32\dhcpcsvc.DLL
0x000007fef9c70000 - 0x000007fef9c81000 	C:\Windows\system32\dhcpcsvc6.DLL
0x000000005e140000 - 0x000000005e151000 	C:\Program Files\Java\jre1.8.0_71\bin\nio.dll
0x000007fefcdd0000 - 0x000007fefce2b000 	C:\Windows\system32\DNSAPI.dll
0x000007fef6c80000 - 0x000007fef6c95000 	C:\Windows\system32\napinsp.dll
0x000007fef6c60000 - 0x000007fef6c79000 	C:\Windows\system32\pnrpnsp.dll
0x000007fef6c50000 - 0x000007fef6c5b000 	C:\Windows\System32\winrnr.dll
0x000007fefc970000 - 0x000007fefc977000 	C:\Windows\System32\wshtcpip.dll
0x000007fef8670000 - 0x000007fef8678000 	C:\Windows\system32\rasadhlp.dll
0x000007fef9d10000 - 0x000007fef9d63000 	C:\Windows\System32\fwpuclnt.dll
0x000000006d580000 - 0x000000006d63d000 	C:\Users\fyrweorm\AppData\Local\Temp\sqlite-3.8.11.2-3ef43d55-bebe-467f-af3f-f0ea9c9be389-sqlitejdbc.dll
0x000007fefaab0000 - 0x000007fefabd5000 	C:\Windows\system32\dbghelp.dll

VM Arguments:
jvm_args: -Dfile.encoding=Cp1252 
java_command: server.Main
java_class_path (initial): C:\Users\fyrweorm\Desktop\Programmation\eclipse\WorkProjects\Exercice_RMI_Guess_Word_Multiplayer_RMI\bin;C:\Users\fyrweorm\Desktop\Programmation\eclipse\WorkProjects\000 - Files\sqlite-jdbc-3.8.11.2.jar
Launcher Type: SUN_STANDARD

Environment Variables:
PATH=C:/Program Files/Java/jre1.8.0_71/bin/server;C:/Program Files/Java/jre1.8.0_71/bin;C:/Program Files/Java/jre1.8.0_71/lib/amd64;C:\ProgramData\Oracle\Java\javapath;C:\Program Files (x86)\NVIDIA Corporation\PhysX\Common;C:\Windows\system32;C:\Windows;C:\Windows\System32\Wbem;C:\Windows\System32\WindowsPowerShell\v1.0\;C:\Program Files (x86)\Brackets\command;C:\Program Files (x86)\Skype\Phone\;C:\Users\fyrweorm\Desktop\Programmation\eclipse;
USERNAME=fyrweorm
OS=Windows_NT
PROCESSOR_IDENTIFIER=Intel64 Family 6 Model 23 Stepping 6, GenuineIntel



---------------  S Y S T E M  ---------------

OS: Windows 7 , 64 bit Build 7601 (6.1.7601.19135)

CPU:total 2 (2 cores per cpu, 1 threads per core) family 6 model 23 stepping 6, cmov, cx8, fxsr, mmx, sse, sse2, sse3, ssse3, sse4.1, tsc

Memory: 4k page, physical 4192464k(898944k free), swap 8383092k(3819508k free)

vm_info: Java HotSpot(TM) 64-Bit Server VM (25.71-b15) for windows-amd64 JRE (1.8.0_71-b15), built on Dec 22 2015 18:15:55 by "java_re" with MS VC++ 10.0 (VS2010)

time: Wed Feb 10 18:58:23 2016
elapsed time: 27 seconds (0d 0h 0m 27s)

