#
# A fatal error has been detected by the Java Runtime Environment:
#
#  EXCEPTION_ACCESS_VIOLATION (0xc0000005) at pc=0x000000006d58f1c7, pid=3664, tid=7296
#
# JRE version: Java(TM) SE Runtime Environment (8.0_71-b15) (build 1.8.0_71-b15)
# Java VM: Java HotSpot(TM) 64-Bit Server VM (25.71-b15 mixed mode windows-amd64 compressed oops)
# Problematic frame:
# C  [sqlite-3.8.11.2-6a3c872e-e6ea-476f-8fbe-343c9a284d2a-sqlitejdbc.dll+0xf1c7]
#
# Failed to write core dump. Minidumps are not enabled by default on client versions of Windows
#
# If you would like to submit a bug report, please visit:
#   http://bugreport.java.com/bugreport/crash.jsp
# The crash happened outside the Java Virtual Machine in native code.
# See problematic frame for where to report the bug.
#

---------------  T H R E A D  ---------------

Current thread (0x0000000054b67000):  JavaThread "RMI TCP Connection(4)-192.168.1.10" daemon [_thread_in_native, id=7296, stack(0x0000000058000000,0x0000000058100000)]

siginfo: ExceptionCode=0xc0000005, reading address 0xffffffffffffffff

Registers:
RAX=0x0000000000000000, RBX=0x000000000053db33, RCX=0x000000000053db33, RDX=0x73726573555c3a43
RSP=0x00000000580fca30, RBP=0x00000000580fcc48, RSI=0x0000000054425220, RDI=0x00000000000002d8
R8 =0x000000000053d7b0, R9 =0x0000000000000000, R10=0x00000000026d433f, R11=0x000000005e669530
R12=0x0000000000000000, R13=0x000000005459b0c8, R14=0x00000000580fcc80, R15=0x0000000054b67000
RIP=0x000000006d58f1c7, EFLAGS=0x0000000000010202

Top of Stack: (sp=0x00000000580fca30)
0x00000000580fca30:   0000000000000bad 0000000000000bad
0x00000000580fca40:   00000000564b2c00 0000000000000001
0x00000000580fca50:   0000000054b67000 000000005e659312
0x00000000580fca60:   00000000564a29f0 0000000000000000
0x00000000580fca70:   0000000000000000 00000000564b2c00
0x00000000580fca80:   00000000564da278 000000005e65aaae
0x00000000580fca90:   0000000054b67000 0000000000000000
0x00000000580fcaa0:   000000005459b0c8 000007fe00000001
0x00000000580fcab0:   0000000000000005 0000000054b67000
0x00000000580fcac0:   00000000580fcc01 00000000562555d0
0x00000000580fcad0:   0000000054b67000 000000000053db33
0x00000000580fcae0:   00000000000002d8 000000006d58f348
0x00000000580fcaf0:   00000000eb0bbf28 00000000c005b1e0
0x00000000580fcb00:   0000000000000001 00000000eb2ce2b8
0x00000000580fcb10:   000000000053f3d8 0000000054425220
0x00000000580fcb20:   00000000000002d8 000000006d59948f 

Instructions: (pc=0x000000006d58f1c7)
0x000000006d58f1a7:   ff ff ff 66 0f 1f 44 00 00 57 53 48 81 ec a8 00
0x000000006d58f1b7:   00 00 31 c0 48 85 d2 48 89 cb 0f 84 b5 00 00 00
0x000000006d58f1c7:   4c 8b 52 28 4d 85 d2 0f 84 a8 00 00 00 4c 8d 44
0x000000006d58f1d7:   24 20 31 c0 b9 07 00 00 00 4c 8d 4c 24 60 4c 89 


Register to memory mapping:

RAX=0x0000000000000000 is an unknown value
RBX=0x000000000053db33 is an unknown value
RCX=0x000000000053db33 is an unknown value
RDX=0x73726573555c3a43 is an unknown value
RSP=0x00000000580fca30 is pointing into the stack for thread: 0x0000000054b67000
RBP=0x00000000580fcc48 is pointing into the stack for thread: 0x0000000054b67000
RSI=0x0000000054425220 is pointing into metadata
RDI=0x00000000000002d8 is an unknown value
R8 =0x000000000053d7b0 is an unknown value
R9 =0x0000000000000000 is an unknown value
R10=0x00000000026d433f is at code_begin+1215 in an Interpreter codelet
method entry point (kind = native_synchronized)  [0x00000000026d3e80, 0x00000000026d4940]  2752 bytes
R11=0x000000005e669530 is an unknown value
R12=0x0000000000000000 is an unknown value
R13={method} {0x000000005459b0d0} 'column_int' '(JI)I' in 'org/sqlite/core/NativeDB'
R14=0x00000000580fcc80 is pointing into the stack for thread: 0x0000000054b67000
R15=0x0000000054b67000 is a thread


Stack: [0x0000000058000000,0x0000000058100000],  sp=0x00000000580fca30,  free space=1010k
Native frames: (J=compiled Java code, j=interpreted, Vv=VM code, C=native code)
C  [sqlite-3.8.11.2-6a3c872e-e6ea-476f-8fbe-343c9a284d2a-sqlitejdbc.dll+0xf1c7]
C  [sqlite-3.8.11.2-6a3c872e-e6ea-476f-8fbe-343c9a284d2a-sqlitejdbc.dll+0xf348]
C  [sqlite-3.8.11.2-6a3c872e-e6ea-476f-8fbe-343c9a284d2a-sqlitejdbc.dll+0x1948f]
C  [sqlite-3.8.11.2-6a3c872e-e6ea-476f-8fbe-343c9a284d2a-sqlitejdbc.dll+0x195ae]
C  0x00000000026d436b

Java frames: (J=compiled Java code, j=interpreted, Vv=VM code)
j  org.sqlite.core.NativeDB.column_int(JI)I+0
j  org.sqlite.jdbc3.JDBC3ResultSet.getInt(I)I+16
j  org.sqlite.jdbc3.JDBC3ResultSet.getInt(Ljava/lang/String;)I+6
j  server.WordsDatabase.getHelp(Ljava/lang/String;)[Ljava/lang/String;+61
j  server.ServerWG.getHelp(Ljava/lang/String;)[Ljava/lang/String;+5
v  ~StubRoutines::call_stub
j  sun.reflect.NativeMethodAccessorImpl.invoke0(Ljava/lang/reflect/Method;Ljava/lang/Object;[Ljava/lang/Object;)Ljava/lang/Object;+0
j  sun.reflect.NativeMethodAccessorImpl.invoke(Ljava/lang/Object;[Ljava/lang/Object;)Ljava/lang/Object;+100
J 676 C1 sun.reflect.DelegatingMethodAccessorImpl.invoke(Ljava/lang/Object;[Ljava/lang/Object;)Ljava/lang/Object; (10 bytes) @ 0x0000000002938904 [0x0000000002938800+0x104]
J 675 C1 java.lang.reflect.Method.invoke(Ljava/lang/Object;[Ljava/lang/Object;)Ljava/lang/Object; (62 bytes) @ 0x000000000293831c [0x0000000002937f40+0x3dc]
J 680 C1 sun.rmi.server.UnicastServerRef.dispatch(Ljava/rmi/Remote;Ljava/rmi/server/RemoteCall;)V (444 bytes) @ 0x000000000293a2d4 [0x0000000002939620+0xcb4]
J 677 C1 sun.rmi.transport.Transport$1.run()Ljava/lang/Object; (5 bytes) @ 0x0000000002938e7c [0x0000000002938ca0+0x1dc]
v  ~StubRoutines::call_stub
J 554  java.security.AccessController.doPrivileged(Ljava/security/PrivilegedExceptionAction;Ljava/security/AccessControlContext;)Ljava/lang/Object; (0 bytes) @ 0x00000000028db166 [0x00000000028db100+0x66]
J 641 C1 sun.rmi.transport.Transport.serviceCall(Ljava/rmi/server/RemoteCall;)Z (380 bytes) @ 0x000000000290d024 [0x000000000290af20+0x2104]
j  sun.rmi.transport.tcp.TCPTransport.handleMessages(Lsun/rmi/transport/Connection;Z)V+185
j  sun.rmi.transport.tcp.TCPTransport$ConnectionHandler.run0()V+685
j  sun.rmi.transport.tcp.TCPTransport$ConnectionHandler.lambda$run$256()Ljava/lang/Void;+1
j  sun.rmi.transport.tcp.TCPTransport$ConnectionHandler$$Lambda$1.run()Ljava/lang/Object;+4
v  ~StubRoutines::call_stub
j  java.security.AccessController.doPrivileged(Ljava/security/PrivilegedAction;Ljava/security/AccessControlContext;)Ljava/lang/Object;+0
j  sun.rmi.transport.tcp.TCPTransport$ConnectionHandler.run()V+58
j  java.util.concurrent.ThreadPoolExecutor.runWorker(Ljava/util/concurrent/ThreadPoolExecutor$Worker;)V+95
j  java.util.concurrent.ThreadPoolExecutor$Worker.run()V+5
j  java.lang.Thread.run()V+11
v  ~StubRoutines::call_stub

---------------  P R O C E S S  ---------------

Java Threads: ( => current thread )
=>0x0000000054b67000 JavaThread "RMI TCP Connection(4)-192.168.1.10" daemon [_thread_in_native, id=7296, stack(0x0000000058000000,0x0000000058100000)]
  0x0000000056311000 JavaThread "RMI TCP Connection(3)-192.168.1.10" daemon [_thread_in_native, id=2936, stack(0x0000000057e70000,0x0000000057f70000)]
  0x0000000001fbd800 JavaThread "DestroyJavaVM" [_thread_blocked, id=1704, stack(0x00000000022f0000,0x00000000023f0000)]
  0x00000000564b2000 JavaThread "RMI TCP Connection(5)-192.168.1.10" daemon [_thread_in_native, id=8568, stack(0x0000000057d70000,0x0000000057e70000)]
  0x00000000564b1800 JavaThread "RMI RenewClean-[192.168.1.10:51989]" daemon [_thread_blocked, id=6132, stack(0x0000000057b90000,0x0000000057c90000)]
  0x00000000564ac800 JavaThread "RMI Scheduler(0)" daemon [_thread_blocked, id=7704, stack(0x0000000056dc0000,0x0000000056ec0000)]
  0x0000000056315800 JavaThread "RMI TCP Connection(6)-192.168.1.10" daemon [_thread_in_native, id=8904, stack(0x00000000571e0000,0x00000000572e0000)]
  0x0000000056254000 JavaThread "GC Daemon" daemon [_thread_blocked, id=7844, stack(0x0000000057070000,0x0000000057170000)]
  0x000000005624c800 JavaThread "RMI Reaper" [_thread_blocked, id=8044, stack(0x0000000056ec0000,0x0000000056fc0000)]
  0x00000000562c8800 JavaThread "RMI TCP Accept-0" daemon [_thread_in_native, id=1176, stack(0x0000000056c80000,0x0000000056d80000)]
  0x0000000056280800 JavaThread "RMI TCP Accept-1099" daemon [_thread_in_native, id=5548, stack(0x0000000056ab0000,0x0000000056bb0000)]
  0x00000000560fb000 JavaThread "Service Thread" daemon [_thread_blocked, id=4936, stack(0x0000000056550000,0x0000000056650000)]
  0x0000000054b0e000 JavaThread "C1 CompilerThread1" daemon [_thread_blocked, id=5572, stack(0x0000000055fe0000,0x00000000560e0000)]
  0x0000000054b0b000 JavaThread "C2 CompilerThread0" daemon [_thread_blocked, id=3308, stack(0x0000000055d80000,0x0000000055e80000)]
  0x0000000054b09000 JavaThread "Attach Listener" daemon [_thread_blocked, id=612, stack(0x0000000055c80000,0x0000000055d80000)]
  0x0000000054b0f800 JavaThread "Signal Dispatcher" daemon [_thread_blocked, id=6188, stack(0x0000000055a40000,0x0000000055b40000)]
  0x0000000054aab800 JavaThread "Finalizer" daemon [_thread_blocked, id=7312, stack(0x00000000558d0000,0x00000000559d0000)]
  0x0000000054aa4800 JavaThread "Reference Handler" daemon [_thread_blocked, id=4364, stack(0x0000000055710000,0x0000000055810000)]

Other Threads:
  0x0000000054a9c800 VMThread [stack: 0x0000000055440000,0x0000000055540000] [id=9004]
  0x0000000056109000 WatcherThread [stack: 0x0000000056750000,0x0000000056850000] [id=4608]

VM state:not at safepoint (normal execution)

VM Mutex/Monitor currently owned by a thread: None

Heap:
 PSYoungGen      total 18944K, used 8007K [0x00000000eab00000, 0x00000000ec000000, 0x0000000100000000)
  eden space 16384K, 48% used [0x00000000eab00000,0x00000000eb2d1fc0,0x00000000ebb00000)
  from space 2560K, 0% used [0x00000000ebb00000,0x00000000ebb00000,0x00000000ebd80000)
  to   space 2560K, 0% used [0x00000000ebd80000,0x00000000ebd80000,0x00000000ec000000)
 ParOldGen       total 44032K, used 546K [0x00000000c0000000, 0x00000000c2b00000, 0x00000000eab00000)
  object space 44032K, 1% used [0x00000000c0000000,0x00000000c0088a20,0x00000000c2b00000)
 Metaspace       used 7656K, capacity 7810K, committed 7936K, reserved 1056768K
  class space    used 900K, capacity 965K, committed 1024K, reserved 1048576K

Card table byte_map: [0x0000000011a80000,0x0000000011c90000] byte_map_base: 0x0000000011480000

Marking Bits: (ParMarkBitMap*) 0x000000005ec4f600
 Begin Bits: [0x0000000011f70000, 0x0000000012f70000)
 End Bits:   [0x0000000012f70000, 0x0000000013f70000)

Polling page: 0x00000000001b0000

CodeCache: size=245760Kb used=2572Kb max_used=2572Kb free=243187Kb
 bounds [0x00000000026c0000, 0x0000000002950000, 0x00000000116c0000]
 total_blobs=1011 nmethods=688 adapters=238
 compilation: enabled

Compilation events (10 events):
Event: 33.072 Thread 0x0000000054b0e000  681   !   3       sun.rmi.server.UnicastServerRef::logCall (96 bytes)
Event: 33.076 Thread 0x0000000054b0e000 nmethod 681 0x000000000293e7d0 code [0x000000000293eb00, 0x0000000002940528]
Event: 33.076 Thread 0x0000000054b0e000  682       3       sun.rmi.server.UnicastServerRef::unmarshalCustomCallData (1 bytes)
Event: 33.076 Thread 0x0000000054b0e000 nmethod 682 0x00000000029412d0 code [0x0000000002941420, 0x0000000002941570]
Event: 33.233 Thread 0x0000000054b0e000  683       3       java.util.TreeMap::getEntry (84 bytes)
Event: 33.234 Thread 0x0000000054b0e000 nmethod 683 0x00000000029415d0 code [0x0000000002941780, 0x0000000002941de8]
Event: 33.361 Thread 0x0000000054b0e000  684       1       java.io.OutputStream::flush (1 bytes)
Event: 33.361 Thread 0x0000000054b0e000 nmethod 684 0x0000000002941fd0 code [0x0000000002942120, 0x0000000002942230]
Event: 34.036 Thread 0x0000000054b0e000  685       3       java.io.File::isInvalid (47 bytes)
Event: 34.036 Thread 0x0000000054b0e000 nmethod 685 0x0000000002942290 code [0x0000000002942420, 0x0000000002942848]

GC Heap History (4 events):
Event: 0.390 GC heap before
{Heap before GC invocations=1 (full 0):
 PSYoungGen      total 18944K, used 3610K [0x00000000eab00000, 0x00000000ec000000, 0x0000000100000000)
  eden space 16384K, 22% used [0x00000000eab00000,0x00000000eae86950,0x00000000ebb00000)
  from space 2560K, 0% used [0x00000000ebd80000,0x00000000ebd80000,0x00000000ec000000)
  to   space 2560K, 0% used [0x00000000ebb00000,0x00000000ebb00000,0x00000000ebd80000)
 ParOldGen       total 44032K, used 0K [0x00000000c0000000, 0x00000000c2b00000, 0x00000000eab00000)
  object space 44032K, 0% used [0x00000000c0000000,0x00000000c0000000,0x00000000c2b00000)
 Metaspace       used 4479K, capacity 4732K, committed 4992K, reserved 1056768K
  class space    used 523K, capacity 556K, committed 640K, reserved 1048576K
Event: 0.392 GC heap after
Heap after GC invocations=1 (full 0):
 PSYoungGen      total 18944K, used 608K [0x00000000eab00000, 0x00000000ec000000, 0x0000000100000000)
  eden space 16384K, 0% used [0x00000000eab00000,0x00000000eab00000,0x00000000ebb00000)
  from space 2560K, 23% used [0x00000000ebb00000,0x00000000ebb98020,0x00000000ebd80000)
  to   space 2560K, 0% used [0x00000000ebd80000,0x00000000ebd80000,0x00000000ec000000)
 ParOldGen       total 44032K, used 8K [0x00000000c0000000, 0x00000000c2b00000, 0x00000000eab00000)
  object space 44032K, 0% used [0x00000000c0000000,0x00000000c0002000,0x00000000c2b00000)
 Metaspace       used 4479K, capacity 4732K, committed 4992K, reserved 1056768K
  class space    used 523K, capacity 556K, committed 640K, reserved 1048576K
}
Event: 0.393 GC heap before
{Heap before GC invocations=2 (full 1):
 PSYoungGen      total 18944K, used 608K [0x00000000eab00000, 0x00000000ec000000, 0x0000000100000000)
  eden space 16384K, 0% used [0x00000000eab00000,0x00000000eab00000,0x00000000ebb00000)
  from space 2560K, 23% used [0x00000000ebb00000,0x00000000ebb98020,0x00000000ebd80000)
  to   space 2560K, 0% used [0x00000000ebd80000,0x00000000ebd80000,0x00000000ec000000)
 ParOldGen       total 44032K, used 8K [0x00000000c0000000, 0x00000000c2b00000, 0x00000000eab00000)
  object space 44032K, 0% used [0x00000000c0000000,0x00000000c0002000,0x00000000c2b00000)
 Metaspace       used 4479K, capacity 4732K, committed 4992K, reserved 1056768K
  class space    used 523K, capacity 556K, committed 640K, reserved 1048576K
Event: 0.405 GC heap after
Heap after GC invocations=2 (full 1):
 PSYoungGen      total 18944K, used 0K [0x00000000eab00000, 0x00000000ec000000, 0x0000000100000000)
  eden space 16384K, 0% used [0x00000000eab00000,0x00000000eab00000,0x00000000ebb00000)
  from space 2560K, 0% used [0x00000000ebb00000,0x00000000ebb00000,0x00000000ebd80000)
  to   space 2560K, 0% used [0x00000000ebd80000,0x00000000ebd80000,0x00000000ec000000)
 ParOldGen       total 44032K, used 546K [0x00000000c0000000, 0x00000000c2b00000, 0x00000000eab00000)
  object space 44032K, 1% used [0x00000000c0000000,0x00000000c0088a20,0x00000000c2b00000)
 Metaspace       used 4479K, capacity 4732K, committed 4992K, reserved 1056768K
  class space    used 523K, capacity 556K, committed 640K, reserved 1048576K
}

Deoptimization events (1 events):
Event: 0.732 Thread 0x0000000001fbd800 Uncommon trap: reason=unstable_if action=reinterpret pc=0x00000000028583e8 method=org.sqlite.SQLiteJDBCLoader.contentsEquals(Ljava/io/InputStream;Ljava/io/InputStream;)Z @ 39

Internal exceptions (10 events):
Event: 0.052 Thread 0x0000000001fbd800 Exception <a 'java/lang/NoSuchMethodError': Method sun.misc.Unsafe.prefetchRead(Ljava/lang/Object;J)V name or signature does not match> (0x00000000eab0d768) thrown at [C:\re\workspace\8-2-build-windows-amd64-cygwin\jdk8u71\5731\hotspot\src\share\vm\prims\jKoœ‚[Û?
Event: 0.427 Thread 0x0000000001fbd800 Exception <a 'java/security/PrivilegedActionException'> (0x00000000eab31ae0) thrown at [C:\re\workspace\8-2-build-windows-amd64-cygwin\jdk8u71\5731\hotspot\src\share\vm\prims\jvm.cpp, line 1386]
Event: 0.428 Thread 0x0000000001fbd800 Exception <a 'java/security/PrivilegedActionException'> (0x00000000eab31ed8) thrown at [C:\re\workspace\8-2-build-windows-amd64-cygwin\jdk8u71\5731\hotspot\src\share\vm\prims\jvm.cpp, line 1386]
Event: 0.429 Thread 0x0000000001fbd800 Exception <a 'java/security/PrivilegedActionException'> (0x00000000eab35c68) thrown at [C:\re\workspace\8-2-build-windows-amd64-cygwin\jdk8u71\5731\hotspot\src\share\vm\prims\jvm.cpp, line 1386]
Event: 0.429 Thread 0x0000000001fbd800 Exception <a 'java/security/PrivilegedActionException'> (0x00000000eab36060) thrown at [C:\re\workspace\8-2-build-windows-amd64-cygwin\jdk8u71\5731\hotspot\src\share\vm\prims\jvm.cpp, line 1386]
Event: 0.952 Thread 0x0000000056315800 Exception <a 'java/lang/NoSuchFieldError': method resolution failed> (0x00000000eaeaef38) thrown at [C:\re\workspace\8-2-build-windows-amd64-cygwin\jdk8u71\5731\hotspot\src\share\vm\prims\methodHandles.cpp, line 1146]
Event: 0.956 Thread 0x0000000056315800 Exception <a 'java/lang/NoSuchFieldError': method resolution failed> (0x00000000eaebc2d8) thrown at [C:\re\workspace\8-2-build-windows-amd64-cygwin\jdk8u71\5731\hotspot\src\share\vm\prims\methodHandles.cpp, line 1146]
Event: 1.032 Thread 0x0000000056315800 Exception <a 'java/lang/NoSuchMethodError': <clinit>> (0x00000000eaf47bf0) thrown at [C:\re\workspace\8-2-build-windows-amd64-cygwin\jdk8u71\5731\hotspot\src\share\vm\prims\jni.cpp, line 1591]
Event: 1.035 Thread 0x0000000056315800 Exception <a 'java/lang/NoSuchMethodError': <clinit>> (0x00000000eb03c4c8) thrown at [C:\re\workspace\8-2-build-windows-amd64-cygwin\jdk8u71\5731\hotspot\src\share\vm\prims\jni.cpp, line 1591]
Event: 1.039 Thread 0x00000000564b1800 Exception <a 'java/lang/InterruptedException'> (0x00000000eb03ff78) thrown at [C:\re\workspace\8-2-build-windows-amd64-cygwin\jdk8u71\5731\hotspot\src\share\vm\runtime\objectMonitor.cpp, line 1683]

Events (10 events):
Event: 21.624 loading class server/Game
Event: 21.624 loading class server/Game done
Event: 31.406 loading class java/util/TreeMap$KeySet
Event: 31.407 loading class java/util/TreeMap$KeySet done
Event: 31.407 loading class java/util/TreeMap$KeyIterator
Event: 31.407 loading class java/util/TreeMap$PrivateEntryIterator
Event: 31.407 loading class java/util/TreeMap$PrivateEntryIterator done
Event: 31.407 loading class java/util/TreeMap$KeyIterator done
Event: 34.213 Executing VM operation: RevokeBias
Event: 34.213 Executing VM operation: RevokeBias done


Dynamic libraries:
0x000000013fab0000 - 0x000000013fae7000 	C:\Program Files\Java\jre1.8.0_71\bin\javaw.exe
0x0000000077a50000 - 0x0000000077bfa000 	C:\Windows\SYSTEM32\ntdll.dll
0x0000000077930000 - 0x0000000077a4f000 	C:\Windows\system32\kernel32.dll
0x000007fefd9f0000 - 0x000007fefda5b000 	C:\Windows\system32\KERNELBASE.dll
0x000007fefe090000 - 0x000007fefe16b000 	C:\Windows\system32\ADVAPI32.dll
0x000007fefdcd0000 - 0x000007fefdd6f000 	C:\Windows\system32\msvcrt.dll
0x000007fefe070000 - 0x000007fefe08f000 	C:\Windows\SYSTEM32\sechost.dll
0x000007feff330000 - 0x000007feff45d000 	C:\Windows\system32\RPCRT4.dll
0x0000000077830000 - 0x000000007792a000 	C:\Windows\system32\USER32.dll
0x000007fefdc10000 - 0x000007fefdc77000 	C:\Windows\system32\GDI32.dll
0x000007feff480000 - 0x000007feff48e000 	C:\Windows\system32\LPK.dll
0x000007feff260000 - 0x000007feff32a000 	C:\Windows\system32\USP10.dll
0x000007fefc050000 - 0x000007fefc244000 	C:\Windows\WinSxS\amd64_microsoft.windows.common-controls_6595b64144ccf1df_6.0.7601.18837_none_fa3b1e3d17594757\COMCTL32.dll
0x000007fefdb90000 - 0x000007fefdc01000 	C:\Windows\system32\SHLWAPI.dll
0x000007feff190000 - 0x000007feff1be000 	C:\Windows\system32\IMM32.DLL
0x000007fefdf60000 - 0x000007fefe069000 	C:\Windows\system32\MSCTF.dll
0x00000000604f0000 - 0x00000000605c2000 	C:\Program Files\Java\jre1.8.0_71\bin\msvcr100.dll
0x000000005e440000 - 0x000000005eccf000 	C:\Program Files\Java\jre1.8.0_71\bin\server\jvm.dll
0x000007fef1080000 - 0x000007fef1089000 	C:\Windows\system32\WSOCK32.dll
0x000007fefdc80000 - 0x000007fefdccd000 	C:\Windows\system32\WS2_32.dll
0x000007feff9f0000 - 0x000007feff9f8000 	C:\Windows\system32\NSI.dll
0x000007fefa3b0000 - 0x000007fefa3eb000 	C:\Windows\system32\WINMM.dll
0x000007fefc6f0000 - 0x000007fefc6fc000 	C:\Windows\system32\VERSION.dll
0x0000000077c10000 - 0x0000000077c17000 	C:\Windows\system32\PSAPI.DLL
0x000000006d480000 - 0x000000006d48f000 	C:\Program Files\Java\jre1.8.0_71\bin\verify.dll
0x000000006a830000 - 0x000000006a859000 	C:\Program Files\Java\jre1.8.0_71\bin\java.dll
0x000000006af90000 - 0x000000006afa6000 	C:\Program Files\Java\jre1.8.0_71\bin\zip.dll
0x000007fefe400000 - 0x000007feff18a000 	C:\Windows\system32\SHELL32.dll
0x000007feff490000 - 0x000007feff693000 	C:\Windows\system32\ole32.dll
0x000007fefd7d0000 - 0x000007fefd7df000 	C:\Windows\system32\profapi.dll
0x000007fefcfd0000 - 0x000007fefcfe8000 	C:\Windows\system32\CRYPTSP.dll
0x000007fefccb0000 - 0x000007fefccf7000 	C:\Windows\system32\rsaenh.dll
0x000007fefd970000 - 0x000007fefd98e000 	C:\Windows\system32\USERENV.dll
0x000007fefd630000 - 0x000007fefd63f000 	C:\Windows\system32\CRYPTBASE.dll
0x0000000064e10000 - 0x0000000064e2a000 	C:\Program Files\Java\jre1.8.0_71\bin\net.dll
0x000007fefcf70000 - 0x000007fefcfc5000 	C:\Windows\system32\mswsock.dll
0x000007fefcf60000 - 0x000007fefcf67000 	C:\Windows\System32\wship6.dll
0x000007fef9eb0000 - 0x000007fef9ed7000 	C:\Windows\system32\IPHLPAPI.DLL
0x000007fef9ea0000 - 0x000007fef9eab000 	C:\Windows\system32\WINNSI.DLL
0x000007fef9c90000 - 0x000007fef9ca8000 	C:\Windows\system32\dhcpcsvc.DLL
0x000007fef9c70000 - 0x000007fef9c81000 	C:\Windows\system32\dhcpcsvc6.DLL
0x0000000067320000 - 0x0000000067331000 	C:\Program Files\Java\jre1.8.0_71\bin\nio.dll
0x000007fefcdd0000 - 0x000007fefce2b000 	C:\Windows\system32\DNSAPI.dll
0x000007fef6c80000 - 0x000007fef6c95000 	C:\Windows\system32\napinsp.dll
0x000007fef6c60000 - 0x000007fef6c79000 	C:\Windows\system32\pnrpnsp.dll
0x000007fef6c50000 - 0x000007fef6c5b000 	C:\Windows\System32\winrnr.dll
0x000007fefc970000 - 0x000007fefc977000 	C:\Windows\System32\wshtcpip.dll
0x000007fef8670000 - 0x000007fef8678000 	C:\Windows\system32\rasadhlp.dll
0x000007fef9d10000 - 0x000007fef9d63000 	C:\Windows\System32\fwpuclnt.dll
0x000000006d580000 - 0x000000006d63d000 	C:\Users\fyrweorm\AppData\Local\Temp\sqlite-3.8.11.2-6a3c872e-e6ea-476f-8fbe-343c9a284d2a-sqlitejdbc.dll
0x000007fefaab0000 - 0x000007fefabd5000 	C:\Windows\system32\dbghelp.dll

VM Arguments:
jvm_args: -Dfile.encoding=Cp1252 
java_command: server.Main
java_class_path (initial): C:\Users\fyrweorm\Desktop\Programmation\eclipse\WorkProjects\Exercice_RMI_Guess_Word_Multiplayer_RMI\bin;C:\Users\fyrweorm\Desktop\Programmation\eclipse\WorkProjects\000 - Files\sqlite-jdbc-3.8.11.2.jar
Launcher Type: SUN_STANDARD

Environment Variables:
PATH=C:/Program Files/Java/jre1.8.0_71/bin/server;C:/Program Files/Java/jre1.8.0_71/bin;C:/Program Files/Java/jre1.8.0_71/lib/amd64;C:\ProgramData\Oracle\Java\javapath;C:\Program Files (x86)\NVIDIA Corporation\PhysX\Common;C:\Windows\system32;C:\Windows;C:\Windows\System32\Wbem;C:\Windows\System32\WindowsPowerShell\v1.0\;C:\Program Files (x86)\Brackets\command;C:\Program Files (x86)\Skype\Phone\;C:\Users\fyrweorm\Desktop\Programmation\eclipse;
USERNAME=fyrweorm
OS=Windows_NT
PROCESSOR_IDENTIFIER=Intel64 Family 6 Model 23 Stepping 6, GenuineIntel



---------------  S Y S T E M  ---------------

OS: Windows 7 , 64 bit Build 7601 (6.1.7601.19135)

CPU:total 2 (2 cores per cpu, 1 threads per core) family 6 model 23 stepping 6, cmov, cx8, fxsr, mmx, sse, sse2, sse3, ssse3, sse4.1, tsc

Memory: 4k page, physical 4192464k(1069636k free), swap 8383092k(3866724k free)

vm_info: Java HotSpot(TM) 64-Bit Server VM (25.71-b15) for windows-amd64 JRE (1.8.0_71-b15), built on Dec 22 2015 18:15:55 by "java_re" with MS VC++ 10.0 (VS2010)

time: Thu Feb 11 19:50:01 2016
elapsed time: 34 seconds (0d 0h 0m 34s)

