#
# A fatal error has been detected by the Java Runtime Environment:
#
#  EXCEPTION_ACCESS_VIOLATION (0xc0000005) at pc=0x000000006d58f1c7, pid=7648, tid=8092
#
# JRE version: Java(TM) SE Runtime Environment (8.0_71-b15) (build 1.8.0_71-b15)
# Java VM: Java HotSpot(TM) 64-Bit Server VM (25.71-b15 mixed mode windows-amd64 compressed oops)
# Problematic frame:
# C  [sqlite-3.8.11.2-211cc7eb-dbb4-4b5b-804d-8e673a919837-sqlitejdbc.dll+0xf1c7]
#
# Failed to write core dump. Minidumps are not enabled by default on client versions of Windows
#
# If you would like to submit a bug report, please visit:
#   http://bugreport.java.com/bugreport/crash.jsp
# The crash happened outside the Java Virtual Machine in native code.
# See problematic frame for where to report the bug.
#

---------------  T H R E A D  ---------------

Current thread (0x0000000054b08000):  JavaThread "RMI TCP Connection(4)-192.168.1.10" daemon [_thread_in_native, id=8092, stack(0x0000000057b50000,0x0000000057c50000)]

siginfo: ExceptionCode=0xc0000005, reading address 0xffffffffffffffff

Registers:
RAX=0x0000000000000000, RBX=0x000000000017db33, RCX=0x000000000017db33, RDX=0x73726573555c3a43
RSP=0x0000000057c4cb50, RBP=0x0000000057c4cd68, RSI=0x0000000054415220, RDI=0x00000000000002d8
R8 =0x000000000017d7b0, R9 =0x0000000000000000, R10=0x000000000247433f, R11=0x000000005e669530
R12=0x0000000000000000, R13=0x000000005458b0c8, R14=0x0000000057c4cda0, R15=0x0000000054b08000
RIP=0x000000006d58f1c7, EFLAGS=0x0000000000010202

Top of Stack: (sp=0x0000000057c4cb50)
0x0000000057c4cb50:   0000000000000bad 0000000000000bad
0x0000000057c4cb60:   0000000056f49bc0 0000000000000001
0x0000000057c4cb70:   0000000054b08000 000000005e659312
0x0000000057c4cb80:   0000000056f046e0 0000000000000000
0x0000000057c4cb90:   0000000000000000 0000000056f49bc0
0x0000000057c4cba0:   0000000056f50318 000000005e65aaae
0x0000000057c4cbb0:   0000000054b08000 0000000000000000
0x0000000057c4cbc0:   000000005458b0c8 000007fe00000001
0x0000000057c4cbd0:   0000000000000005 0000000054b08000
0x0000000057c4cbe0:   0000000057c4cd01 0000000056362cf0
0x0000000057c4cbf0:   0000000054b08000 000000000017db33
0x0000000057c4cc00:   00000000000002d8 000000006d58f348
0x0000000057c4cc10:   00000000eb0bc428 00000000c0057a80
0x0000000057c4cc20:   0000000000000001 00000000eb29f700
0x0000000057c4cc30:   000000000017f3d8 0000000054415220
0x0000000057c4cc40:   00000000000002d8 000000006d59948f 

Instructions: (pc=0x000000006d58f1c7)
0x000000006d58f1a7:   ff ff ff 66 0f 1f 44 00 00 57 53 48 81 ec a8 00
0x000000006d58f1b7:   00 00 31 c0 48 85 d2 48 89 cb 0f 84 b5 00 00 00
0x000000006d58f1c7:   4c 8b 52 28 4d 85 d2 0f 84 a8 00 00 00 4c 8d 44
0x000000006d58f1d7:   24 20 31 c0 b9 07 00 00 00 4c 8d 4c 24 60 4c 89 


Register to memory mapping:

RAX=0x0000000000000000 is an unknown value
RBX=0x000000000017db33 is an unknown value
RCX=0x000000000017db33 is an unknown value
RDX=0x73726573555c3a43 is an unknown value
RSP=0x0000000057c4cb50 is pointing into the stack for thread: 0x0000000054b08000
RBP=0x0000000057c4cd68 is pointing into the stack for thread: 0x0000000054b08000
RSI=0x0000000054415220 is pointing into metadata
RDI=0x00000000000002d8 is an unknown value
R8 =0x000000000017d7b0 is an unknown value
R9 =0x0000000000000000 is an unknown value
R10=0x000000000247433f is at code_begin+1215 in an Interpreter codelet
method entry point (kind = native_synchronized)  [0x0000000002473e80, 0x0000000002474940]  2752 bytes
R11=0x000000005e669530 is an unknown value
R12=0x0000000000000000 is an unknown value
R13={method} {0x000000005458b0d0} 'column_int' '(JI)I' in 'org/sqlite/core/NativeDB'
R14=0x0000000057c4cda0 is pointing into the stack for thread: 0x0000000054b08000
R15=0x0000000054b08000 is a thread


Stack: [0x0000000057b50000,0x0000000057c50000],  sp=0x0000000057c4cb50,  free space=1010k
Native frames: (J=compiled Java code, j=interpreted, Vv=VM code, C=native code)
C  [sqlite-3.8.11.2-211cc7eb-dbb4-4b5b-804d-8e673a919837-sqlitejdbc.dll+0xf1c7]
C  [sqlite-3.8.11.2-211cc7eb-dbb4-4b5b-804d-8e673a919837-sqlitejdbc.dll+0xf348]
C  [sqlite-3.8.11.2-211cc7eb-dbb4-4b5b-804d-8e673a919837-sqlitejdbc.dll+0x1948f]
C  [sqlite-3.8.11.2-211cc7eb-dbb4-4b5b-804d-8e673a919837-sqlitejdbc.dll+0x195ae]
C  0x000000000247436b

Java frames: (J=compiled Java code, j=interpreted, Vv=VM code)
j  org.sqlite.core.NativeDB.column_int(JI)I+0
j  org.sqlite.jdbc3.JDBC3ResultSet.getInt(I)I+16
j  org.sqlite.jdbc3.JDBC3ResultSet.getInt(Ljava/lang/String;)I+6
j  server.WordsDatabase.getHelp(Ljava/lang/String;)[Ljava/lang/String;+61
j  server.ServerWG.getHelp(Ljava/lang/String;)[Ljava/lang/String;+5
v  ~StubRoutines::call_stub
j  sun.reflect.NativeMethodAccessorImpl.invoke0(Ljava/lang/reflect/Method;Ljava/lang/Object;[Ljava/lang/Object;)Ljava/lang/Object;+0
j  sun.reflect.NativeMethodAccessorImpl.invoke(Ljava/lang/Object;[Ljava/lang/Object;)Ljava/lang/Object;+100
j  sun.reflect.DelegatingMethodAccessorImpl.invoke(Ljava/lang/Object;[Ljava/lang/Object;)Ljava/lang/Object;+6
j  java.lang.reflect.Method.invoke(Ljava/lang/Object;[Ljava/lang/Object;)Ljava/lang/Object;+56
j  sun.rmi.server.UnicastServerRef.dispatch(Ljava/rmi/Remote;Ljava/rmi/server/RemoteCall;)V+242
j  sun.rmi.transport.Transport$1.run()Ljava/lang/Void;+23
j  sun.rmi.transport.Transport$1.run()Ljava/lang/Object;+1
v  ~StubRoutines::call_stub
J 545  java.security.AccessController.doPrivileged(Ljava/security/PrivilegedExceptionAction;Ljava/security/AccessControlContext;)Ljava/lang/Object; (0 bytes) @ 0x000000000267db66 [0x000000000267db00+0x66]
J 633 C1 sun.rmi.transport.Transport.serviceCall(Ljava/rmi/server/RemoteCall;)Z (380 bytes) @ 0x00000000026acbdc [0x00000000026aab60+0x207c]
j  sun.rmi.transport.tcp.TCPTransport.handleMessages(Lsun/rmi/transport/Connection;Z)V+185
j  sun.rmi.transport.tcp.TCPTransport$ConnectionHandler.run0()V+685
j  sun.rmi.transport.tcp.TCPTransport$ConnectionHandler.lambda$run$256()Ljava/lang/Void;+1
j  sun.rmi.transport.tcp.TCPTransport$ConnectionHandler$$Lambda$1.run()Ljava/lang/Object;+4
v  ~StubRoutines::call_stub
j  java.security.AccessController.doPrivileged(Ljava/security/PrivilegedAction;Ljava/security/AccessControlContext;)Ljava/lang/Object;+0
j  sun.rmi.transport.tcp.TCPTransport$ConnectionHandler.run()V+58
j  java.util.concurrent.ThreadPoolExecutor.runWorker(Ljava/util/concurrent/ThreadPoolExecutor$Worker;)V+95
j  java.util.concurrent.ThreadPoolExecutor$Worker.run()V+5
j  java.lang.Thread.run()V+11
v  ~StubRoutines::call_stub

---------------  P R O C E S S  ---------------

Java Threads: ( => current thread )
=>0x0000000054b08000 JavaThread "RMI TCP Connection(4)-192.168.1.10" daemon [_thread_in_native, id=8092, stack(0x0000000057b50000,0x0000000057c50000)]
  0x000000005640b000 JavaThread "RMI TCP Connection(3)-192.168.1.10" daemon [_thread_in_native, id=7600, stack(0x0000000057740000,0x0000000057840000)]
  0x000000000015d800 JavaThread "DestroyJavaVM" [_thread_blocked, id=7748, stack(0x0000000002090000,0x0000000002190000)]
  0x0000000056f49000 JavaThread "RMI TCP Connection(6)-192.168.1.10" daemon [_thread_in_native, id=4496, stack(0x0000000057980000,0x0000000057a80000)]
  0x0000000056f48800 JavaThread "RMI RenewClean-[192.168.1.10:54492]" daemon [_thread_blocked, id=6092, stack(0x0000000057840000,0x0000000057940000)]
  0x0000000056eff000 JavaThread "RMI Scheduler(0)" daemon [_thread_blocked, id=4348, stack(0x0000000056bc0000,0x0000000056cc0000)]
  0x000000005640d000 JavaThread "RMI TCP Connection(5)-192.168.1.10" daemon [_thread_in_native, id=1136, stack(0x0000000056de0000,0x0000000056ee0000)]
  0x0000000056351800 JavaThread "GC Daemon" daemon [_thread_blocked, id=7324, stack(0x0000000056cc0000,0x0000000056dc0000)]
  0x00000000563b9800 JavaThread "RMI Reaper" [_thread_blocked, id=8916, stack(0x00000000565f0000,0x00000000566f0000)]
  0x00000000563c0800 JavaThread "RMI TCP Accept-0" daemon [_thread_in_native, id=7296, stack(0x0000000056990000,0x0000000056a90000)]
  0x00000000563af800 JavaThread "RMI TCP Accept-1099" daemon [_thread_in_native, id=7832, stack(0x00000000567f0000,0x00000000568f0000)]
  0x0000000054b57800 JavaThread "Service Thread" daemon [_thread_blocked, id=5520, stack(0x00000000560e0000,0x00000000561e0000)]
  0x0000000054b52800 JavaThread "C1 CompilerThread1" daemon [_thread_blocked, id=7964, stack(0x0000000055f00000,0x0000000056000000)]
  0x0000000054af9000 JavaThread "C2 CompilerThread0" daemon [_thread_blocked, id=8936, stack(0x0000000055d10000,0x0000000055e10000)]
  0x0000000054af7000 JavaThread "Attach Listener" daemon [_thread_blocked, id=5304, stack(0x0000000055c10000,0x0000000055d10000)]
  0x0000000054afb800 JavaThread "Signal Dispatcher" daemon [_thread_blocked, id=612, stack(0x0000000055a60000,0x0000000055b60000)]
  0x0000000054a9b800 JavaThread "Finalizer" daemon [_thread_blocked, id=3696, stack(0x00000000558f0000,0x00000000559f0000)]
  0x0000000054a94800 JavaThread "Reference Handler" daemon [_thread_blocked, id=4956, stack(0x0000000055640000,0x0000000055740000)]

Other Threads:
  0x0000000054a8c800 VMThread [stack: 0x0000000055450000,0x0000000055550000] [id=7520]
  0x00000000561f2800 WatcherThread [stack: 0x0000000001f90000,0x0000000002090000] [id=6180]

VM state:not at safepoint (normal execution)

VM Mutex/Monitor currently owned by a thread: None

Heap:
 PSYoungGen      total 18944K, used 8009K [0x00000000eab00000, 0x00000000ec000000, 0x0000000100000000)
  eden space 16384K, 48% used [0x00000000eab00000,0x00000000eb2d24f0,0x00000000ebb00000)
  from space 2560K, 0% used [0x00000000ebb00000,0x00000000ebb00000,0x00000000ebd80000)
  to   space 2560K, 0% used [0x00000000ebd80000,0x00000000ebd80000,0x00000000ec000000)
 ParOldGen       total 44032K, used 546K [0x00000000c0000000, 0x00000000c2b00000, 0x00000000eab00000)
  object space 44032K, 1% used [0x00000000c0000000,0x00000000c0088a80,0x00000000c2b00000)
 Metaspace       used 7635K, capacity 7810K, committed 7936K, reserved 1056768K
  class space    used 899K, capacity 965K, committed 1024K, reserved 1048576K

Card table byte_map: [0x0000000011820000,0x0000000011a30000] byte_map_base: 0x0000000011220000

Marking Bits: (ParMarkBitMap*) 0x000000005ec4f600
 Begin Bits: [0x0000000011f60000, 0x0000000012f60000)
 End Bits:   [0x0000000012f60000, 0x0000000013f60000)

Polling page: 0x0000000000120000

CodeCache: size=245760Kb used=2522Kb max_used=2522Kb free=243237Kb
 bounds [0x0000000002460000, 0x00000000026e0000, 0x0000000011460000]
 total_blobs=990 nmethods=667 adapters=238
 compilation: enabled

Compilation events (10 events):
Event: 28.975 Thread 0x0000000054b52800  656       3       java.io.ObjectInputStream$BlockDataInputStream::<init> (79 bytes)
Event: 28.976 Thread 0x0000000054b52800 nmethod 656 0x00000000026cc850 code [0x00000000026cca00, 0x00000000026cd350]
Event: 28.976 Thread 0x0000000054b52800  657       3       java.io.ObjectInputStream$HandleTable::<init> (38 bytes)
Event: 28.976 Thread 0x0000000054b52800 nmethod 657 0x00000000026c1810 code [0x00000000026c1980, 0x00000000026c1d10]
Event: 28.976 Thread 0x0000000054b52800  658       3       java.io.ObjectInputStream::readStreamHeader (60 bytes)
Event: 28.978 Thread 0x0000000054b52800 nmethod 658 0x00000000026cd790 code [0x00000000026cda60, 0x00000000026cedd8]
Event: 28.978 Thread 0x0000000054b52800  659       3       sun.rmi.transport.ConnectionOutputStream::<init> (45 bytes)
Event: 28.979 Thread 0x0000000054b52800 nmethod 659 0x00000000026cfbd0 code [0x00000000026cfde0, 0x00000000026d0828]
Event: 28.981 Thread 0x0000000054b52800  660       3       java.io.File::isInvalid (47 bytes)
Event: 28.981 Thread 0x0000000054b52800 nmethod 660 0x00000000026d0ed0 code [0x00000000026d1060, 0x00000000026d1488]

GC Heap History (4 events):
Event: 0.429 GC heap before
{Heap before GC invocations=1 (full 0):
 PSYoungGen      total 18944K, used 3280K [0x00000000eab00000, 0x00000000ec000000, 0x0000000100000000)
  eden space 16384K, 20% used [0x00000000eab00000,0x00000000eae34210,0x00000000ebb00000)
  from space 2560K, 0% used [0x00000000ebd80000,0x00000000ebd80000,0x00000000ec000000)
  to   space 2560K, 0% used [0x00000000ebb00000,0x00000000ebb00000,0x00000000ebd80000)
 ParOldGen       total 44032K, used 0K [0x00000000c0000000, 0x00000000c2b00000, 0x00000000eab00000)
  object space 44032K, 0% used [0x00000000c0000000,0x00000000c0000000,0x00000000c2b00000)
 Metaspace       used 4479K, capacity 4732K, committed 4992K, reserved 1056768K
  class space    used 523K, capacity 556K, committed 640K, reserved 1048576K
Event: 0.432 GC heap after
Heap after GC invocations=1 (full 0):
 PSYoungGen      total 18944K, used 608K [0x00000000eab00000, 0x00000000ec000000, 0x0000000100000000)
  eden space 16384K, 0% used [0x00000000eab00000,0x00000000eab00000,0x00000000ebb00000)
  from space 2560K, 23% used [0x00000000ebb00000,0x00000000ebb98020,0x00000000ebd80000)
  to   space 2560K, 0% used [0x00000000ebd80000,0x00000000ebd80000,0x00000000ec000000)
 ParOldGen       total 44032K, used 8K [0x00000000c0000000, 0x00000000c2b00000, 0x00000000eab00000)
  object space 44032K, 0% used [0x00000000c0000000,0x00000000c0002000,0x00000000c2b00000)
 Metaspace       used 4479K, capacity 4732K, committed 4992K, reserved 1056768K
  class space    used 523K, capacity 556K, committed 640K, reserved 1048576K
}
Event: 0.432 GC heap before
{Heap before GC invocations=2 (full 1):
 PSYoungGen      total 18944K, used 608K [0x00000000eab00000, 0x00000000ec000000, 0x0000000100000000)
  eden space 16384K, 0% used [0x00000000eab00000,0x00000000eab00000,0x00000000ebb00000)
  from space 2560K, 23% used [0x00000000ebb00000,0x00000000ebb98020,0x00000000ebd80000)
  to   space 2560K, 0% used [0x00000000ebd80000,0x00000000ebd80000,0x00000000ec000000)
 ParOldGen       total 44032K, used 8K [0x00000000c0000000, 0x00000000c2b00000, 0x00000000eab00000)
  object space 44032K, 0% used [0x00000000c0000000,0x00000000c0002000,0x00000000c2b00000)
 Metaspace       used 4479K, capacity 4732K, committed 4992K, reserved 1056768K
  class space    used 523K, capacity 556K, committed 640K, reserved 1048576K
Event: 0.444 GC heap after
Heap after GC invocations=2 (full 1):
 PSYoungGen      total 18944K, used 0K [0x00000000eab00000, 0x00000000ec000000, 0x0000000100000000)
  eden space 16384K, 0% used [0x00000000eab00000,0x00000000eab00000,0x00000000ebb00000)
  from space 2560K, 0% used [0x00000000ebb00000,0x00000000ebb00000,0x00000000ebd80000)
  to   space 2560K, 0% used [0x00000000ebd80000,0x00000000ebd80000,0x00000000ec000000)
 ParOldGen       total 44032K, used 546K [0x00000000c0000000, 0x00000000c2b00000, 0x00000000eab00000)
  object space 44032K, 1% used [0x00000000c0000000,0x00000000c0088a80,0x00000000c2b00000)
 Metaspace       used 4479K, capacity 4732K, committed 4992K, reserved 1056768K
  class space    used 523K, capacity 556K, committed 640K, reserved 1048576K
}

Deoptimization events (1 events):
Event: 0.786 Thread 0x000000000015d800 Uncommon trap: reason=unstable_if action=reinterpret pc=0x00000000025f82a8 method=org.sqlite.SQLiteJDBCLoader.contentsEquals(Ljava/io/InputStream;Ljava/io/InputStream;)Z @ 39

Internal exceptions (10 events):
Event: 0.059 Thread 0x000000000015d800 Exception <a 'java/lang/NoSuchMethodError': Method sun.misc.Unsafe.prefetchRead(Ljava/lang/Object;J)V name or signature does not match> (0x00000000eab0d8e8) thrown at [C:\re\workspace\8-2-build-windows-amd64-cygwin\jdk8u71\5731\hotspot\src\share\vm\prims\j¿â≥Ø«ı›?
Event: 0.468 Thread 0x000000000015d800 Exception <a 'java/security/PrivilegedActionException'> (0x00000000eab318f8) thrown at [C:\re\workspace\8-2-build-windows-amd64-cygwin\jdk8u71\5731\hotspot\src\share\vm\prims\jvm.cpp, line 1386]
Event: 0.468 Thread 0x000000000015d800 Exception <a 'java/security/PrivilegedActionException'> (0x00000000eab31cf0) thrown at [C:\re\workspace\8-2-build-windows-amd64-cygwin\jdk8u71\5731\hotspot\src\share\vm\prims\jvm.cpp, line 1386]
Event: 0.469 Thread 0x000000000015d800 Exception <a 'java/security/PrivilegedActionException'> (0x00000000eab35b10) thrown at [C:\re\workspace\8-2-build-windows-amd64-cygwin\jdk8u71\5731\hotspot\src\share\vm\prims\jvm.cpp, line 1386]
Event: 0.469 Thread 0x000000000015d800 Exception <a 'java/security/PrivilegedActionException'> (0x00000000eab35f08) thrown at [C:\re\workspace\8-2-build-windows-amd64-cygwin\jdk8u71\5731\hotspot\src\share\vm\prims\jvm.cpp, line 1386]
Event: 0.903 Thread 0x000000005640d000 Exception <a 'java/lang/NoSuchFieldError': method resolution failed> (0x00000000eaeaef00) thrown at [C:\re\workspace\8-2-build-windows-amd64-cygwin\jdk8u71\5731\hotspot\src\share\vm\prims\methodHandles.cpp, line 1146]
Event: 0.918 Thread 0x000000005640d000 Exception <a 'java/lang/NoSuchFieldError': method resolution failed> (0x00000000eaebc2a0) thrown at [C:\re\workspace\8-2-build-windows-amd64-cygwin\jdk8u71\5731\hotspot\src\share\vm\prims\methodHandles.cpp, line 1146]
Event: 1.003 Thread 0x000000005640d000 Exception <a 'java/lang/NoSuchMethodError': <clinit>> (0x00000000eaf48178) thrown at [C:\re\workspace\8-2-build-windows-amd64-cygwin\jdk8u71\5731\hotspot\src\share\vm\prims\jni.cpp, line 1591]
Event: 1.008 Thread 0x000000005640d000 Exception <a 'java/lang/NoSuchMethodError': <clinit>> (0x00000000eb03ca78) thrown at [C:\re\workspace\8-2-build-windows-amd64-cygwin\jdk8u71\5731\hotspot\src\share\vm\prims\jni.cpp, line 1591]
Event: 1.012 Thread 0x0000000056f48800 Exception <a 'java/lang/InterruptedException'> (0x00000000eb040268) thrown at [C:\re\workspace\8-2-build-windows-amd64-cygwin\jdk8u71\5731\hotspot\src\share\vm\runtime\objectMonitor.cpp, line 1683]

Events (10 events):
Event: 17.713 loading class server/Game
Event: 17.713 loading class server/Game done
Event: 26.242 loading class java/util/TreeMap$KeySet
Event: 26.242 loading class java/util/TreeMap$KeySet done
Event: 26.242 loading class java/util/TreeMap$KeyIterator
Event: 26.242 loading class java/util/TreeMap$PrivateEntryIterator
Event: 26.242 loading class java/util/TreeMap$PrivateEntryIterator done
Event: 26.242 loading class java/util/TreeMap$KeyIterator done
Event: 29.059 Executing VM operation: RevokeBias
Event: 29.059 Executing VM operation: RevokeBias done


Dynamic libraries:
0x000000013f480000 - 0x000000013f4b7000 	C:\Program Files\Java\jre1.8.0_71\bin\javaw.exe
0x0000000077a50000 - 0x0000000077bfa000 	C:\Windows\SYSTEM32\ntdll.dll
0x0000000077930000 - 0x0000000077a4f000 	C:\Windows\system32\kernel32.dll
0x000007fefd9f0000 - 0x000007fefda5b000 	C:\Windows\system32\KERNELBASE.dll
0x000007fefe090000 - 0x000007fefe16b000 	C:\Windows\system32\ADVAPI32.dll
0x000007fefdcd0000 - 0x000007fefdd6f000 	C:\Windows\system32\msvcrt.dll
0x000007fefe070000 - 0x000007fefe08f000 	C:\Windows\SYSTEM32\sechost.dll
0x000007feff330000 - 0x000007feff45d000 	C:\Windows\system32\RPCRT4.dll
0x0000000077830000 - 0x000000007792a000 	C:\Windows\system32\USER32.dll
0x000007fefdc10000 - 0x000007fefdc77000 	C:\Windows\system32\GDI32.dll
0x000007feff480000 - 0x000007feff48e000 	C:\Windows\system32\LPK.dll
0x000007feff260000 - 0x000007feff32a000 	C:\Windows\system32\USP10.dll
0x000007fefc050000 - 0x000007fefc244000 	C:\Windows\WinSxS\amd64_microsoft.windows.common-controls_6595b64144ccf1df_6.0.7601.18837_none_fa3b1e3d17594757\COMCTL32.dll
0x000007fefdb90000 - 0x000007fefdc01000 	C:\Windows\system32\SHLWAPI.dll
0x000007feff190000 - 0x000007feff1be000 	C:\Windows\system32\IMM32.DLL
0x000007fefdf60000 - 0x000007fefe069000 	C:\Windows\system32\MSCTF.dll
0x00000000791b0000 - 0x0000000079282000 	C:\Program Files\Java\jre1.8.0_71\bin\msvcr100.dll
0x000000005e440000 - 0x000000005eccf000 	C:\Program Files\Java\jre1.8.0_71\bin\server\jvm.dll
0x000007fef1080000 - 0x000007fef1089000 	C:\Windows\system32\WSOCK32.dll
0x000007fefdc80000 - 0x000007fefdccd000 	C:\Windows\system32\WS2_32.dll
0x000007feff9f0000 - 0x000007feff9f8000 	C:\Windows\system32\NSI.dll
0x000007fefa3b0000 - 0x000007fefa3eb000 	C:\Windows\system32\WINMM.dll
0x000007fefc6f0000 - 0x000007fefc6fc000 	C:\Windows\system32\VERSION.dll
0x0000000077c10000 - 0x0000000077c17000 	C:\Windows\system32\PSAPI.DLL
0x000000006d480000 - 0x000000006d48f000 	C:\Program Files\Java\jre1.8.0_71\bin\verify.dll
0x000000006a830000 - 0x000000006a859000 	C:\Program Files\Java\jre1.8.0_71\bin\java.dll
0x000000006af90000 - 0x000000006afa6000 	C:\Program Files\Java\jre1.8.0_71\bin\zip.dll
0x000007fefe400000 - 0x000007feff18a000 	C:\Windows\system32\SHELL32.dll
0x000007feff490000 - 0x000007feff693000 	C:\Windows\system32\ole32.dll
0x000007fefd7d0000 - 0x000007fefd7df000 	C:\Windows\system32\profapi.dll
0x000007fefcfd0000 - 0x000007fefcfe8000 	C:\Windows\system32\CRYPTSP.dll
0x000007fefccb0000 - 0x000007fefccf7000 	C:\Windows\system32\rsaenh.dll
0x000007fefd970000 - 0x000007fefd98e000 	C:\Windows\system32\USERENV.dll
0x000007fefd630000 - 0x000007fefd63f000 	C:\Windows\system32\CRYPTBASE.dll
0x0000000064e10000 - 0x0000000064e2a000 	C:\Program Files\Java\jre1.8.0_71\bin\net.dll
0x000007fefcf70000 - 0x000007fefcfc5000 	C:\Windows\system32\mswsock.dll
0x000007fefcf60000 - 0x000007fefcf67000 	C:\Windows\System32\wship6.dll
0x000007fef9eb0000 - 0x000007fef9ed7000 	C:\Windows\system32\IPHLPAPI.DLL
0x000007fef9ea0000 - 0x000007fef9eab000 	C:\Windows\system32\WINNSI.DLL
0x000007fef9c90000 - 0x000007fef9ca8000 	C:\Windows\system32\dhcpcsvc.DLL
0x000007fef9c70000 - 0x000007fef9c81000 	C:\Windows\system32\dhcpcsvc6.DLL
0x0000000067320000 - 0x0000000067331000 	C:\Program Files\Java\jre1.8.0_71\bin\nio.dll
0x000007fefcdd0000 - 0x000007fefce2b000 	C:\Windows\system32\DNSAPI.dll
0x000007fef6c80000 - 0x000007fef6c95000 	C:\Windows\system32\napinsp.dll
0x000007fef6c60000 - 0x000007fef6c79000 	C:\Windows\system32\pnrpnsp.dll
0x000007fef6c50000 - 0x000007fef6c5b000 	C:\Windows\System32\winrnr.dll
0x000007fefc970000 - 0x000007fefc977000 	C:\Windows\System32\wshtcpip.dll
0x000007fef8670000 - 0x000007fef8678000 	C:\Windows\system32\rasadhlp.dll
0x000007fef9d10000 - 0x000007fef9d63000 	C:\Windows\System32\fwpuclnt.dll
0x000000006d580000 - 0x000000006d63d000 	C:\Users\fyrweorm\AppData\Local\Temp\sqlite-3.8.11.2-211cc7eb-dbb4-4b5b-804d-8e673a919837-sqlitejdbc.dll
0x000007fefaab0000 - 0x000007fefabd5000 	C:\Windows\system32\dbghelp.dll

VM Arguments:
jvm_args: -Dfile.encoding=Cp1252 
java_command: server.Main
java_class_path (initial): C:\Users\fyrweorm\Desktop\Programmation\eclipse\WorkProjects\Exercice_RMI_Guess_Word_Multiplayer_RMI\bin;C:\Users\fyrweorm\Desktop\Programmation\eclipse\WorkProjects\000 - Files\sqlite-jdbc-3.8.11.2.jar
Launcher Type: SUN_STANDARD

Environment Variables:
PATH=C:/Program Files/Java/jre1.8.0_71/bin/server;C:/Program Files/Java/jre1.8.0_71/bin;C:/Program Files/Java/jre1.8.0_71/lib/amd64;C:\ProgramData\Oracle\Java\javapath;C:\Program Files (x86)\NVIDIA Corporation\PhysX\Common;C:\Windows\system32;C:\Windows;C:\Windows\System32\Wbem;C:\Windows\System32\WindowsPowerShell\v1.0\;C:\Program Files (x86)\Brackets\command;C:\Program Files (x86)\Skype\Phone\;C:\Users\fyrweorm\Desktop\Programmation\eclipse;
USERNAME=fyrweorm
OS=Windows_NT
PROCESSOR_IDENTIFIER=Intel64 Family 6 Model 23 Stepping 6, GenuineIntel



---------------  S Y S T E M  ---------------

OS: Windows 7 , 64 bit Build 7601 (6.1.7601.19135)

CPU:total 2 (2 cores per cpu, 1 threads per core) family 6 model 23 stepping 6, cmov, cx8, fxsr, mmx, sse, sse2, sse3, ssse3, sse4.1, tsc

Memory: 4k page, physical 4192464k(848720k free), swap 8383092k(3486564k free)

vm_info: Java HotSpot(TM) 64-Bit Server VM (25.71-b15) for windows-amd64 JRE (1.8.0_71-b15), built on Dec 22 2015 18:15:55 by "java_re" with MS VC++ 10.0 (VS2010)

time: Thu Feb 11 20:12:40 2016
elapsed time: 29 seconds (0d 0h 0m 29s)

